{
"D:\\code\\unit-test-pro\\src\\one.js":{"path":"D:\\code\\unit-test-pro\\src\\one.js","s":{"1":1,"2":1,"3":1,"4":1,"5":0,"6":1,"7":1,"8":1,"9":0,"10":0,"11":0,"12":0,"13":0,"14":0,"15":0,"16":0,"17":0,"18":0,"19":0,"20":0,"21":0,"22":0,"23":0,"24":0,"25":0,"26":1,"27":0},"b":{"1":[0,1],"2":[0,0],"3":[0,0,0],"4":[0,0],"5":[0,0],"6":[0,0],"7":[0,0,0,0],"8":[0,0],"9":[0,0],"10":[0,0],"11":[0,0]},"f":{"1":1,"2":1,"3":0,"4":0,"5":0,"6":0,"7":0,"8":0,"9":0,"10":0,"11":1},"fnMap":{"1":{"name":"(anonymous_1)","line":1,"loc":{"start":{"line":1,"column":1},"end":{"line":1,"column":12}}},"2":{"name":"r","line":1,"loc":{"start":{"line":1,"column":22},"end":{"line":1,"column":35}}},"3":{"name":"(anonymous_3)","line":1,"loc":{"start":{"line":1,"column":172},"end":{"line":1,"column":187}}},"4":{"name":"(anonymous_4)","line":1,"loc":{"start":{"line":1,"column":252},"end":{"line":1,"column":263}}},"5":{"name":"(anonymous_5)","line":1,"loc":{"start":{"line":1,"column":427},"end":{"line":1,"column":440}}},"6":{"name":"(anonymous_6)","line":1,"loc":{"start":{"line":1,"column":666},"end":{"line":1,"column":677}}},"7":{"name":"(anonymous_7)","line":1,"loc":{"start":{"line":1,"column":719},"end":{"line":1,"column":730}}},"8":{"name":"(anonymous_8)","line":1,"loc":{"start":{"line":1,"column":753},"end":{"line":1,"column":763}}},"9":{"name":"(anonymous_9)","line":1,"loc":{"start":{"line":1,"column":782},"end":{"line":1,"column":792}}},"10":{"name":"(anonymous_10)","line":1,"loc":{"start":{"line":1,"column":830},"end":{"line":1,"column":843}}},"11":{"name":"(anonymous_11)","line":1,"loc":{"start":{"line":1,"column":933},"end":{"line":1,"column":948}}}},"statementMap":{"1":{"start":{"line":1,"column":0},"end":{"line":1,"column":994}},"2":{"start":{"line":1,"column":13},"end":{"line":1,"column":22}},"3":{"start":{"line":1,"column":22},"end":{"line":1,"column":156}},"4":{"start":{"line":1,"column":36},"end":{"line":1,"column":64}},"5":{"start":{"line":1,"column":44},"end":{"line":1,"column":64}},"6":{"start":{"line":1,"column":64},"end":{"line":1,"column":97}},"7":{"start":{"line":1,"column":97},"end":{"line":1,"column":155}},"8":{"start":{"line":1,"column":156},"end":{"line":1,"column":927}},"9":{"start":{"line":1,"column":188},"end":{"line":1,"column":246}},"10":{"start":{"line":1,"column":264},"end":{"line":1,"column":421}},"11":{"start":{"line":1,"column":441},"end":{"line":1,"column":471}},"12":{"start":{"line":1,"column":462},"end":{"line":1,"column":471}},"13":{"start":{"line":1,"column":471},"end":{"line":1,"column":524}},"14":{"start":{"line":1,"column":515},"end":{"line":1,"column":524}},"15":{"start":{"line":1,"column":524},"end":{"line":1,"column":550}},"16":{"start":{"line":1,"column":550},"end":{"line":1,"column":705}},"17":{"start":{"line":1,"column":643},"end":{"line":1,"column":705}},"18":{"start":{"line":1,"column":658},"end":{"line":1,"column":705}},"19":{"start":{"line":1,"column":678},"end":{"line":1,"column":689}},"20":{"start":{"line":1,"column":705},"end":{"line":1,"column":713}},"21":{"start":{"line":1,"column":731},"end":{"line":1,"column":803}},"22":{"start":{"line":1,"column":764},"end":{"line":1,"column":780}},"23":{"start":{"line":1,"column":793},"end":{"line":1,"column":801}},"24":{"start":{"line":1,"column":803},"end":{"line":1,"column":824}},"25":{"start":{"line":1,"column":844},"end":{"line":1,"column":892}},"26":{"start":{"line":1,"column":962},"end":{"line":1,"column":990}},"27":{"start":{"line":1,"column":976},"end":{"line":1,"column":990}}},"branchMap":{"1":{"line":1,"type":"if","locations":[{"start":{"line":1,"column":36},"end":{"line":1,"column":36}},{"start":{"line":1,"column":36},"end":{"line":1,"column":36}}]},"2":{"line":1,"type":"binary-expr","locations":[{"start":{"line":1,"column":188},"end":{"line":1,"column":196}},{"start":{"line":1,"column":198},"end":{"line":1,"column":246}}]},"3":{"line":1,"type":"binary-expr","locations":[{"start":{"line":1,"column":264},"end":{"line":1,"column":290}},{"start":{"line":1,"column":292},"end":{"line":1,"column":310}},{"start":{"line":1,"column":312},"end":{"line":1,"column":372}}]},"4":{"line":1,"type":"if","locations":[{"start":{"line":1,"column":441},"end":{"line":1,"column":441}},{"start":{"line":1,"column":441},"end":{"line":1,"column":441}}]},"5":{"line":1,"type":"binary-expr","locations":[{"start":{"line":1,"column":444},"end":{"line":1,"column":447}},{"start":{"line":1,"column":450},"end":{"line":1,"column":456}}]},"6":{"line":1,"type":"if","locations":[{"start":{"line":1,"column":471},"end":{"line":1,"column":471}},{"start":{"line":1,"column":471},"end":{"line":1,"column":471}}]},"7":{"line":1,"type":"binary-expr","locations":[{"start":{"line":1,"column":474},"end":{"line":1,"column":477}},{"start":{"line":1,"column":479},"end":{"line":1,"column":497}},{"start":{"line":1,"column":499},"end":{"line":1,"column":500}},{"start":{"line":1,"column":502},"end":{"line":1,"column":514}}]},"8":{"line":1,"type":"if","locations":[{"start":{"line":1,"column":550},"end":{"line":1,"column":550}},{"start":{"line":1,"column":550},"end":{"line":1,"column":550}}]},"9":{"line":1,"type":"binary-expr","locations":[{"start":{"line":1,"column":619},"end":{"line":1,"column":622}},{"start":{"line":1,"column":624},"end":{"line":1,"column":642}}]},"10":{"line":1,"type":"cond-expr","locations":[{"start":{"line":1,"column":753},"end":{"line":1,"column":781}},{"start":{"line":1,"column":782},"end":{"line":1,"column":802}}]},"11":{"line":1,"type":"binary-expr","locations":[{"start":{"line":1,"column":737},"end":{"line":1,"column":738}},{"start":{"line":1,"column":740},"end":{"line":1,"column":752}}]}},"l":{"1":1}},
"D:\\code\\unit-test-pro\\src\\promise.js":{"path":"D:\\code\\unit-test-pro\\src\\promise.js","s":{"1":1,"2":1,"3":1,"4":1,"5":0,"6":1,"7":1,"8":1,"9":0,"10":0,"11":0,"12":0,"13":0,"14":0,"15":0,"16":0,"17":0,"18":0,"19":0,"20":0,"21":0,"22":0,"23":0,"24":0,"25":0,"26":1,"27":0,"28":0,"29":0},"b":{"1":[0,1],"2":[0,0],"3":[0,0,0],"4":[0,0],"5":[0,0],"6":[0,0],"7":[0,0,0,0],"8":[0,0],"9":[0,0],"10":[0,0],"11":[0,0]},"f":{"1":1,"2":1,"3":0,"4":0,"5":0,"6":0,"7":0,"8":0,"9":0,"10":0,"11":1},"fnMap":{"1":{"name":"(anonymous_1)","line":1,"loc":{"start":{"line":1,"column":1},"end":{"line":1,"column":12}}},"2":{"name":"r","line":1,"loc":{"start":{"line":1,"column":22},"end":{"line":1,"column":35}}},"3":{"name":"(anonymous_3)","line":1,"loc":{"start":{"line":1,"column":172},"end":{"line":1,"column":187}}},"4":{"name":"(anonymous_4)","line":1,"loc":{"start":{"line":1,"column":252},"end":{"line":1,"column":263}}},"5":{"name":"(anonymous_5)","line":1,"loc":{"start":{"line":1,"column":427},"end":{"line":1,"column":440}}},"6":{"name":"(anonymous_6)","line":1,"loc":{"start":{"line":1,"column":666},"end":{"line":1,"column":677}}},"7":{"name":"(anonymous_7)","line":1,"loc":{"start":{"line":1,"column":719},"end":{"line":1,"column":730}}},"8":{"name":"(anonymous_8)","line":1,"loc":{"start":{"line":1,"column":753},"end":{"line":1,"column":763}}},"9":{"name":"(anonymous_9)","line":1,"loc":{"start":{"line":1,"column":782},"end":{"line":1,"column":792}}},"10":{"name":"(anonymous_10)","line":1,"loc":{"start":{"line":1,"column":830},"end":{"line":1,"column":843}}},"11":{"name":"(anonymous_11)","line":1,"loc":{"start":{"line":1,"column":929},"end":{"line":1,"column":944}}}},"statementMap":{"1":{"start":{"line":1,"column":0},"end":{"line":1,"column":1028}},"2":{"start":{"line":1,"column":13},"end":{"line":1,"column":22}},"3":{"start":{"line":1,"column":22},"end":{"line":1,"column":156}},"4":{"start":{"line":1,"column":36},"end":{"line":1,"column":64}},"5":{"start":{"line":1,"column":44},"end":{"line":1,"column":64}},"6":{"start":{"line":1,"column":64},"end":{"line":1,"column":97}},"7":{"start":{"line":1,"column":97},"end":{"line":1,"column":155}},"8":{"start":{"line":1,"column":156},"end":{"line":1,"column":926}},"9":{"start":{"line":1,"column":188},"end":{"line":1,"column":246}},"10":{"start":{"line":1,"column":264},"end":{"line":1,"column":421}},"11":{"start":{"line":1,"column":441},"end":{"line":1,"column":471}},"12":{"start":{"line":1,"column":462},"end":{"line":1,"column":471}},"13":{"start":{"line":1,"column":471},"end":{"line":1,"column":524}},"14":{"start":{"line":1,"column":515},"end":{"line":1,"column":524}},"15":{"start":{"line":1,"column":524},"end":{"line":1,"column":550}},"16":{"start":{"line":1,"column":550},"end":{"line":1,"column":705}},"17":{"start":{"line":1,"column":643},"end":{"line":1,"column":705}},"18":{"start":{"line":1,"column":658},"end":{"line":1,"column":705}},"19":{"start":{"line":1,"column":678},"end":{"line":1,"column":689}},"20":{"start":{"line":1,"column":705},"end":{"line":1,"column":713}},"21":{"start":{"line":1,"column":731},"end":{"line":1,"column":803}},"22":{"start":{"line":1,"column":764},"end":{"line":1,"column":780}},"23":{"start":{"line":1,"column":793},"end":{"line":1,"column":801}},"24":{"start":{"line":1,"column":803},"end":{"line":1,"column":824}},"25":{"start":{"line":1,"column":844},"end":{"line":1,"column":892}},"26":{"start":{"line":1,"column":958},"end":{"line":1,"column":1024}},"27":{"start":{"line":1,"column":971},"end":{"line":1,"column":1024}},"28":{"start":{"line":1,"column":986},"end":{"line":1,"column":1023}},"29":{"start":{"line":1,"column":1002},"end":{"line":1,"column":1017}}},"branchMap":{"1":{"line":1,"type":"if","locations":[{"start":{"line":1,"column":36},"end":{"line":1,"column":36}},{"start":{"line":1,"column":36},"end":{"line":1,"column":36}}]},"2":{"line":1,"type":"binary-expr","locations":[{"start":{"line":1,"column":188},"end":{"line":1,"column":196}},{"start":{"line":1,"column":198},"end":{"line":1,"column":246}}]},"3":{"line":1,"type":"binary-expr","locations":[{"start":{"line":1,"column":264},"end":{"line":1,"column":290}},{"start":{"line":1,"column":292},"end":{"line":1,"column":310}},{"start":{"line":1,"column":312},"end":{"line":1,"column":372}}]},"4":{"line":1,"type":"if","locations":[{"start":{"line":1,"column":441},"end":{"line":1,"column":441}},{"start":{"line":1,"column":441},"end":{"line":1,"column":441}}]},"5":{"line":1,"type":"binary-expr","locations":[{"start":{"line":1,"column":444},"end":{"line":1,"column":447}},{"start":{"line":1,"column":450},"end":{"line":1,"column":456}}]},"6":{"line":1,"type":"if","locations":[{"start":{"line":1,"column":471},"end":{"line":1,"column":471}},{"start":{"line":1,"column":471},"end":{"line":1,"column":471}}]},"7":{"line":1,"type":"binary-expr","locations":[{"start":{"line":1,"column":474},"end":{"line":1,"column":477}},{"start":{"line":1,"column":479},"end":{"line":1,"column":497}},{"start":{"line":1,"column":499},"end":{"line":1,"column":500}},{"start":{"line":1,"column":502},"end":{"line":1,"column":514}}]},"8":{"line":1,"type":"if","locations":[{"start":{"line":1,"column":550},"end":{"line":1,"column":550}},{"start":{"line":1,"column":550},"end":{"line":1,"column":550}}]},"9":{"line":1,"type":"binary-expr","locations":[{"start":{"line":1,"column":619},"end":{"line":1,"column":622}},{"start":{"line":1,"column":624},"end":{"line":1,"column":642}}]},"10":{"line":1,"type":"cond-expr","locations":[{"start":{"line":1,"column":753},"end":{"line":1,"column":781}},{"start":{"line":1,"column":782},"end":{"line":1,"column":802}}]},"11":{"line":1,"type":"binary-expr","locations":[{"start":{"line":1,"column":737},"end":{"line":1,"column":738}},{"start":{"line":1,"column":740},"end":{"line":1,"column":752}}]}},"l":{"1":1}},
"D:\\code\\unit-test-pro\\src\\two.js":{"path":"D:\\code\\unit-test-pro\\src\\two.js","s":{"1":1,"2":1,"3":1,"4":1,"5":0,"6":1,"7":1,"8":1,"9":0,"10":0,"11":0,"12":0,"13":0,"14":0,"15":0,"16":0,"17":0,"18":0,"19":0,"20":0,"21":0,"22":0,"23":0,"24":0,"25":0,"26":1,"27":0,"28":0,"29":0,"30":0,"31":0,"32":0,"33":1},"b":{"1":[0,1],"2":[0,0],"3":[0,0,0],"4":[0,0],"5":[0,0],"6":[0,0],"7":[0,0,0,0],"8":[0,0],"9":[0,0],"10":[0,0],"11":[0,0],"12":[0,0],"13":[0,0],"14":[0,0]},"f":{"1":1,"2":1,"3":0,"4":0,"5":0,"6":0,"7":0,"8":0,"9":0,"10":0,"11":1,"12":0},"fnMap":{"1":{"name":"(anonymous_1)","line":1,"loc":{"start":{"line":1,"column":1},"end":{"line":1,"column":12}}},"2":{"name":"r","line":1,"loc":{"start":{"line":1,"column":22},"end":{"line":1,"column":35}}},"3":{"name":"(anonymous_3)","line":1,"loc":{"start":{"line":1,"column":172},"end":{"line":1,"column":187}}},"4":{"name":"(anonymous_4)","line":1,"loc":{"start":{"line":1,"column":252},"end":{"line":1,"column":263}}},"5":{"name":"(anonymous_5)","line":1,"loc":{"start":{"line":1,"column":427},"end":{"line":1,"column":440}}},"6":{"name":"(anonymous_6)","line":1,"loc":{"start":{"line":1,"column":666},"end":{"line":1,"column":677}}},"7":{"name":"(anonymous_7)","line":1,"loc":{"start":{"line":1,"column":719},"end":{"line":1,"column":730}}},"8":{"name":"(anonymous_8)","line":1,"loc":{"start":{"line":1,"column":753},"end":{"line":1,"column":763}}},"9":{"name":"(anonymous_9)","line":1,"loc":{"start":{"line":1,"column":782},"end":{"line":1,"column":792}}},"10":{"name":"(anonymous_10)","line":1,"loc":{"start":{"line":1,"column":830},"end":{"line":1,"column":843}}},"11":{"name":"(anonymous_11)","line":1,"loc":{"start":{"line":1,"column":933},"end":{"line":1,"column":948}}},"12":{"name":"(anonymous_12)","line":1,"loc":{"start":{"line":1,"column":970},"end":{"line":1,"column":981}}}},"statementMap":{"1":{"start":{"line":1,"column":0},"end":{"line":1,"column":1062}},"2":{"start":{"line":1,"column":13},"end":{"line":1,"column":22}},"3":{"start":{"line":1,"column":22},"end":{"line":1,"column":156}},"4":{"start":{"line":1,"column":36},"end":{"line":1,"column":64}},"5":{"start":{"line":1,"column":44},"end":{"line":1,"column":64}},"6":{"start":{"line":1,"column":64},"end":{"line":1,"column":97}},"7":{"start":{"line":1,"column":97},"end":{"line":1,"column":155}},"8":{"start":{"line":1,"column":156},"end":{"line":1,"column":927}},"9":{"start":{"line":1,"column":188},"end":{"line":1,"column":246}},"10":{"start":{"line":1,"column":264},"end":{"line":1,"column":421}},"11":{"start":{"line":1,"column":441},"end":{"line":1,"column":471}},"12":{"start":{"line":1,"column":462},"end":{"line":1,"column":471}},"13":{"start":{"line":1,"column":471},"end":{"line":1,"column":524}},"14":{"start":{"line":1,"column":515},"end":{"line":1,"column":524}},"15":{"start":{"line":1,"column":524},"end":{"line":1,"column":550}},"16":{"start":{"line":1,"column":550},"end":{"line":1,"column":705}},"17":{"start":{"line":1,"column":643},"end":{"line":1,"column":705}},"18":{"start":{"line":1,"column":658},"end":{"line":1,"column":705}},"19":{"start":{"line":1,"column":678},"end":{"line":1,"column":689}},"20":{"start":{"line":1,"column":705},"end":{"line":1,"column":713}},"21":{"start":{"line":1,"column":731},"end":{"line":1,"column":803}},"22":{"start":{"line":1,"column":764},"end":{"line":1,"column":780}},"23":{"start":{"line":1,"column":793},"end":{"line":1,"column":801}},"24":{"start":{"line":1,"column":803},"end":{"line":1,"column":824}},"25":{"start":{"line":1,"column":844},"end":{"line":1,"column":892}},"26":{"start":{"line":1,"column":962},"end":{"line":1,"column":1047}},"27":{"start":{"line":1,"column":982},"end":{"line":1,"column":1000}},"28":{"start":{"line":1,"column":989},"end":{"line":1,"column":1000}},"29":{"start":{"line":1,"column":1000},"end":{"line":1,"column":1018}},"30":{"start":{"line":1,"column":1009},"end":{"line":1,"column":1018}},"31":{"start":{"line":1,"column":1018},"end":{"line":1,"column":1030}},"32":{"start":{"line":1,"column":1030},"end":{"line":1,"column":1045}},"33":{"start":{"line":1,"column":1047},"end":{"line":1,"column":1058}}},"branchMap":{"1":{"line":1,"type":"if","locations":[{"start":{"line":1,"column":36},"end":{"line":1,"column":36}},{"start":{"line":1,"column":36},"end":{"line":1,"column":36}}]},"2":{"line":1,"type":"binary-expr","locations":[{"start":{"line":1,"column":188},"end":{"line":1,"column":196}},{"start":{"line":1,"column":198},"end":{"line":1,"column":246}}]},"3":{"line":1,"type":"binary-expr","locations":[{"start":{"line":1,"column":264},"end":{"line":1,"column":290}},{"start":{"line":1,"column":292},"end":{"line":1,"column":310}},{"start":{"line":1,"column":312},"end":{"line":1,"column":372}}]},"4":{"line":1,"type":"if","locations":[{"start":{"line":1,"column":441},"end":{"line":1,"column":441}},{"start":{"line":1,"column":441},"end":{"line":1,"column":441}}]},"5":{"line":1,"type":"binary-expr","locations":[{"start":{"line":1,"column":444},"end":{"line":1,"column":447}},{"start":{"line":1,"column":450},"end":{"line":1,"column":456}}]},"6":{"line":1,"type":"if","locations":[{"start":{"line":1,"column":471},"end":{"line":1,"column":471}},{"start":{"line":1,"column":471},"end":{"line":1,"column":471}}]},"7":{"line":1,"type":"binary-expr","locations":[{"start":{"line":1,"column":474},"end":{"line":1,"column":477}},{"start":{"line":1,"column":479},"end":{"line":1,"column":497}},{"start":{"line":1,"column":499},"end":{"line":1,"column":500}},{"start":{"line":1,"column":502},"end":{"line":1,"column":514}}]},"8":{"line":1,"type":"if","locations":[{"start":{"line":1,"column":550},"end":{"line":1,"column":550}},{"start":{"line":1,"column":550},"end":{"line":1,"column":550}}]},"9":{"line":1,"type":"binary-expr","locations":[{"start":{"line":1,"column":619},"end":{"line":1,"column":622}},{"start":{"line":1,"column":624},"end":{"line":1,"column":642}}]},"10":{"line":1,"type":"cond-expr","locations":[{"start":{"line":1,"column":753},"end":{"line":1,"column":781}},{"start":{"line":1,"column":782},"end":{"line":1,"column":802}}]},"11":{"line":1,"type":"binary-expr","locations":[{"start":{"line":1,"column":737},"end":{"line":1,"column":738}},{"start":{"line":1,"column":740},"end":{"line":1,"column":752}}]},"12":{"line":1,"type":"if","locations":[{"start":{"line":1,"column":982},"end":{"line":1,"column":982}},{"start":{"line":1,"column":982},"end":{"line":1,"column":982}}]},"13":{"line":1,"type":"if","locations":[{"start":{"line":1,"column":1000},"end":{"line":1,"column":1000}},{"start":{"line":1,"column":1000},"end":{"line":1,"column":1000}}]},"14":{"line":1,"type":"if","locations":[{"start":{"line":1,"column":1018},"end":{"line":1,"column":1018}},{"start":{"line":1,"column":1018},"end":{"line":1,"column":1018}}]}},"l":{"1":1}},
"D:\\code\\unit-test-pro\\test\\one.js":{"path":"D:\\code\\unit-test-pro\\test\\one.js","s":{"1":1,"2":1,"3":1,"4":19,"5":6,"6":13,"7":13,"8":1,"9":8,"10":2,"11":0,"12":0,"13":0,"14":0,"15":0,"16":0,"17":0,"18":0,"19":0,"20":0,"21":3,"22":0,"23":35,"24":3,"25":8,"26":1,"27":1,"28":1,"29":55,"30":0,"31":55,"32":1,"33":55,"34":55,"35":55,"36":0,"37":0,"38":1,"39":1,"40":1,"41":1,"42":50,"43":0,"44":0,"45":6,"46":0,"47":0,"48":38,"49":0,"50":0,"51":0,"52":0,"53":0,"54":0,"55":0,"56":0,"57":1,"58":1,"59":0,"60":1,"61":0,"62":0,"63":0,"64":0,"65":0,"66":0,"67":0,"68":0,"69":0,"70":0,"71":0,"72":32,"73":1,"74":1,"75":1,"76":0,"77":1,"78":1,"79":1,"80":0,"81":0,"82":0,"83":0,"84":0,"85":0,"86":0,"87":7,"88":0,"89":0,"90":0,"91":0,"92":0,"93":0,"94":0,"95":0,"96":3,"97":0,"98":1,"99":0,"100":0,"101":0,"102":0,"103":0,"104":0,"105":1,"106":1,"107":0,"108":0,"109":0,"110":0,"111":0,"112":0,"113":0,"114":1,"115":0,"116":0,"117":0,"118":0,"119":0,"120":0,"121":0,"122":0,"123":0,"124":1,"125":0,"126":0,"127":0,"128":0,"129":0,"130":0,"131":0,"132":0,"133":0,"134":0,"135":0,"136":0,"137":0,"138":0,"139":0,"140":0,"141":0,"142":0,"143":0,"144":0,"145":0,"146":0,"147":0,"148":0,"149":0,"150":0,"151":0,"152":0,"153":0,"154":0,"155":0,"156":0,"157":0,"158":0,"159":1,"160":1,"161":0,"162":0,"163":0,"164":1,"165":1,"166":0,"167":1,"168":0,"169":1,"170":1,"171":0,"172":1,"173":0,"174":1,"175":0,"176":1,"177":0,"178":0,"179":0,"180":0,"181":0,"182":1,"183":0,"184":0,"185":0,"186":1,"187":0,"188":1,"189":0,"190":19,"191":19,"192":0,"193":0,"194":0,"195":0,"196":0,"197":0,"198":0,"199":0,"200":0,"201":0,"202":0,"203":0,"204":0,"205":0,"206":0,"207":0,"208":0,"209":0,"210":0,"211":0,"212":0,"213":0,"214":0,"215":0,"216":0,"217":0,"218":0,"219":0,"220":0,"221":3,"222":0,"223":0,"224":0,"225":0,"226":0,"227":3,"228":0,"229":0,"230":3,"231":0,"232":0,"233":0,"234":0,"235":0,"236":0,"237":0,"238":0,"239":1,"240":0,"241":0,"242":2,"243":0,"244":0,"245":1,"246":1,"247":0,"248":1,"249":0,"250":1,"251":2,"252":2,"253":17,"254":2,"255":1,"256":0,"257":1,"258":0,"259":1,"260":1,"261":0,"262":1,"263":0,"264":0,"265":1,"266":0,"267":0,"268":0,"269":0,"270":1,"271":0,"272":0,"273":0,"274":0,"275":0,"276":0,"277":0,"278":0,"279":0,"280":0,"281":0,"282":45,"283":45,"284":1,"285":1,"286":0,"287":0,"288":0,"289":0,"290":0,"291":0,"292":1,"293":1,"294":0,"295":0,"296":0,"297":0,"298":1,"299":0,"300":0,"301":0,"302":0,"303":0,"304":0,"305":0,"306":1,"307":1,"308":0,"309":0,"310":0,"311":1,"312":0,"313":0,"314":0,"315":0,"316":0,"317":0,"318":0,"319":0,"320":0,"321":0,"322":0,"323":0,"324":0,"325":0,"326":1,"327":0,"328":1,"329":0,"330":0,"331":0,"332":0,"333":0,"334":0,"335":0,"336":1,"337":0,"338":0,"339":1,"340":0,"341":1,"342":0,"343":0,"344":1,"345":9,"346":0,"347":0,"348":0,"349":0,"350":0,"351":1,"352":0,"353":1,"354":0,"355":0,"356":1,"357":10,"358":0,"359":0,"360":0,"361":0,"362":1,"363":0,"364":1,"365":0,"366":0,"367":0,"368":0,"369":0,"370":0,"371":0,"372":0,"373":0,"374":0,"375":0,"376":0,"377":0,"378":0,"379":0,"380":0,"381":0,"382":0,"383":0,"384":0,"385":0,"386":0,"387":0,"388":0,"389":0,"390":1,"391":1,"392":1,"393":1,"394":1,"395":0,"396":1,"397":1,"398":1,"399":1,"400":0,"401":1,"402":1,"403":0,"404":1,"405":0,"406":1,"407":0,"408":0,"409":1,"410":0,"411":0,"412":0,"413":0,"414":0,"415":0,"416":0,"417":0,"418":0,"419":0,"420":0,"421":0,"422":1,"423":1,"424":0,"425":1,"426":0,"427":0,"428":1,"429":0,"430":1,"431":0,"432":1,"433":0,"434":0,"435":0,"436":0,"437":0,"438":0,"439":0,"440":0,"441":0,"442":0,"443":0,"444":0,"445":53,"446":0,"447":0,"448":0,"449":0,"450":0,"451":0,"452":0,"453":0,"454":0,"455":0,"456":0,"457":0,"458":0,"459":16,"460":0,"461":0,"462":0,"463":21,"464":21,"465":0,"466":21,"467":21,"468":21,"469":0,"470":0,"471":0,"472":1,"473":1,"474":0,"475":0,"476":1,"477":0,"478":1,"479":0,"480":1,"481":0,"482":0,"483":0,"484":0,"485":0,"486":0,"487":0,"488":1,"489":0,"490":0,"491":0,"492":0,"493":0,"494":0,"495":0,"496":0,"497":0,"498":0,"499":1,"500":1,"501":0,"502":1,"503":1,"504":1,"505":1,"506":0,"507":0,"508":0,"509":12,"510":1,"511":1,"512":0,"513":0,"514":0,"515":0,"516":1,"517":13,"518":1,"519":0,"520":0,"521":0,"522":1,"523":0,"524":0,"525":0,"526":0,"527":0,"528":0,"529":0,"530":0,"531":1,"532":2,"533":0,"534":0,"535":0,"536":0,"537":0,"538":0,"539":0,"540":0,"541":1,"542":0,"543":0,"544":0,"545":0,"546":0,"547":0,"548":1,"549":0,"550":0,"551":0,"552":0,"553":0,"554":0,"555":0,"556":0,"557":0,"558":0,"559":0,"560":0,"561":0,"562":0,"563":0,"564":0,"565":0,"566":1,"567":0,"568":0,"569":1,"570":1,"571":0,"572":0,"573":0,"574":0,"575":0,"576":0,"577":0,"578":0,"579":0,"580":0,"581":0,"582":0,"583":0,"584":0,"585":0,"586":0,"587":0,"588":0,"589":0,"590":0,"591":0,"592":0,"593":0,"594":0,"595":0,"596":0,"597":0,"598":0,"599":0,"600":0,"601":0,"602":0,"603":0,"604":0,"605":0,"606":0,"607":0,"608":0,"609":0,"610":1,"611":1,"612":0,"613":0,"614":0,"615":0,"616":0,"617":0,"618":0,"619":0,"620":0,"621":0,"622":0,"623":0,"624":0,"625":0,"626":0,"627":0,"628":0,"629":0,"630":0,"631":0,"632":0,"633":0,"634":0,"635":0,"636":0,"637":0,"638":0,"639":0,"640":0,"641":0,"642":0,"643":0,"644":0,"645":0,"646":1,"647":1,"648":0,"649":0,"650":0,"651":0,"652":0,"653":0,"654":0,"655":0,"656":0,"657":0,"658":0,"659":0,"660":0,"661":0,"662":0,"663":0,"664":0,"665":0,"666":0,"667":0,"668":0,"669":0,"670":0,"671":0,"672":0,"673":0,"674":0,"675":0,"676":0,"677":0,"678":1,"679":1,"680":0,"681":0,"682":0,"683":0,"684":0,"685":0,"686":0,"687":0,"688":0,"689":0,"690":0,"691":0,"692":0,"693":0,"694":0,"695":0,"696":0,"697":0,"698":0,"699":0,"700":0,"701":0,"702":0,"703":0,"704":0,"705":0,"706":0,"707":0,"708":0,"709":0,"710":0,"711":0,"712":0,"713":0,"714":0,"715":0,"716":1,"717":0,"718":0,"719":0,"720":0,"721":0,"722":0,"723":0,"724":0,"725":0,"726":0,"727":0,"728":0,"729":0,"730":0,"731":0,"732":0,"733":0,"734":0,"735":0,"736":0,"737":0,"738":0,"739":0,"740":0,"741":0,"742":0,"743":0,"744":0,"745":0,"746":0,"747":0,"748":0,"749":0,"750":0,"751":0,"752":0,"753":0,"754":0,"755":0,"756":0,"757":0,"758":0,"759":0,"760":0,"761":0,"762":0,"763":0,"764":0,"765":0,"766":0,"767":1,"768":1,"769":1,"770":1,"771":1,"772":1,"773":1,"774":1,"775":1,"776":1,"777":0,"778":0,"779":0,"780":1,"781":0,"782":0,"783":0,"784":0,"785":0,"786":0,"787":0,"788":1,"789":0,"790":0,"791":0,"792":0,"793":0,"794":0,"795":0,"796":0,"797":0,"798":0,"799":0,"800":0,"801":0,"802":0,"803":0,"804":0,"805":0,"806":0,"807":0,"808":0,"809":0,"810":0,"811":0,"812":0,"813":0,"814":0,"815":1,"816":0,"817":0,"818":0,"819":0,"820":1,"821":0,"822":0,"823":0,"824":0,"825":1,"826":0,"827":0,"828":0,"829":0,"830":0,"831":1,"832":0,"833":0,"834":0,"835":1,"836":0,"837":0,"838":0,"839":0,"840":0,"841":0,"842":0,"843":0,"844":0,"845":0,"846":0,"847":0,"848":0,"849":0,"850":0,"851":0,"852":0,"853":0,"854":1,"855":0,"856":0,"857":0,"858":0,"859":0,"860":0,"861":0,"862":0,"863":0,"864":0,"865":0,"866":0,"867":0,"868":0,"869":0,"870":0,"871":0,"872":0,"873":1,"874":0,"875":0,"876":1,"877":0,"878":0,"879":0,"880":0,"881":0,"882":0,"883":0,"884":0,"885":0,"886":0,"887":0,"888":0,"889":0,"890":0,"891":0,"892":1,"893":0,"894":0,"895":0,"896":0,"897":0,"898":1,"899":0,"900":0,"901":0,"902":0,"903":0,"904":0,"905":0,"906":0,"907":0,"908":0,"909":0,"910":0,"911":0,"912":0,"913":0,"914":0,"915":1,"916":0,"917":0,"918":0,"919":0,"920":0,"921":0,"922":0,"923":0,"924":0,"925":0,"926":0,"927":0,"928":0,"929":1,"930":0,"931":1,"932":0,"933":0,"934":0,"935":0,"936":1,"937":0,"938":1,"939":0,"940":1,"941":0,"942":0,"943":0,"944":0,"945":1,"946":0,"947":1,"948":0,"949":0,"950":0,"951":0,"952":0,"953":0,"954":0,"955":0,"956":0,"957":0,"958":0,"959":0,"960":0,"961":0,"962":0,"963":0,"964":0,"965":0,"966":0,"967":0,"968":0,"969":1,"970":0,"971":0,"972":1,"973":1,"974":1,"975":1,"976":0,"977":0,"978":0,"979":0,"980":0,"981":0,"982":0,"983":0,"984":0,"985":0,"986":0,"987":0,"988":0,"989":0,"990":0,"991":0,"992":0,"993":0,"994":0,"995":0,"996":0,"997":0,"998":0,"999":0,"1000":0,"1001":0,"1002":0,"1003":0,"1004":0,"1005":0,"1006":0,"1007":0,"1008":0,"1009":0,"1010":0,"1011":0,"1012":0,"1013":0,"1014":0,"1015":0,"1016":0,"1017":0,"1018":0,"1019":0,"1020":0,"1021":0,"1022":0,"1023":0,"1024":0,"1025":0,"1026":0,"1027":0,"1028":0,"1029":0,"1030":0,"1031":0,"1032":0,"1033":0,"1034":0,"1035":0,"1036":0,"1037":0,"1038":0,"1039":0,"1040":0,"1041":0,"1042":0,"1043":0,"1044":0,"1045":0,"1046":0,"1047":0,"1048":0,"1049":0,"1050":0,"1051":0,"1052":0,"1053":0,"1054":0,"1055":0,"1056":0,"1057":0,"1058":0,"1059":0,"1060":0,"1061":0,"1062":0,"1063":0,"1064":0,"1065":0,"1066":0,"1067":0,"1068":0,"1069":0,"1070":0,"1071":0,"1072":0,"1073":0,"1074":0,"1075":0,"1076":0,"1077":0,"1078":0,"1079":1,"1080":1,"1081":0,"1082":0,"1083":0,"1084":0,"1085":0,"1086":1,"1087":0,"1088":0,"1089":0,"1090":0,"1091":0,"1092":1,"1093":0,"1094":0,"1095":0,"1096":0,"1097":0,"1098":1,"1099":0,"1100":0,"1101":0,"1102":1,"1103":0,"1104":0,"1105":0,"1106":0,"1107":1,"1108":0,"1109":0,"1110":0,"1111":0,"1112":0,"1113":0,"1114":1,"1115":0,"1116":0,"1117":0,"1118":1,"1119":0,"1120":0,"1121":0,"1122":1,"1123":0,"1124":0,"1125":0,"1126":0,"1127":1,"1128":0,"1129":1,"1130":0,"1131":1,"1132":0,"1133":0,"1134":0,"1135":0,"1136":0,"1137":0,"1138":0,"1139":0,"1140":0,"1141":0,"1142":0,"1143":0,"1144":0,"1145":0,"1146":0,"1147":0,"1148":0,"1149":0,"1150":0,"1151":0,"1152":0,"1153":0,"1154":0,"1155":0,"1156":0,"1157":0,"1158":0,"1159":0,"1160":0,"1161":0,"1162":0,"1163":0,"1164":0,"1165":0,"1166":0,"1167":0,"1168":0,"1169":0,"1170":0,"1171":0,"1172":0,"1173":0,"1174":0,"1175":0,"1176":0,"1177":0,"1178":0,"1179":0,"1180":0,"1181":0,"1182":0,"1183":0,"1184":0,"1185":0,"1186":0,"1187":0,"1188":0,"1189":0,"1190":0,"1191":0,"1192":0,"1193":0,"1194":0,"1195":0,"1196":0,"1197":0,"1198":0,"1199":0,"1200":0,"1201":0,"1202":0,"1203":0,"1204":0,"1205":0,"1206":0,"1207":0,"1208":0,"1209":0,"1210":0,"1211":0,"1212":0,"1213":0,"1214":0,"1215":0,"1216":0,"1217":0,"1218":0,"1219":0,"1220":0,"1221":0,"1222":0,"1223":0,"1224":0,"1225":0,"1226":0,"1227":0,"1228":0,"1229":0,"1230":0,"1231":0,"1232":0,"1233":0,"1234":0,"1235":0,"1236":0,"1237":0,"1238":0,"1239":0,"1240":0,"1241":0,"1242":0,"1243":0,"1244":0,"1245":0,"1246":0,"1247":0,"1248":0,"1249":0,"1250":0,"1251":0,"1252":0,"1253":1,"1254":1,"1255":0,"1256":1,"1257":0,"1258":0,"1259":0,"1260":0,"1261":0,"1262":0,"1263":0,"1264":0,"1265":0,"1266":0,"1267":0,"1268":0,"1269":0,"1270":0,"1271":0,"1272":0,"1273":0,"1274":0,"1275":0,"1276":0,"1277":0,"1278":0,"1279":0,"1280":0,"1281":0,"1282":0,"1283":0,"1284":0,"1285":0,"1286":0,"1287":0,"1288":0,"1289":0,"1290":0,"1291":0,"1292":0,"1293":1,"1294":0,"1295":0,"1296":0,"1297":0,"1298":0,"1299":0,"1300":0,"1301":1,"1302":0,"1303":0,"1304":0,"1305":1,"1306":0,"1307":0,"1308":0,"1309":0,"1310":0,"1311":0,"1312":0,"1313":0,"1314":0,"1315":0,"1316":0,"1317":1,"1318":64,"1319":1,"1320":0,"1321":0,"1322":0,"1323":0,"1324":0,"1325":1,"1326":0,"1327":0,"1328":0,"1329":1,"1330":1,"1331":0,"1332":0,"1333":0,"1334":0,"1335":0,"1336":0,"1337":0,"1338":0,"1339":0,"1340":0,"1341":0,"1342":0,"1343":0,"1344":1,"1345":1,"1346":0,"1347":1,"1348":1,"1349":1,"1350":1,"1351":1,"1352":1,"1353":1},"b":{"1":[6,13],"2":[8,8],"3":[2,2,2],"4":[0,0],"5":[0,0],"6":[0,0],"7":[0,0,0,0],"8":[0,0],"9":[0,0],"10":[0,3],"11":[3,3],"12":[0,55],"13":[55,10],"14":[55,44],"15":[55,19],"16":[0,0],"17":[0,0],"18":[0,0],"19":[0,0],"20":[0,0],"21":[0,0],"22":[0,0],"23":[0,0],"24":[0,0],"25":[0,0,0],"26":[0,0],"27":[0,0],"28":[0,0],"29":[0,0],"30":[0,0],"31":[0,0,0,0],"32":[0,1],"33":[1,1,0],"34":[0,0],"35":[0,0],"36":[0,0],"37":[1,1,1],"38":[0,0],"39":[0,0],"40":[0,0],"41":[0,0],"42":[0,0,0],"43":[0,0],"44":[0,0],"45":[0,0],"46":[0,0],"47":[0,0],"48":[0,0],"49":[0,0],"50":[0,0],"51":[0,0],"52":[0,0],"53":[0,0],"54":[0,0],"55":[0,0],"56":[0,0],"57":[0,0],"58":[0,0],"59":[0,0],"60":[0,0],"61":[0,0,0],"62":[0,0],"63":[0,0,0],"64":[0,0],"65":[0,0],"66":[0,0,0,0],"67":[0,0],"68":[0,0],"69":[0,0],"70":[0,0],"71":[0,0],"72":[0,0],"73":[0,0],"74":[0,0],"75":[0,0,0,0,0,0,0],"76":[2,0],"77":[2,2],"78":[0,0,0,0,0,0,0],"79":[0,0],"80":[0,1],"81":[1,1,0],"82":[0,0],"83":[0,0],"84":[0,0],"85":[0,0],"86":[0,0],"87":[0,0],"88":[0,0],"89":[0,0],"90":[0,0],"91":[0,0],"92":[0,0],"93":[0,0],"94":[0,0],"95":[0,0],"96":[0,0],"97":[0,0],"98":[0,0],"99":[0,0],"100":[0,0],"101":[0,0],"102":[0,0],"103":[0,0],"104":[0,0],"105":[0,0],"106":[0,0],"107":[0,0],"108":[0,0],"109":[0,0],"110":[0,0],"111":[0,0,0],"112":[0,0],"113":[0,0],"114":[0,0],"115":[0,0],"116":[0,0],"117":[0,0],"118":[0,0],"119":[0,0],"120":[0,0],"121":[0,0],"122":[0,0],"123":[0,0],"124":[0,0],"125":[0,0],"126":[0,0],"127":[0,0],"128":[0,0],"129":[0,0],"130":[0,0],"131":[0,0],"132":[0,0],"133":[0,0],"134":[0,0],"135":[0,0,0],"136":[0,0],"137":[0,0],"138":[0,0],"139":[0,0],"140":[0,0],"141":[0,0],"142":[0,0],"143":[0,0],"144":[0,0],"145":[0,0],"146":[1,0],"147":[0,0],"148":[0,0],"149":[0,0],"150":[0,0],"151":[0,0],"152":[0,0],"153":[0,0],"154":[0,0],"155":[0,0],"156":[0,0],"157":[0,0],"158":[0,0],"159":[0,0],"160":[0,0],"161":[0,0],"162":[0,0],"163":[0,0],"164":[0,0],"165":[0,0],"166":[0,0],"167":[0,0],"168":[0,0,0],"169":[0,0],"170":[0,0],"171":[0,0],"172":[0,0],"173":[0,0],"174":[0,0],"175":[0,0],"176":[0,0],"177":[0,0],"178":[16,13],"179":[0,21],"180":[21,20],"181":[0,0],"182":[0,0],"183":[0,0],"184":[0,0],"185":[0,0],"186":[0,0],"187":[0,0],"188":[0,0],"189":[0,0],"190":[0,0],"191":[0,0],"192":[0,0,0],"193":[0,0,0],"194":[0,0,0,0,0,0],"195":[0,0],"196":[0,0],"197":[0,0],"198":[0,0],"199":[0,0],"200":[0,0],"201":[0,0],"202":[1,0],"203":[1,0],"204":[0,0],"205":[0,0,0],"206":[0,0],"207":[0,0],"208":[0,0],"209":[0,0],"210":[0,0],"211":[0,0],"212":[0,0],"213":[0,0],"214":[0,0],"215":[0,0],"216":[0,0],"217":[0,0],"218":[0,0],"219":[0,0],"220":[0,0],"221":[0,0],"222":[0,0],"223":[0,0],"224":[0,0],"225":[0,0],"226":[0,0],"227":[0,0],"228":[0,0],"229":[0,0],"230":[0,0,0],"231":[0,0],"232":[0,0],"233":[0,0,0,0,0],"234":[0,0],"235":[0,0],"236":[0,0,0],"237":[0,0],"238":[0,0],"239":[0,0],"240":[0,0],"241":[0,0],"242":[0,0],"243":[0,0],"244":[0,0],"245":[0,0],"246":[0,0],"247":[0,0],"248":[0,0],"249":[0,0],"250":[0,0],"251":[0,0],"252":[0,0],"253":[0,0],"254":[0,0],"255":[0,0],"256":[0,0],"257":[0,0],"258":[0,0],"259":[0,0],"260":[0,0],"261":[0,0],"262":[0,0],"263":[0,0],"264":[0,0],"265":[0,0],"266":[0,0],"267":[0,0],"268":[0,0,0,0],"269":[0,0],"270":[0,0],"271":[0,0],"272":[0,0],"273":[0,0],"274":[0,0],"275":[0,0],"276":[0,0],"277":[0,0],"278":[0,0],"279":[0,0],"280":[0,0],"281":[0,0],"282":[0,0],"283":[0,0],"284":[0,0,0,0],"285":[0,0],"286":[0,0],"287":[0,0],"288":[0,0],"289":[0,0],"290":[0,0],"291":[0,0],"292":[0,0],"293":[0,0,0,0],"294":[0,0],"295":[0,0],"296":[0,0],"297":[0,0],"298":[0,0],"299":[0,0],"300":[0,0],"301":[0,0],"302":[0,0],"303":[0,0],"304":[0,0],"305":[0,0],"306":[0,0],"307":[0,0],"308":[0,0],"309":[0,0],"310":[0,0],"311":[0,0],"312":[0,0],"313":[0,0],"314":[0,0],"315":[0,0],"316":[0,0],"317":[1,1,1,1],"318":[1,1,1,1],"319":[1,0,0],"320":[1,0],"321":[0,0],"322":[0,0],"323":[0,0],"324":[0,0],"325":[0,0],"326":[0,0],"327":[0,0],"328":[0,0],"329":[0,0],"330":[0,0],"331":[0,0],"332":[0,0],"333":[0,0],"334":[0,0],"335":[0,0],"336":[0,0],"337":[0,0],"338":[0,0],"339":[0,0],"340":[0,0,0],"341":[0,0],"342":[0,0],"343":[0,0],"344":[0,0],"345":[0,0],"346":[0,0],"347":[0,0,0],"348":[0,0],"349":[0,0],"350":[0,0],"351":[0,0],"352":[0,0],"353":[0,0],"354":[0,0],"355":[0,0],"356":[0,0],"357":[0,0],"358":[0,0],"359":[0,0],"360":[0,0,0,0],"361":[0,0],"362":[0,0],"363":[0,0,0,0,0,0,0,0,0,0,0,0,0],"364":[0,0],"365":[0,0],"366":[0,0,0],"367":[0,0],"368":[0,0,0],"369":[0,0],"370":[0,0,0,0,0,0,0,0,0,0,0,0],"371":[0,0],"372":[0,0],"373":[0,0],"374":[0,0],"375":[0,0],"376":[0,0],"377":[0,0],"378":[0,0],"379":[0,0],"380":[0,0],"381":[0,0],"382":[0,0],"383":[0,0],"384":[0,0],"385":[0,0],"386":[0,0],"387":[0,0],"388":[0,0],"389":[0,0],"390":[0,0],"391":[0,0,0,0,0],"392":[0,0],"393":[0,0],"394":[0,0],"395":[0,0],"396":[0,0],"397":[0,0],"398":[0,0],"399":[0,0],"400":[0,0],"401":[0,0],"402":[0,0],"403":[0,0],"404":[0,0],"405":[0,0],"406":[0,0],"407":[0,0],"408":[0,0],"409":[0,0],"410":[0,0],"411":[0,0],"412":[0,0],"413":[0,0],"414":[0,0],"415":[0,0],"416":[0,0,0,0],"417":[0,0],"418":[0,0,0],"419":[0,0,0,0,0,0],"420":[0,0,0,0,0,0],"421":[0,0],"422":[0,0],"423":[0,0],"424":[0,0],"425":[0,1],"426":[1,1,1],"427":[1,1],"428":[1,1,1,1],"429":[0,0],"430":[0,0],"431":[0,0],"432":[0,0],"433":[0,0],"434":[0,0],"435":[0,0],"436":[0,0],"437":[0,0],"438":[0,0],"439":[0,0,0,0,0,0,0,0,0,0,0,0],"440":[0,0],"441":[0,0],"442":[0,0],"443":[0,0],"444":[0,0],"445":[0,0],"446":[0,0],"447":[0,0],"448":[0,0],"449":[0,0],"450":[0,0],"451":[0,0],"452":[0,0],"453":[0,0],"454":[0,0],"455":[0,0],"456":[0,0],"457":[0,0],"458":[0,0],"459":[0,0],"460":[0,0,0,0],"461":[0,0],"462":[0,0],"463":[0,0],"464":[0,0],"465":[0,0],"466":[0,0],"467":[0,0],"468":[0,0],"469":[0,0],"470":[0,0],"471":[0,0],"472":[0,0],"473":[0,0],"474":[0,0],"475":[0,0],"476":[0,0,0],"477":[0,0,0,0],"478":[0,0],"479":[0,0,0,0,0,0,0,0,0,0,0,0],"480":[0,0],"481":[0,0],"482":[0,0,0],"483":[0,0,0,0],"484":[0,0],"485":[0,0],"486":[0,0],"487":[0,0],"488":[0,0],"489":[0,0],"490":[0,0],"491":[0,0],"492":[0,0],"493":[0,0],"494":[0,0],"495":[0,0],"496":[0,0],"497":[0,0],"498":[0,0],"499":[0,0],"500":[0,0],"501":[0,0],"502":[0,0],"503":[0,0],"504":[0,0],"505":[0,0],"506":[0,0],"507":[0,0],"508":[0,0],"509":[0,0],"510":[0,0],"511":[0,0],"512":[0,0],"513":[0,0],"514":[0,0],"515":[0,0],"516":[0,0],"517":[0,0],"518":[0,0],"519":[0,0],"520":[0,0],"521":[0,0],"522":[0,0],"523":[0,0],"524":[0,0],"525":[0,0],"526":[0,0],"527":[0,0],"528":[0,0],"529":[0,0],"530":[0,0],"531":[0,0],"532":[0,0],"533":[0,0],"534":[0,0],"535":[0,0],"536":[0,0],"537":[0,0],"538":[0,0],"539":[0,0],"540":[0,0],"541":[0,0],"542":[0,0],"543":[0,0],"544":[0,0],"545":[0,0],"546":[0,0],"547":[0,0],"548":[0,0],"549":[0,0],"550":[0,0],"551":[0,0],"552":[0,0,0,0],"553":[0,0],"554":[0,0],"555":[0,0,0,0],"556":[0,0],"557":[0,0],"558":[0,0],"559":[0,0],"560":[0,0],"561":[0,0],"562":[0,0],"563":[0,0],"564":[0,0],"565":[0,0],"566":[0,0],"567":[0,0],"568":[0,0],"569":[0,0],"570":[0,0,0],"571":[0,0],"572":[0,0],"573":[0,0,0],"574":[0,0],"575":[0,0],"576":[0,0],"577":[0,0],"578":[0,0],"579":[0,0],"580":[0,0],"581":[0,0],"582":[0,0],"583":[0,0,0],"584":[0,0],"585":[0,0],"586":[0,0],"587":[0,0],"588":[0,0],"589":[0,0],"590":[0,0],"591":[0,0],"592":[0,0],"593":[0,0],"594":[0,0],"595":[0,0],"596":[0,0],"597":[0,0,0],"598":[0,0],"599":[0,0],"600":[0,0],"601":[0,0],"602":[0,0],"603":[0,0],"604":[0,0],"605":[0,0],"606":[0,0],"607":[0,0],"608":[0,0],"609":[0,0],"610":[0,0],"611":[0,0],"612":[0,0],"613":[0,0],"614":[0,0,0],"615":[0,0],"616":[0,0],"617":[0,0],"618":[0,0],"619":[0,0],"620":[0,0],"621":[0,0],"622":[0,0],"623":[0,0],"624":[0,0],"625":[0,0],"626":[0,0],"627":[0,0],"628":[0,0],"629":[0,0],"630":[0,0],"631":[0,0],"632":[0,0],"633":[0,0],"634":[0,0],"635":[0,0],"636":[0,0],"637":[0,0],"638":[0,0],"639":[0,0],"640":[0,0],"641":[0,0],"642":[0,0],"643":[0,0],"644":[0,0],"645":[0,0],"646":[0,0,0],"647":[1,0]},"f":{"1":1,"2":19,"3":8,"4":2,"5":0,"6":0,"7":3,"8":0,"9":35,"10":8,"11":1,"12":1,"13":55,"14":55,"15":0,"16":1,"17":50,"18":0,"19":6,"20":0,"21":38,"22":0,"23":0,"24":0,"25":0,"26":0,"27":0,"28":0,"29":0,"30":0,"31":0,"32":32,"33":1,"34":0,"35":1,"36":0,"37":0,"38":0,"39":7,"40":0,"41":0,"42":3,"43":0,"44":0,"45":0,"46":0,"47":0,"48":0,"49":0,"50":0,"51":0,"52":0,"53":0,"54":0,"55":0,"56":0,"57":0,"58":0,"59":0,"60":0,"61":0,"62":0,"63":0,"64":0,"65":0,"66":0,"67":0,"68":0,"69":0,"70":0,"71":0,"72":0,"73":0,"74":1,"75":0,"76":0,"77":0,"78":0,"79":0,"80":0,"81":0,"82":0,"83":0,"84":0,"85":19,"86":0,"87":0,"88":0,"89":0,"90":0,"91":0,"92":3,"93":0,"94":0,"95":0,"96":3,"97":0,"98":0,"99":3,"100":0,"101":0,"102":0,"103":0,"104":0,"105":0,"106":1,"107":0,"108":0,"109":2,"110":0,"111":0,"112":0,"113":0,"114":2,"115":0,"116":0,"117":1,"118":0,"119":0,"120":0,"121":0,"122":0,"123":0,"124":0,"125":45,"126":45,"127":0,"128":0,"129":0,"130":0,"131":0,"132":0,"133":0,"134":0,"135":0,"136":0,"137":0,"138":0,"139":0,"140":0,"141":0,"142":0,"143":0,"144":9,"145":0,"146":0,"147":0,"148":0,"149":10,"150":0,"151":0,"152":0,"153":0,"154":0,"155":0,"156":0,"157":0,"158":0,"159":0,"160":0,"161":0,"162":0,"163":0,"164":0,"165":0,"166":0,"167":0,"168":0,"169":0,"170":0,"171":0,"172":0,"173":0,"174":1,"175":1,"176":1,"177":1,"178":0,"179":0,"180":0,"181":0,"182":0,"183":0,"184":0,"185":0,"186":0,"187":0,"188":0,"189":0,"190":0,"191":0,"192":0,"193":0,"194":53,"195":0,"196":0,"197":0,"198":16,"199":0,"200":0,"201":0,"202":0,"203":21,"204":0,"205":0,"206":0,"207":0,"208":0,"209":0,"210":0,"211":0,"212":0,"213":0,"214":0,"215":0,"216":0,"217":0,"218":0,"219":0,"220":0,"221":1,"222":0,"223":0,"224":0,"225":12,"226":1,"227":0,"228":0,"229":1,"230":13,"231":1,"232":0,"233":0,"234":0,"235":1,"236":0,"237":0,"238":0,"239":0,"240":0,"241":0,"242":0,"243":0,"244":1,"245":2,"246":0,"247":0,"248":0,"249":0,"250":0,"251":1,"252":0,"253":0,"254":0,"255":0,"256":0,"257":0,"258":0,"259":0,"260":0,"261":0,"262":0,"263":0,"264":0,"265":0,"266":0,"267":0,"268":0,"269":1,"270":0,"271":0,"272":1,"273":0,"274":0,"275":0,"276":0,"277":0,"278":0,"279":0,"280":0,"281":0,"282":0,"283":0,"284":0,"285":0,"286":0,"287":0,"288":1,"289":0,"290":1,"291":0,"292":0,"293":0,"294":0,"295":0,"296":0,"297":0,"298":0,"299":1,"300":0,"301":0,"302":0,"303":0,"304":0,"305":0,"306":0,"307":0,"308":0,"309":1,"310":0,"311":0,"312":0,"313":0,"314":0,"315":0,"316":0,"317":0,"318":0,"319":0,"320":0,"321":0,"322":0,"323":0,"324":0,"325":1,"326":1,"327":1,"328":0,"329":0,"330":0,"331":0,"332":0,"333":0,"334":0,"335":0,"336":0,"337":0,"338":0,"339":0,"340":0,"341":0,"342":0,"343":0,"344":0,"345":0,"346":0,"347":0,"348":0,"349":0,"350":0,"351":0,"352":0,"353":0,"354":0,"355":0,"356":1,"357":1,"358":0,"359":0,"360":0,"361":0,"362":0,"363":0,"364":0,"365":0,"366":0,"367":0,"368":0,"369":0,"370":0,"371":0,"372":0,"373":0,"374":0,"375":0,"376":0,"377":0,"378":0,"379":0,"380":0,"381":0,"382":0,"383":0,"384":0,"385":0,"386":0,"387":0,"388":0,"389":0,"390":0,"391":0,"392":0,"393":0,"394":0,"395":0,"396":0,"397":0,"398":0,"399":0,"400":0,"401":0,"402":0,"403":0,"404":0,"405":0,"406":0,"407":0,"408":0,"409":0,"410":0,"411":0,"412":0,"413":0,"414":0,"415":0,"416":0,"417":0,"418":0,"419":0,"420":0,"421":0,"422":0,"423":0,"424":0,"425":0,"426":0,"427":0,"428":0,"429":0,"430":0,"431":0,"432":0,"433":0,"434":0,"435":0,"436":1,"437":0,"438":0,"439":0,"440":0,"441":0,"442":1,"443":0,"444":0,"445":1,"446":0,"447":1,"448":1,"449":1,"450":1},"fnMap":{"1":{"name":"(anonymous_1)","line":1,"loc":{"start":{"line":1,"column":1},"end":{"line":1,"column":12}}},"2":{"name":"r","line":1,"loc":{"start":{"line":1,"column":22},"end":{"line":1,"column":35}}},"3":{"name":"(anonymous_3)","line":1,"loc":{"start":{"line":1,"column":172},"end":{"line":1,"column":187}}},"4":{"name":"(anonymous_4)","line":1,"loc":{"start":{"line":1,"column":252},"end":{"line":1,"column":263}}},"5":{"name":"(anonymous_5)","line":1,"loc":{"start":{"line":1,"column":427},"end":{"line":1,"column":440}}},"6":{"name":"(anonymous_6)","line":1,"loc":{"start":{"line":1,"column":666},"end":{"line":1,"column":677}}},"7":{"name":"(anonymous_7)","line":1,"loc":{"start":{"line":1,"column":719},"end":{"line":1,"column":730}}},"8":{"name":"(anonymous_8)","line":1,"loc":{"start":{"line":1,"column":753},"end":{"line":1,"column":763}}},"9":{"name":"(anonymous_9)","line":1,"loc":{"start":{"line":1,"column":782},"end":{"line":1,"column":792}}},"10":{"name":"(anonymous_10)","line":1,"loc":{"start":{"line":1,"column":830},"end":{"line":1,"column":843}}},"11":{"name":"(anonymous_11)","line":1,"loc":{"start":{"line":1,"column":931},"end":{"line":1,"column":946}}},"12":{"name":"(anonymous_12)","line":1,"loc":{"start":{"line":1,"column":961},"end":{"line":1,"column":972}}},"13":{"name":"n","line":1,"loc":{"start":{"line":1,"column":1547},"end":{"line":1,"column":1564}}},"14":{"name":"(anonymous_14)","line":1,"loc":{"start":{"line":1,"column":1710},"end":{"line":1,"column":1721}}},"15":{"name":"(anonymous_15)","line":1,"loc":{"start":{"line":1,"column":1832},"end":{"line":1,"column":1842}}},"16":{"name":"o","line":1,"loc":{"start":{"line":1,"column":2017},"end":{"line":1,"column":2029}}},"17":{"name":"(anonymous_17)","line":1,"loc":{"start":{"line":1,"column":2062},"end":{"line":1,"column":2073}}},"18":{"name":"(anonymous_18)","line":1,"loc":{"start":{"line":1,"column":2127},"end":{"line":1,"column":2140}}},"19":{"name":"(anonymous_19)","line":1,"loc":{"start":{"line":1,"column":2226},"end":{"line":1,"column":2239}}},"20":{"name":"(anonymous_20)","line":1,"loc":{"start":{"line":1,"column":2256},"end":{"line":1,"column":2269}}},"21":{"name":"(anonymous_21)","line":1,"loc":{"start":{"line":1,"column":2307},"end":{"line":1,"column":2322}}},"22":{"name":"(anonymous_22)","line":1,"loc":{"start":{"line":1,"column":2339},"end":{"line":1,"column":2354}}},"23":{"name":"(anonymous_23)","line":1,"loc":{"start":{"line":1,"column":2408},"end":{"line":1,"column":2419}}},"24":{"name":"(anonymous_24)","line":1,"loc":{"start":{"line":1,"column":2592},"end":{"line":1,"column":2603}}},"25":{"name":"s","line":1,"loc":{"start":{"line":1,"column":2665},"end":{"line":1,"column":2678}}},"26":{"name":"(anonymous_26)","line":1,"loc":{"start":{"line":1,"column":2891},"end":{"line":1,"column":2902}}},"27":{"name":"(anonymous_27)","line":1,"loc":{"start":{"line":1,"column":4645},"end":{"line":1,"column":4656}}},"28":{"name":"(anonymous_28)","line":1,"loc":{"start":{"line":1,"column":4777},"end":{"line":1,"column":4788}}},"29":{"name":"(anonymous_29)","line":1,"loc":{"start":{"line":1,"column":4857},"end":{"line":1,"column":4868}}},"30":{"name":"(anonymous_30)","line":1,"loc":{"start":{"line":1,"column":4971},"end":{"line":1,"column":4982}}},"31":{"name":"(anonymous_31)","line":1,"loc":{"start":{"line":1,"column":5095},"end":{"line":1,"column":5105}}},"32":{"name":"(anonymous_32)","line":1,"loc":{"start":{"line":1,"column":5191},"end":{"line":1,"column":5202}}},"33":{"name":"(anonymous_33)","line":1,"loc":{"start":{"line":1,"column":5253},"end":{"line":1,"column":5268}}},"34":{"name":"a","line":1,"loc":{"start":{"line":1,"column":5402},"end":{"line":1,"column":5415}}},"35":{"name":"s","line":1,"loc":{"start":{"line":1,"column":5428},"end":{"line":1,"column":5440}}},"36":{"name":"(anonymous_36)","line":1,"loc":{"start":{"line":1,"column":5526},"end":{"line":1,"column":5536}}},"37":{"name":"(anonymous_37)","line":1,"loc":{"start":{"line":1,"column":5912},"end":{"line":1,"column":5922}}},"38":{"name":"(anonymous_38)","line":1,"loc":{"start":{"line":1,"column":5954},"end":{"line":1,"column":5971}}},"39":{"name":"(anonymous_39)","line":1,"loc":{"start":{"line":1,"column":6022},"end":{"line":1,"column":6035}}},"40":{"name":"(anonymous_40)","line":1,"loc":{"start":{"line":1,"column":6083},"end":{"line":1,"column":6096}}},"41":{"name":"(anonymous_41)","line":1,"loc":{"start":{"line":1,"column":6213},"end":{"line":1,"column":6226}}},"42":{"name":"(anonymous_42)","line":1,"loc":{"start":{"line":1,"column":6356},"end":{"line":1,"column":6367}}},"43":{"name":"(anonymous_43)","line":1,"loc":{"start":{"line":1,"column":6421},"end":{"line":1,"column":6432}}},"44":{"name":"(anonymous_44)","line":1,"loc":{"start":{"line":1,"column":6500},"end":{"line":1,"column":6515}}},"45":{"name":"(anonymous_45)","line":1,"loc":{"start":{"line":1,"column":6622},"end":{"line":1,"column":6635}}},"46":{"name":"(anonymous_46)","line":1,"loc":{"start":{"line":1,"column":6670},"end":{"line":1,"column":6683}}},"47":{"name":"(anonymous_47)","line":1,"loc":{"start":{"line":1,"column":6706},"end":{"line":1,"column":6717}}},"48":{"name":"(anonymous_48)","line":1,"loc":{"start":{"line":1,"column":6817},"end":{"line":1,"column":6830}}},"49":{"name":"(anonymous_49)","line":1,"loc":{"start":{"line":1,"column":6852},"end":{"line":1,"column":6865}}},"50":{"name":"(anonymous_50)","line":1,"loc":{"start":{"line":1,"column":6891},"end":{"line":1,"column":6906}}},"51":{"name":"(anonymous_51)","line":1,"loc":{"start":{"line":1,"column":6921},"end":{"line":1,"column":6932}}},"52":{"name":"(anonymous_52)","line":1,"loc":{"start":{"line":1,"column":6970},"end":{"line":1,"column":6981}}},"53":{"name":"(anonymous_53)","line":1,"loc":{"start":{"line":1,"column":7005},"end":{"line":1,"column":7016}}},"54":{"name":"(anonymous_54)","line":1,"loc":{"start":{"line":1,"column":7045},"end":{"line":1,"column":7056}}},"55":{"name":"l","line":1,"loc":{"start":{"line":1,"column":7094},"end":{"line":1,"column":7111}}},"56":{"name":"(anonymous_56)","line":1,"loc":{"start":{"line":1,"column":7320},"end":{"line":1,"column":7333}}},"57":{"name":"(anonymous_57)","line":1,"loc":{"start":{"line":1,"column":7367},"end":{"line":1,"column":7378}}},"58":{"name":"(anonymous_58)","line":1,"loc":{"start":{"line":1,"column":7608},"end":{"line":1,"column":7619}}},"59":{"name":"(anonymous_59)","line":1,"loc":{"start":{"line":1,"column":7639},"end":{"line":1,"column":7650}}},"60":{"name":"(anonymous_60)","line":1,"loc":{"start":{"line":1,"column":7865},"end":{"line":1,"column":7876}}},"61":{"name":"(anonymous_61)","line":1,"loc":{"start":{"line":1,"column":7949},"end":{"line":1,"column":7959}}},"62":{"name":"(anonymous_62)","line":1,"loc":{"start":{"line":1,"column":7980},"end":{"line":1,"column":7991}}},"63":{"name":"(anonymous_63)","line":1,"loc":{"start":{"line":1,"column":8068},"end":{"line":1,"column":8078}}},"64":{"name":"(anonymous_64)","line":1,"loc":{"start":{"line":1,"column":8105},"end":{"line":1,"column":8118}}},"65":{"name":"(anonymous_65)","line":1,"loc":{"start":{"line":1,"column":8175},"end":{"line":1,"column":8188}}},"66":{"name":"(anonymous_66)","line":1,"loc":{"start":{"line":1,"column":8248},"end":{"line":1,"column":8263}}},"67":{"name":"(anonymous_67)","line":1,"loc":{"start":{"line":1,"column":8283},"end":{"line":1,"column":8296}}},"68":{"name":"(anonymous_68)","line":1,"loc":{"start":{"line":1,"column":8322},"end":{"line":1,"column":8337}}},"69":{"name":"(anonymous_69)","line":1,"loc":{"start":{"line":1,"column":8358},"end":{"line":1,"column":8371}}},"70":{"name":"(anonymous_70)","line":1,"loc":{"start":{"line":1,"column":8421},"end":{"line":1,"column":8436}}},"71":{"name":"(anonymous_71)","line":1,"loc":{"start":{"line":1,"column":8457},"end":{"line":1,"column":8470}}},"72":{"name":"(anonymous_72)","line":1,"loc":{"start":{"line":1,"column":8526},"end":{"line":1,"column":8537}}},"73":{"name":"(anonymous_73)","line":1,"loc":{"start":{"line":1,"column":8580},"end":{"line":1,"column":8591}}},"74":{"name":"(anonymous_74)","line":1,"loc":{"start":{"line":1,"column":8638},"end":{"line":1,"column":8653}}},"75":{"name":"o","line":1,"loc":{"start":{"line":1,"column":8687},"end":{"line":1,"column":8700}}},"76":{"name":"s","line":1,"loc":{"start":{"line":1,"column":8814},"end":{"line":1,"column":8833}}},"77":{"name":"u","line":1,"loc":{"start":{"line":1,"column":8878},"end":{"line":1,"column":8891}}},"78":{"name":"l","line":1,"loc":{"start":{"line":1,"column":9092},"end":{"line":1,"column":9111}}},"79":{"name":"p","line":1,"loc":{"start":{"line":1,"column":9150},"end":{"line":1,"column":9169}}},"80":{"name":"d","line":1,"loc":{"start":{"line":1,"column":9381},"end":{"line":1,"column":9394}}},"81":{"name":"y","line":1,"loc":{"start":{"line":1,"column":9458},"end":{"line":1,"column":9473}}},"82":{"name":"g","line":1,"loc":{"start":{"line":1,"column":9619},"end":{"line":1,"column":9634}}},"83":{"name":"b","line":1,"loc":{"start":{"line":1,"column":9739},"end":{"line":1,"column":9756}}},"84":{"name":"(anonymous_84)","line":1,"loc":{"start":{"line":1,"column":9850},"end":{"line":1,"column":9863}}},"85":{"name":"(anonymous_85)","line":1,"loc":{"start":{"line":1,"column":9897},"end":{"line":1,"column":9914}}},"86":{"name":"(anonymous_86)","line":1,"loc":{"start":{"line":1,"column":10026},"end":{"line":1,"column":10036}}},"87":{"name":"(anonymous_87)","line":1,"loc":{"start":{"line":1,"column":10131},"end":{"line":1,"column":10141}}},"88":{"name":"(anonymous_88)","line":1,"loc":{"start":{"line":1,"column":10616},"end":{"line":1,"column":10631}}},"89":{"name":"(anonymous_89)","line":1,"loc":{"start":{"line":1,"column":10781},"end":{"line":1,"column":10794}}},"90":{"name":"(anonymous_90)","line":1,"loc":{"start":{"line":1,"column":11258},"end":{"line":1,"column":11269}}},"91":{"name":"(anonymous_91)","line":1,"loc":{"start":{"line":1,"column":11387},"end":{"line":1,"column":11400}}},"92":{"name":"(anonymous_92)","line":1,"loc":{"start":{"line":1,"column":11509},"end":{"line":1,"column":11520}}},"93":{"name":"(anonymous_93)","line":1,"loc":{"start":{"line":1,"column":11573},"end":{"line":1,"column":11586}}},"94":{"name":"(anonymous_94)","line":1,"loc":{"start":{"line":1,"column":11772},"end":{"line":1,"column":11785}}},"95":{"name":"(anonymous_95)","line":1,"loc":{"start":{"line":1,"column":11984},"end":{"line":1,"column":11997}}},"96":{"name":"(anonymous_96)","line":1,"loc":{"start":{"line":1,"column":12107},"end":{"line":1,"column":12118}}},"97":{"name":"(anonymous_97)","line":1,"loc":{"start":{"line":1,"column":12138},"end":{"line":1,"column":12151}}},"98":{"name":"(anonymous_98)","line":1,"loc":{"start":{"line":1,"column":12303},"end":{"line":1,"column":12316}}},"99":{"name":"(anonymous_99)","line":1,"loc":{"start":{"line":1,"column":12405},"end":{"line":1,"column":12416}}},"100":{"name":"(anonymous_100)","line":1,"loc":{"start":{"line":1,"column":12436},"end":{"line":1,"column":12449}}},"101":{"name":"(anonymous_101)","line":1,"loc":{"start":{"line":1,"column":12561},"end":{"line":1,"column":12574}}},"102":{"name":"(anonymous_102)","line":1,"loc":{"start":{"line":1,"column":12681},"end":{"line":1,"column":12694}}},"103":{"name":"(anonymous_103)","line":1,"loc":{"start":{"line":1,"column":12834},"end":{"line":1,"column":12845}}},"104":{"name":"(anonymous_104)","line":1,"loc":{"start":{"line":1,"column":12964},"end":{"line":1,"column":12977}}},"105":{"name":"(anonymous_105)","line":1,"loc":{"start":{"line":1,"column":13115},"end":{"line":1,"column":13128}}},"106":{"name":"(anonymous_106)","line":1,"loc":{"start":{"line":1,"column":13255},"end":{"line":1,"column":13270}}},"107":{"name":"(anonymous_107)","line":1,"loc":{"start":{"line":1,"column":13314},"end":{"line":1,"column":13324}}},"108":{"name":"(anonymous_108)","line":1,"loc":{"start":{"line":1,"column":13365},"end":{"line":1,"column":13375}}},"109":{"name":"(anonymous_109)","line":1,"loc":{"start":{"line":1,"column":13401},"end":{"line":1,"column":13411}}},"110":{"name":"(anonymous_110)","line":1,"loc":{"start":{"line":1,"column":13442},"end":{"line":1,"column":13452}}},"111":{"name":"(anonymous_111)","line":1,"loc":{"start":{"line":1,"column":13492},"end":{"line":1,"column":13502}}},"112":{"name":"o","line":1,"loc":{"start":{"line":1,"column":13592},"end":{"line":1,"column":13607}}},"113":{"name":"a","line":1,"loc":{"start":{"line":1,"column":13627},"end":{"line":1,"column":13642}}},"114":{"name":"s","line":1,"loc":{"start":{"line":1,"column":13662},"end":{"line":1,"column":13677}}},"115":{"name":"u","line":1,"loc":{"start":{"line":1,"column":13720},"end":{"line":1,"column":13733}}},"116":{"name":"h","line":1,"loc":{"start":{"line":1,"column":13923},"end":{"line":1,"column":13936}}},"117":{"name":"(anonymous_117)","line":1,"loc":{"start":{"line":1,"column":14006},"end":{"line":1,"column":14021}}},"118":{"name":"a","line":1,"loc":{"start":{"line":1,"column":14106},"end":{"line":1,"column":14119}}},"119":{"name":"s","line":1,"loc":{"start":{"line":1,"column":14143},"end":{"line":1,"column":14158}}},"120":{"name":"u","line":1,"loc":{"start":{"line":1,"column":14233},"end":{"line":1,"column":14246}}},"121":{"name":"(anonymous_121)","line":1,"loc":{"start":{"line":1,"column":14388},"end":{"line":1,"column":14399}}},"122":{"name":"(anonymous_122)","line":1,"loc":{"start":{"line":1,"column":14594},"end":{"line":1,"column":14605}}},"123":{"name":"(anonymous_123)","line":1,"loc":{"start":{"line":1,"column":14834},"end":{"line":1,"column":14845}}},"124":{"name":"(anonymous_124)","line":1,"loc":{"start":{"line":1,"column":14876},"end":{"line":1,"column":14887}}},"125":{"name":"(anonymous_125)","line":1,"loc":{"start":{"line":1,"column":14931},"end":{"line":1,"column":14944}}},"126":{"name":"(anonymous_126)","line":1,"loc":{"start":{"line":1,"column":15012},"end":{"line":1,"column":15023}}},"127":{"name":"c","line":1,"loc":{"start":{"line":1,"column":15069},"end":{"line":1,"column":15084}}},"128":{"name":"(anonymous_128)","line":1,"loc":{"start":{"line":1,"column":15092},"end":{"line":1,"column":15107}}},"129":{"name":"l","line":1,"loc":{"start":{"line":1,"column":15269},"end":{"line":1,"column":15282}}},"130":{"name":"p","line":1,"loc":{"start":{"line":1,"column":15359},"end":{"line":1,"column":15372}}},"131":{"name":"y","line":1,"loc":{"start":{"line":1,"column":15555},"end":{"line":1,"column":15568}}},"132":{"name":"(anonymous_132)","line":1,"loc":{"start":{"line":1,"column":15595},"end":{"line":1,"column":15606}}},"133":{"name":"g","line":1,"loc":{"start":{"line":1,"column":15634},"end":{"line":1,"column":15649}}},"134":{"name":"(anonymous_134)","line":1,"loc":{"start":{"line":1,"column":15677},"end":{"line":1,"column":15687}}},"135":{"name":"(anonymous_135)","line":1,"loc":{"start":{"line":1,"column":15841},"end":{"line":1,"column":15854}}},"136":{"name":"(anonymous_136)","line":1,"loc":{"start":{"line":1,"column":15993},"end":{"line":1,"column":16004}}},"137":{"name":"b","line":1,"loc":{"start":{"line":1,"column":16378},"end":{"line":1,"column":16391}}},"138":{"name":"m","line":1,"loc":{"start":{"line":1,"column":16473},"end":{"line":1,"column":16488}}},"139":{"name":"(anonymous_139)","line":1,"loc":{"start":{"line":1,"column":16495},"end":{"line":1,"column":16508}}},"140":{"name":"E","line":1,"loc":{"start":{"line":1,"column":16701},"end":{"line":1,"column":16716}}},"141":{"name":"(anonymous_141)","line":1,"loc":{"start":{"line":1,"column":16806},"end":{"line":1,"column":16819}}},"142":{"name":"T","line":1,"loc":{"start":{"line":1,"column":16862},"end":{"line":1,"column":16875}}},"143":{"name":"v","line":1,"loc":{"start":{"line":1,"column":16952},"end":{"line":1,"column":16967}}},"144":{"name":"w","line":1,"loc":{"start":{"line":1,"column":17325},"end":{"line":1,"column":17342}}},"145":{"name":"(anonymous_145)","line":1,"loc":{"start":{"line":1,"column":17350},"end":{"line":1,"column":17361}}},"146":{"name":"O","line":1,"loc":{"start":{"line":1,"column":17668},"end":{"line":1,"column":17681}}},"147":{"name":"A","line":1,"loc":{"start":{"line":1,"column":17725},"end":{"line":1,"column":17738}}},"148":{"name":"(anonymous_148)","line":1,"loc":{"start":{"line":1,"column":17786},"end":{"line":1,"column":17796}}},"149":{"name":"j","line":1,"loc":{"start":{"line":1,"column":17809},"end":{"line":1,"column":17824}}},"150":{"name":"(anonymous_150)","line":1,"loc":{"start":{"line":1,"column":17832},"end":{"line":1,"column":17843}}},"151":{"name":"R","line":1,"loc":{"start":{"line":1,"column":18066},"end":{"line":1,"column":18081}}},"152":{"name":"(anonymous_152)","line":1,"loc":{"start":{"line":1,"column":18292},"end":{"line":1,"column":18302}}},"153":{"name":"(anonymous_153)","line":1,"loc":{"start":{"line":1,"column":18352},"end":{"line":1,"column":18362}}},"154":{"name":"(anonymous_154)","line":1,"loc":{"start":{"line":1,"column":18410},"end":{"line":1,"column":18421}}},"155":{"name":"(anonymous_155)","line":1,"loc":{"start":{"line":1,"column":18479},"end":{"line":1,"column":18490}}},"156":{"name":"(anonymous_156)","line":1,"loc":{"start":{"line":1,"column":18544},"end":{"line":1,"column":18555}}},"157":{"name":"(anonymous_157)","line":1,"loc":{"start":{"line":1,"column":18624},"end":{"line":1,"column":18635}}},"158":{"name":"(anonymous_158)","line":1,"loc":{"start":{"line":1,"column":18764},"end":{"line":1,"column":18775}}},"159":{"name":"(anonymous_159)","line":1,"loc":{"start":{"line":1,"column":19012},"end":{"line":1,"column":19023}}},"160":{"name":"(anonymous_160)","line":1,"loc":{"start":{"line":1,"column":19074},"end":{"line":1,"column":19085}}},"161":{"name":"(anonymous_161)","line":1,"loc":{"start":{"line":1,"column":19222},"end":{"line":1,"column":19233}}},"162":{"name":"(anonymous_162)","line":1,"loc":{"start":{"line":1,"column":19315},"end":{"line":1,"column":19326}}},"163":{"name":"(anonymous_163)","line":1,"loc":{"start":{"line":1,"column":19359},"end":{"line":1,"column":19370}}},"164":{"name":"(anonymous_164)","line":1,"loc":{"start":{"line":1,"column":19479},"end":{"line":1,"column":19490}}},"165":{"name":"(anonymous_165)","line":1,"loc":{"start":{"line":1,"column":19523},"end":{"line":1,"column":19534}}},"166":{"name":"(anonymous_166)","line":1,"loc":{"start":{"line":1,"column":19657},"end":{"line":1,"column":19668}}},"167":{"name":"(anonymous_167)","line":1,"loc":{"start":{"line":1,"column":19760},"end":{"line":1,"column":19771}}},"168":{"name":"(anonymous_168)","line":1,"loc":{"start":{"line":1,"column":21447},"end":{"line":1,"column":21457}}},"169":{"name":"(anonymous_169)","line":1,"loc":{"start":{"line":1,"column":21515},"end":{"line":1,"column":21525}}},"170":{"name":"(anonymous_170)","line":1,"loc":{"start":{"line":1,"column":21599},"end":{"line":1,"column":21610}}},"171":{"name":"(anonymous_171)","line":1,"loc":{"start":{"line":1,"column":21686},"end":{"line":1,"column":21697}}},"172":{"name":"(anonymous_172)","line":1,"loc":{"start":{"line":1,"column":21777},"end":{"line":1,"column":21788}}},"173":{"name":"(anonymous_173)","line":1,"loc":{"start":{"line":1,"column":21864},"end":{"line":1,"column":21874}}},"174":{"name":"(anonymous_174)","line":1,"loc":{"start":{"line":1,"column":21905},"end":{"line":1,"column":21918}}},"175":{"name":"(anonymous_175)","line":1,"loc":{"start":{"line":1,"column":21927},"end":{"line":1,"column":21937}}},"176":{"name":"(anonymous_176)","line":1,"loc":{"start":{"line":1,"column":22050},"end":{"line":1,"column":22065}}},"177":{"name":"(anonymous_177)","line":1,"loc":{"start":{"line":1,"column":22086},"end":{"line":1,"column":22097}}},"178":{"name":"c","line":1,"loc":{"start":{"line":1,"column":22155},"end":{"line":1,"column":22168}}},"179":{"name":"(anonymous_179)","line":1,"loc":{"start":{"line":1,"column":22290},"end":{"line":1,"column":22301}}},"180":{"name":"p","line":1,"loc":{"start":{"line":1,"column":22335},"end":{"line":1,"column":22350}}},"181":{"name":"d","line":1,"loc":{"start":{"line":1,"column":22386},"end":{"line":1,"column":22399}}},"182":{"name":"y","line":1,"loc":{"start":{"line":1,"column":22465},"end":{"line":1,"column":22478}}},"183":{"name":"(anonymous_183)","line":1,"loc":{"start":{"line":1,"column":22559},"end":{"line":1,"column":22569}}},"184":{"name":"b","line":1,"loc":{"start":{"line":1,"column":22992},"end":{"line":1,"column":23005}}},"185":{"name":"m","line":1,"loc":{"start":{"line":1,"column":23017},"end":{"line":1,"column":23030}}},"186":{"name":"(anonymous_186)","line":1,"loc":{"start":{"line":1,"column":23108},"end":{"line":1,"column":23118}}},"187":{"name":"E","line":1,"loc":{"start":{"line":1,"column":23222},"end":{"line":1,"column":23235}}},"188":{"name":"T","line":1,"loc":{"start":{"line":1,"column":23300},"end":{"line":1,"column":23312}}},"189":{"name":"(anonymous_189)","line":1,"loc":{"start":{"line":1,"column":23433},"end":{"line":1,"column":23443}}},"190":{"name":"(anonymous_190)","line":1,"loc":{"start":{"line":1,"column":23867},"end":{"line":1,"column":23878}}},"191":{"name":"(anonymous_191)","line":1,"loc":{"start":{"line":1,"column":24134},"end":{"line":1,"column":24144}}},"192":{"name":"(anonymous_192)","line":1,"loc":{"start":{"line":1,"column":24189},"end":{"line":1,"column":24200}}},"193":{"name":"(anonymous_193)","line":1,"loc":{"start":{"line":1,"column":24337},"end":{"line":1,"column":24350}}},"194":{"name":"(anonymous_194)","line":1,"loc":{"start":{"line":1,"column":24384},"end":{"line":1,"column":24397}}},"195":{"name":"(anonymous_195)","line":1,"loc":{"start":{"line":1,"column":24471},"end":{"line":1,"column":24481}}},"196":{"name":"(anonymous_196)","line":1,"loc":{"start":{"line":1,"column":25022},"end":{"line":1,"column":25032}}},"197":{"name":"(anonymous_197)","line":1,"loc":{"start":{"line":1,"column":25079},"end":{"line":1,"column":25090}}},"198":{"name":"(anonymous_198)","line":1,"loc":{"start":{"line":1,"column":25136},"end":{"line":1,"column":25149}}},"199":{"name":"(anonymous_199)","line":1,"loc":{"start":{"line":1,"column":25155},"end":{"line":1,"column":25165}}},"200":{"name":"(anonymous_200)","line":1,"loc":{"start":{"line":1,"column":25209},"end":{"line":1,"column":25219}}},"201":{"name":"(anonymous_201)","line":1,"loc":{"start":{"line":1,"column":25333},"end":{"line":1,"column":25343}}},"202":{"name":"(anonymous_202)","line":1,"loc":{"start":{"line":1,"column":25374},"end":{"line":1,"column":25385}}},"203":{"name":"(anonymous_203)","line":1,"loc":{"start":{"line":1,"column":25417},"end":{"line":1,"column":25430}}},"204":{"name":"(anonymous_204)","line":1,"loc":{"start":{"line":1,"column":25724},"end":{"line":1,"column":25734}}},"205":{"name":"(anonymous_205)","line":1,"loc":{"start":{"line":1,"column":25779},"end":{"line":1,"column":25789}}},"206":{"name":"(anonymous_206)","line":1,"loc":{"start":{"line":1,"column":25825},"end":{"line":1,"column":25835}}},"207":{"name":"O","line":1,"loc":{"start":{"line":1,"column":25887},"end":{"line":1,"column":25908}}},"208":{"name":"A","line":1,"loc":{"start":{"line":1,"column":26000},"end":{"line":1,"column":26015}}},"209":{"name":"j","line":1,"loc":{"start":{"line":1,"column":26039},"end":{"line":1,"column":26054}}},"210":{"name":"R","line":1,"loc":{"start":{"line":1,"column":26171},"end":{"line":1,"column":26190}}},"211":{"name":"(anonymous_211)","line":1,"loc":{"start":{"line":1,"column":26449},"end":{"line":1,"column":26464}}},"212":{"name":"(anonymous_212)","line":1,"loc":{"start":{"line":1,"column":26505},"end":{"line":1,"column":26520}}},"213":{"name":"(anonymous_213)","line":1,"loc":{"start":{"line":1,"column":26565},"end":{"line":1,"column":26580}}},"214":{"name":"(anonymous_214)","line":1,"loc":{"start":{"line":1,"column":26659},"end":{"line":1,"column":26674}}},"215":{"name":"(anonymous_215)","line":1,"loc":{"start":{"line":1,"column":26754},"end":{"line":1,"column":26769}}},"216":{"name":"(anonymous_216)","line":1,"loc":{"start":{"line":1,"column":26824},"end":{"line":1,"column":26839}}},"217":{"name":"(anonymous_217)","line":1,"loc":{"start":{"line":1,"column":26889},"end":{"line":1,"column":26899}}},"218":{"name":"(anonymous_218)","line":1,"loc":{"start":{"line":1,"column":26961},"end":{"line":1,"column":26971}}},"219":{"name":"(anonymous_219)","line":1,"loc":{"start":{"line":1,"column":27028},"end":{"line":1,"column":27039}}},"220":{"name":"_","line":1,"loc":{"start":{"line":1,"column":27082},"end":{"line":1,"column":27095}}},"221":{"name":"(anonymous_221)","line":1,"loc":{"start":{"line":1,"column":27218},"end":{"line":1,"column":27231}}},"222":{"name":"(anonymous_222)","line":1,"loc":{"start":{"line":1,"column":27349},"end":{"line":1,"column":27359}}},"223":{"name":"(anonymous_223)","line":1,"loc":{"start":{"line":1,"column":27366},"end":{"line":1,"column":27376}}},"224":{"name":"(anonymous_224)","line":1,"loc":{"start":{"line":1,"column":27545},"end":{"line":1,"column":27556}}},"225":{"name":"(anonymous_225)","line":1,"loc":{"start":{"line":1,"column":27684},"end":{"line":1,"column":27695}}},"226":{"name":"(anonymous_226)","line":1,"loc":{"start":{"line":1,"column":27732},"end":{"line":1,"column":27743}}},"227":{"name":"(anonymous_227)","line":1,"loc":{"start":{"line":1,"column":27797},"end":{"line":1,"column":27810}}},"228":{"name":"(anonymous_228)","line":1,"loc":{"start":{"line":1,"column":27939},"end":{"line":1,"column":27952}}},"229":{"name":"(anonymous_229)","line":1,"loc":{"start":{"line":1,"column":28061},"end":{"line":1,"column":28074}}},"230":{"name":"(anonymous_230)","line":1,"loc":{"start":{"line":1,"column":28161},"end":{"line":1,"column":28172}}},"231":{"name":"(anonymous_231)","line":1,"loc":{"start":{"line":1,"column":28195},"end":{"line":1,"column":28208}}},"232":{"name":"(anonymous_232)","line":1,"loc":{"start":{"line":1,"column":28222},"end":{"line":1,"column":28233}}},"233":{"name":"(anonymous_233)","line":1,"loc":{"start":{"line":1,"column":28295},"end":{"line":1,"column":28306}}},"234":{"name":"(anonymous_234)","line":1,"loc":{"start":{"line":1,"column":28367},"end":{"line":1,"column":28377}}},"235":{"name":"(anonymous_235)","line":1,"loc":{"start":{"line":1,"column":28482},"end":{"line":1,"column":28495}}},"236":{"name":"(anonymous_236)","line":1,"loc":{"start":{"line":1,"column":28508},"end":{"line":1,"column":28518}}},"237":{"name":"(anonymous_237)","line":1,"loc":{"start":{"line":1,"column":28641},"end":{"line":1,"column":28651}}},"238":{"name":"(anonymous_238)","line":1,"loc":{"start":{"line":1,"column":28812},"end":{"line":1,"column":28827}}},"239":{"name":"(anonymous_239)","line":1,"loc":{"start":{"line":1,"column":28948},"end":{"line":1,"column":28963}}},"240":{"name":"(anonymous_240)","line":1,"loc":{"start":{"line":1,"column":29082},"end":{"line":1,"column":29095}}},"241":{"name":"(anonymous_241)","line":1,"loc":{"start":{"line":1,"column":29186},"end":{"line":1,"column":29199}}},"242":{"name":"(anonymous_242)","line":1,"loc":{"start":{"line":1,"column":29356},"end":{"line":1,"column":29369}}},"243":{"name":"(anonymous_243)","line":1,"loc":{"start":{"line":1,"column":29477},"end":{"line":1,"column":29490}}},"244":{"name":"(anonymous_244)","line":1,"loc":{"start":{"line":1,"column":29670},"end":{"line":1,"column":29683}}},"245":{"name":"r","line":1,"loc":{"start":{"line":1,"column":29684},"end":{"line":1,"column":29701}}},"246":{"name":"(anonymous_246)","line":1,"loc":{"start":{"line":1,"column":29710},"end":{"line":1,"column":29721}}},"247":{"name":"(anonymous_247)","line":1,"loc":{"start":{"line":1,"column":29875},"end":{"line":1,"column":29886}}},"248":{"name":"(anonymous_248)","line":1,"loc":{"start":{"line":1,"column":30006},"end":{"line":1,"column":30019}}},"249":{"name":"(anonymous_249)","line":1,"loc":{"start":{"line":1,"column":30151},"end":{"line":1,"column":30162}}},"250":{"name":"(anonymous_250)","line":1,"loc":{"start":{"line":1,"column":30473},"end":{"line":1,"column":30486}}},"251":{"name":"(anonymous_251)","line":1,"loc":{"start":{"line":1,"column":30819},"end":{"line":1,"column":30832}}},"252":{"name":"(anonymous_252)","line":1,"loc":{"start":{"line":1,"column":30848},"end":{"line":1,"column":30858}}},"253":{"name":"(anonymous_253)","line":1,"loc":{"start":{"line":1,"column":30980},"end":{"line":1,"column":30990}}},"254":{"name":"(anonymous_254)","line":1,"loc":{"start":{"line":1,"column":31145},"end":{"line":1,"column":31158}}},"255":{"name":"(anonymous_255)","line":1,"loc":{"start":{"line":1,"column":31264},"end":{"line":1,"column":31277}}},"256":{"name":"(anonymous_256)","line":1,"loc":{"start":{"line":1,"column":31436},"end":{"line":1,"column":31446}}},"257":{"name":"(anonymous_257)","line":1,"loc":{"start":{"line":1,"column":31569},"end":{"line":1,"column":31579}}},"258":{"name":"(anonymous_258)","line":1,"loc":{"start":{"line":1,"column":31717},"end":{"line":1,"column":31727}}},"259":{"name":"(anonymous_259)","line":1,"loc":{"start":{"line":1,"column":31845},"end":{"line":1,"column":31855}}},"260":{"name":"(anonymous_260)","line":1,"loc":{"start":{"line":1,"column":31975},"end":{"line":1,"column":31985}}},"261":{"name":"(anonymous_261)","line":1,"loc":{"start":{"line":1,"column":32105},"end":{"line":1,"column":32115}}},"262":{"name":"(anonymous_262)","line":1,"loc":{"start":{"line":1,"column":32235},"end":{"line":1,"column":32245}}},"263":{"name":"(anonymous_263)","line":1,"loc":{"start":{"line":1,"column":32362},"end":{"line":1,"column":32372}}},"264":{"name":"(anonymous_264)","line":1,"loc":{"start":{"line":1,"column":32513},"end":{"line":1,"column":32524}}},"265":{"name":"(anonymous_265)","line":1,"loc":{"start":{"line":1,"column":32689},"end":{"line":1,"column":32699}}},"266":{"name":"(anonymous_266)","line":1,"loc":{"start":{"line":1,"column":32860},"end":{"line":1,"column":32870}}},"267":{"name":"(anonymous_267)","line":1,"loc":{"start":{"line":1,"column":33031},"end":{"line":1,"column":33041}}},"268":{"name":"(anonymous_268)","line":1,"loc":{"start":{"line":1,"column":33194},"end":{"line":1,"column":33204}}},"269":{"name":"(anonymous_269)","line":1,"loc":{"start":{"line":1,"column":33372},"end":{"line":1,"column":33385}}},"270":{"name":"(anonymous_270)","line":1,"loc":{"start":{"line":1,"column":33404},"end":{"line":1,"column":33417}}},"271":{"name":"(anonymous_271)","line":1,"loc":{"start":{"line":1,"column":33535},"end":{"line":1,"column":33548}}},"272":{"name":"(anonymous_272)","line":1,"loc":{"start":{"line":1,"column":33678},"end":{"line":1,"column":33691}}},"273":{"name":"(anonymous_273)","line":1,"loc":{"start":{"line":1,"column":33738},"end":{"line":1,"column":33751}}},"274":{"name":"(anonymous_274)","line":1,"loc":{"start":{"line":1,"column":33962},"end":{"line":1,"column":33975}}},"275":{"name":"(anonymous_275)","line":1,"loc":{"start":{"line":1,"column":34117},"end":{"line":1,"column":34128}}},"276":{"name":"(anonymous_276)","line":1,"loc":{"start":{"line":1,"column":34303},"end":{"line":1,"column":34314}}},"277":{"name":"(anonymous_277)","line":1,"loc":{"start":{"line":1,"column":34395},"end":{"line":1,"column":34406}}},"278":{"name":"(anonymous_278)","line":1,"loc":{"start":{"line":1,"column":34703},"end":{"line":1,"column":34714}}},"279":{"name":"(anonymous_279)","line":1,"loc":{"start":{"line":1,"column":35110},"end":{"line":1,"column":35123}}},"280":{"name":"(anonymous_280)","line":1,"loc":{"start":{"line":1,"column":35208},"end":{"line":1,"column":35221}}},"281":{"name":"(anonymous_281)","line":1,"loc":{"start":{"line":1,"column":35434},"end":{"line":1,"column":35444}}},"282":{"name":"(anonymous_282)","line":1,"loc":{"start":{"line":1,"column":35541},"end":{"line":1,"column":35552}}},"283":{"name":"(anonymous_283)","line":1,"loc":{"start":{"line":1,"column":35607},"end":{"line":1,"column":35618}}},"284":{"name":"(anonymous_284)","line":1,"loc":{"start":{"line":1,"column":35905},"end":{"line":1,"column":35916}}},"285":{"name":"(anonymous_285)","line":1,"loc":{"start":{"line":1,"column":35986},"end":{"line":1,"column":35999}}},"286":{"name":"(anonymous_286)","line":1,"loc":{"start":{"line":1,"column":36048},"end":{"line":1,"column":36059}}},"287":{"name":"(anonymous_287)","line":1,"loc":{"start":{"line":1,"column":36168},"end":{"line":1,"column":36179}}},"288":{"name":"(anonymous_288)","line":1,"loc":{"start":{"line":1,"column":36501},"end":{"line":1,"column":36514}}},"289":{"name":"(anonymous_289)","line":1,"loc":{"start":{"line":1,"column":36544},"end":{"line":1,"column":36557}}},"290":{"name":"(anonymous_290)","line":1,"loc":{"start":{"line":1,"column":37465},"end":{"line":1,"column":37478}}},"291":{"name":"(anonymous_291)","line":1,"loc":{"start":{"line":1,"column":37508},"end":{"line":1,"column":37521}}},"292":{"name":"(anonymous_292)","line":1,"loc":{"start":{"line":1,"column":37784},"end":{"line":1,"column":37797}}},"293":{"name":"(anonymous_293)","line":1,"loc":{"start":{"line":1,"column":38191},"end":{"line":1,"column":38202}}},"294":{"name":"(anonymous_294)","line":1,"loc":{"start":{"line":1,"column":38368},"end":{"line":1,"column":38381}}},"295":{"name":"(anonymous_295)","line":1,"loc":{"start":{"line":1,"column":38760},"end":{"line":1,"column":38773}}},"296":{"name":"(anonymous_296)","line":1,"loc":{"start":{"line":1,"column":38856},"end":{"line":1,"column":38867}}},"297":{"name":"(anonymous_297)","line":1,"loc":{"start":{"line":1,"column":38908},"end":{"line":1,"column":38921}}},"298":{"name":"(anonymous_298)","line":1,"loc":{"start":{"line":1,"column":39012},"end":{"line":1,"column":39023}}},"299":{"name":"(anonymous_299)","line":1,"loc":{"start":{"line":1,"column":39189},"end":{"line":1,"column":39202}}},"300":{"name":"(anonymous_300)","line":1,"loc":{"start":{"line":1,"column":39237},"end":{"line":1,"column":39248}}},"301":{"name":"(anonymous_301)","line":1,"loc":{"start":{"line":1,"column":39454},"end":{"line":1,"column":39465}}},"302":{"name":"(anonymous_302)","line":1,"loc":{"start":{"line":1,"column":39524},"end":{"line":1,"column":39537}}},"303":{"name":"(anonymous_303)","line":1,"loc":{"start":{"line":1,"column":39595},"end":{"line":1,"column":39606}}},"304":{"name":"(anonymous_304)","line":1,"loc":{"start":{"line":1,"column":40093},"end":{"line":1,"column":40106}}},"305":{"name":"(anonymous_305)","line":1,"loc":{"start":{"line":1,"column":40208},"end":{"line":1,"column":40219}}},"306":{"name":"(anonymous_306)","line":1,"loc":{"start":{"line":1,"column":40431},"end":{"line":1,"column":40442}}},"307":{"name":"(anonymous_307)","line":1,"loc":{"start":{"line":1,"column":40472},"end":{"line":1,"column":40485}}},"308":{"name":"(anonymous_308)","line":1,"loc":{"start":{"line":1,"column":40700},"end":{"line":1,"column":40713}}},"309":{"name":"(anonymous_309)","line":1,"loc":{"start":{"line":1,"column":40794},"end":{"line":1,"column":40807}}},"310":{"name":"(anonymous_310)","line":1,"loc":{"start":{"line":1,"column":40824},"end":{"line":1,"column":40834}}},"311":{"name":"(anonymous_311)","line":1,"loc":{"start":{"line":1,"column":40998},"end":{"line":1,"column":41008}}},"312":{"name":"(anonymous_312)","line":1,"loc":{"start":{"line":1,"column":41145},"end":{"line":1,"column":41156}}},"313":{"name":"(anonymous_313)","line":1,"loc":{"start":{"line":1,"column":41186},"end":{"line":1,"column":41197}}},"314":{"name":"(anonymous_314)","line":1,"loc":{"start":{"line":1,"column":41356},"end":{"line":1,"column":41366}}},"315":{"name":"(anonymous_315)","line":1,"loc":{"start":{"line":1,"column":41502},"end":{"line":1,"column":41513}}},"316":{"name":"(anonymous_316)","line":1,"loc":{"start":{"line":1,"column":41652},"end":{"line":1,"column":41663}}},"317":{"name":"(anonymous_317)","line":1,"loc":{"start":{"line":1,"column":41721},"end":{"line":1,"column":41732}}},"318":{"name":"(anonymous_318)","line":1,"loc":{"start":{"line":1,"column":41851},"end":{"line":1,"column":41862}}},"319":{"name":"(anonymous_319)","line":1,"loc":{"start":{"line":1,"column":41904},"end":{"line":1,"column":41915}}},"320":{"name":"(anonymous_320)","line":1,"loc":{"start":{"line":1,"column":42086},"end":{"line":1,"column":42099}}},"321":{"name":"(anonymous_321)","line":1,"loc":{"start":{"line":1,"column":42199},"end":{"line":1,"column":42210}}},"322":{"name":"(anonymous_322)","line":1,"loc":{"start":{"line":1,"column":42240},"end":{"line":1,"column":42251}}},"323":{"name":"(anonymous_323)","line":1,"loc":{"start":{"line":1,"column":42955},"end":{"line":1,"column":42965}}},"324":{"name":"(anonymous_324)","line":1,"loc":{"start":{"line":1,"column":43031},"end":{"line":1,"column":43042}}},"325":{"name":"(anonymous_325)","line":1,"loc":{"start":{"line":1,"column":43461},"end":{"line":1,"column":43476}}},"326":{"name":"(anonymous_326)","line":1,"loc":{"start":{"line":1,"column":43491},"end":{"line":1,"column":43502}}},"327":{"name":"a","line":8,"loc":{"start":{"line":8,"column":27},"end":{"line":8,"column":39}}},"328":{"name":"s","line":8,"loc":{"start":{"line":8,"column":91},"end":{"line":8,"column":106}}},"329":{"name":"u","line":8,"loc":{"start":{"line":8,"column":278},"end":{"line":8,"column":295}}},"330":{"name":"h","line":8,"loc":{"start":{"line":8,"column":531},"end":{"line":8,"column":550}}},"331":{"name":"(anonymous_331)","line":8,"loc":{"start":{"line":8,"column":698},"end":{"line":8,"column":715}}},"332":{"name":"(anonymous_332)","line":8,"loc":{"start":{"line":8,"column":1070},"end":{"line":8,"column":1085}}},"333":{"name":"(anonymous_333)","line":8,"loc":{"start":{"line":8,"column":1291},"end":{"line":8,"column":1304}}},"334":{"name":"c","line":8,"loc":{"start":{"line":8,"column":1714},"end":{"line":8,"column":1727}}},"335":{"name":"f","line":8,"loc":{"start":{"line":8,"column":1874},"end":{"line":8,"column":1889}}},"336":{"name":"l","line":8,"loc":{"start":{"line":8,"column":1977},"end":{"line":8,"column":1992}}},"337":{"name":"p","line":8,"loc":{"start":{"line":8,"column":2079},"end":{"line":8,"column":2092}}},"338":{"name":"d","line":8,"loc":{"start":{"line":8,"column":2220},"end":{"line":8,"column":2235}}},"339":{"name":"y","line":8,"loc":{"start":{"line":8,"column":2781},"end":{"line":8,"column":2798}}},"340":{"name":"g","line":8,"loc":{"start":{"line":8,"column":3318},"end":{"line":8,"column":3335}}},"341":{"name":"b","line":8,"loc":{"start":{"line":8,"column":3364},"end":{"line":8,"column":3385}}},"342":{"name":"m","line":8,"loc":{"start":{"line":8,"column":3985},"end":{"line":8,"column":4006}}},"343":{"name":"h","line":8,"loc":{"start":{"line":8,"column":4192},"end":{"line":8,"column":4207}}},"344":{"name":"E","line":8,"loc":{"start":{"line":8,"column":4491},"end":{"line":8,"column":4510}}},"345":{"name":"T","line":8,"loc":{"start":{"line":8,"column":4749},"end":{"line":8,"column":4768}}},"346":{"name":"v","line":8,"loc":{"start":{"line":8,"column":4801},"end":{"line":8,"column":4820}}},"347":{"name":"(anonymous_347)","line":8,"loc":{"start":{"line":8,"column":4830},"end":{"line":8,"column":4841}}},"348":{"name":"w","line":8,"loc":{"start":{"line":8,"column":4922},"end":{"line":8,"column":4941}}},"349":{"name":"O","line":8,"loc":{"start":{"line":8,"column":4960},"end":{"line":8,"column":4979}}},"350":{"name":"A","line":8,"loc":{"start":{"line":8,"column":5001
[...]
mn":15262},"end":{"line":8,"column":15263}},{"start":{"line":8,"column":15265},"end":{"line":8,"column":15291}}]},"547":{"line":8,"type":"cond-expr","locations":[{"start":{"line":8,"column":15315},"end":{"line":8,"column":15378}},{"start":{"line":8,"column":15380},"end":{"line":8,"column":15394}}]},"548":{"line":8,"type":"binary-expr","locations":[{"start":{"line":8,"column":15459},"end":{"line":8,"column":15460}},{"start":{"line":8,"column":15462},"end":{"line":8,"column":15488}}]},"549":{"line":8,"type":"cond-expr","locations":[{"start":{"line":8,"column":15512},"end":{"line":8,"column":15575}},{"start":{"line":8,"column":15577},"end":{"line":8,"column":15591}}]},"550":{"line":8,"type":"if","locations":[{"start":{"line":8,"column":15638},"end":{"line":8,"column":15638}},{"start":{"line":8,"column":15638},"end":{"line":8,"column":15638}}]},"551":{"line":8,"type":"binary-expr","locations":[{"start":{"line":8,"column":15734},"end":{"line":8,"column":15739}},{"start":{"line":8,"column":15742},"end":{"line":8,"column":15748}}]},"552":{"line":8,"type":"binary-expr","locations":[{"start":{"line":8,"column":15751},"end":{"line":8,"column":15754}},{"start":{"line":8,"column":15756},"end":{"line":8,"column":15761}},{"start":{"line":8,"column":15763},"end":{"line":8,"column":15778}},{"start":{"line":8,"column":15781},"end":{"line":8,"column":15784}}]},"553":{"line":8,"type":"if","locations":[{"start":{"line":8,"column":15864},"end":{"line":8,"column":15864}},{"start":{"line":8,"column":15864},"end":{"line":8,"column":15864}}]},"554":{"line":8,"type":"binary-expr","locations":[{"start":{"line":8,"column":15964},"end":{"line":8,"column":15970}},{"start":{"line":8,"column":15973},"end":{"line":8,"column":15979}}]},"555":{"line":8,"type":"binary-expr","locations":[{"start":{"line":8,"column":15982},"end":{"line":8,"column":15985}},{"start":{"line":8,"column":15987},"end":{"line":8,"column":15992}},{"start":{"line":8,"column":15994},"end":{"line":8,"column":16009}},{"start":{"line":8,"column":16012},"end":{"line":8,"column":16015}}]},"556":{"line":8,"type":"binary-expr","locations":[{"start":{"line":8,"column":16109},"end":{"line":8,"column":16110}},{"start":{"line":8,"column":16112},"end":{"line":8,"column":16134}}]},"557":{"line":8,"type":"binary-expr","locations":[{"start":{"line":8,"column":16135},"end":{"line":8,"column":16156}},{"start":{"line":8,"column":16159},"end":{"line":8,"column":16174}}]},"558":{"line":8,"type":"binary-expr","locations":[{"start":{"line":8,"column":16176},"end":{"line":8,"column":16179}},{"start":{"line":8,"column":16182},"end":{"line":8,"column":16191}}]},"559":{"line":8,"type":"binary-expr","locations":[{"start":{"line":8,"column":16270},"end":{"line":8,"column":16271}},{"start":{"line":8,"column":16273},"end":{"line":8,"column":16299}}]},"560":{"line":8,"type":"cond-expr","locations":[{"start":{"line":8,"column":16323},"end":{"line":8,"column":16352}},{"start":{"line":8,"column":16354},"end":{"line":8,"column":16368}}]},"561":{"line":8,"type":"binary-expr","locations":[{"start":{"line":8,"column":16432},"end":{"line":8,"column":16433}},{"start":{"line":8,"column":16435},"end":{"line":8,"column":16461}}]},"562":{"line":8,"type":"cond-expr","locations":[{"start":{"line":8,"column":16485},"end":{"line":8,"column":16514}},{"start":{"line":8,"column":16516},"end":{"line":8,"column":16530}}]},"563":{"line":8,"type":"binary-expr","locations":[{"start":{"line":8,"column":16594},"end":{"line":8,"column":16595}},{"start":{"line":8,"column":16597},"end":{"line":8,"column":16633}}]},"564":{"line":8,"type":"cond-expr","locations":[{"start":{"line":8,"column":16657},"end":{"line":8,"column":16720}},{"start":{"line":8,"column":16722},"end":{"line":8,"column":16736}}]},"565":{"line":8,"type":"binary-expr","locations":[{"start":{"line":8,"column":16800},"end":{"line":8,"column":16801}},{"start":{"line":8,"column":16803},"end":{"line":8,"column":16839}}]},"566":{"line":8,"type":"binary-expr","locations":[{"start":{"line":8,"column":16840},"end":{"line":8,"column":16843}},{"start":{"line":8,"column":16846},"end":{"line":8,"column":16862}}]},"567":{"line":8,"type":"cond-expr","locations":[{"start":{"line":8,"column":16887},"end":{"line":8,"column":16950}},{"start":{"line":8,"column":16952},"end":{"line":8,"column":16966}}]},"568":{"line":8,"type":"if","locations":[{"start":{"line":8,"column":17273},"end":{"line":8,"column":17273}},{"start":{"line":8,"column":17273},"end":{"line":8,"column":17273}}]},"569":{"line":8,"type":"binary-expr","locations":[{"start":{"line":8,"column":17276},"end":{"line":8,"column":17277}},{"start":{"line":8,"column":17280},"end":{"line":8,"column":17283}}]},"570":{"line":8,"type":"binary-expr","locations":[{"start":{"line":8,"column":17285},"end":{"line":8,"column":17286}},{"start":{"line":8,"column":17288},"end":{"line":8,"column":17293}},{"start":{"line":8,"column":17296},"end":{"line":8,"column":17309}}]},"571":{"line":8,"type":"binary-expr","locations":[{"start":{"line":8,"column":17311},"end":{"line":8,"column":17322}},{"start":{"line":8,"column":17325},"end":{"line":8,"column":17335}}]},"572":{"line":8,"type":"binary-expr","locations":[{"start":{"line":8,"column":17337},"end":{"line":8,"column":17338}},{"start":{"line":8,"column":17341},"end":{"line":8,"column":17344}}]},"573":{"line":8,"type":"binary-expr","locations":[{"start":{"line":8,"column":17346},"end":{"line":8,"column":17349}},{"start":{"line":8,"column":17351},"end":{"line":8,"column":17354}},{"start":{"line":8,"column":17357},"end":{"line":8,"column":17360}}]},"574":{"line":8,"type":"if","locations":[{"start":{"line":8,"column":17377},"end":{"line":8,"column":17377}},{"start":{"line":8,"column":17377},"end":{"line":8,"column":17377}}]},"575":{"line":8,"type":"binary-expr","locations":[{"start":{"line":8,"column":17380},"end":{"line":8,"column":17392}},{"start":{"line":8,"column":17394},"end":{"line":8,"column":17409}}]},"576":{"line":8,"type":"if","locations":[{"start":{"line":8,"column":17419},"end":{"line":8,"column":17419}},{"start":{"line":8,"column":17419},"end":{"line":8,"column":17419}}]},"577":{"line":8,"type":"if","locations":[{"start":{"line":8,"column":17476},"end":{"line":8,"column":17476}},{"start":{"line":8,"column":17476},"end":{"line":8,"column":17476}}]},"578":{"line":8,"type":"binary-expr","locations":[{"start":{"line":8,"column":17479},"end":{"line":8,"column":17482}},{"start":{"line":8,"column":17484},"end":{"line":8,"column":17498}}]},"579":{"line":8,"type":"if","locations":[{"start":{"line":8,"column":17549},"end":{"line":8,"column":17549}},{"start":{"line":8,"column":17549},"end":{"line":8,"column":17549}}]},"580":{"line":8,"type":"binary-expr","locations":[{"start":{"line":8,"column":17604},"end":{"line":8,"column":17617}},{"start":{"line":8,"column":17620},"end":{"line":8,"column":17633}}]},"581":{"line":8,"type":"binary-expr","locations":[{"start":{"line":8,"column":17635},"end":{"line":8,"column":17649}},{"start":{"line":8,"column":17652},"end":{"line":8,"column":17666}}]},"582":{"line":8,"type":"if","locations":[{"start":{"line":8,"column":17680},"end":{"line":8,"column":17680}},{"start":{"line":8,"column":17680},"end":{"line":8,"column":17680}}]},"583":{"line":8,"type":"binary-expr","locations":[{"start":{"line":8,"column":17683},"end":{"line":8,"column":17691}},{"start":{"line":8,"column":17693},"end":{"line":8,"column":17696}},{"start":{"line":8,"column":17698},"end":{"line":8,"column":17701}}]},"584":{"line":8,"type":"if","locations":[{"start":{"line":8,"column":17743},"end":{"line":8,"column":17743}},{"start":{"line":8,"column":17743},"end":{"line":8,"column":17743}}]},"585":{"line":8,"type":"binary-expr","locations":[{"start":{"line":8,"column":17746},"end":{"line":8,"column":17751}},{"start":{"line":8,"column":17753},"end":{"line":8,"column":17775}}]},"586":{"line":8,"type":"if","locations":[{"start":{"line":8,"column":17915},"end":{"line":8,"column":17915}},{"start":{"line":8,"column":17915},"end":{"line":8,"column":17915}}]},"587":{"line":8,"type":"if","locations":[{"start":{"line":8,"column":17938},"end":{"line":8,"column":17938}},{"start":{"line":8,"column":17938},"end":{"line":8,"column":17938}}]},"588":{"line":8,"type":"cond-expr","locations":[{"start":{"line":8,"column":17961},"end":{"line":8,"column":17982}},{"start":{"line":8,"column":17984},"end":{"line":8,"column":18023}}]},"589":{"line":8,"type":"binary-expr","locations":[{"start":{"line":8,"column":17984},"end":{"line":8,"column":18002}},{"start":{"line":8,"column":18005},"end":{"line":8,"column":18022}}]},"590":{"line":8,"type":"binary-expr","locations":[{"start":{"line":8,"column":18060},"end":{"line":8,"column":18065}},{"start":{"line":8,"column":18068},"end":{"line":8,"column":18071}}]},"591":{"line":8,"type":"if","locations":[{"start":{"line":8,"column":18073},"end":{"line":8,"column":18073}},{"start":{"line":8,"column":18073},"end":{"line":8,"column":18073}}]},"592":{"line":8,"type":"binary-expr","locations":[{"start":{"line":8,"column":18076},"end":{"line":8,"column":18086}},{"start":{"line":8,"column":18088},"end":{"line":8,"column":18106}}]},"593":{"line":8,"type":"if","locations":[{"start":{"line":8,"column":18156},"end":{"line":8,"column":18156}},{"start":{"line":8,"column":18156},"end":{"line":8,"column":18156}}]},"594":{"line":8,"type":"binary-expr","locations":[{"start":{"line":8,"column":18159},"end":{"line":8,"column":18177}},{"start":{"line":8,"column":18179},"end":{"line":8,"column":18195}}]},"595":{"line":8,"type":"binary-expr","locations":[{"start":{"line":8,"column":18244},"end":{"line":8,"column":18262}},{"start":{"line":8,"column":18265},"end":{"line":8,"column":18271}}]},"596":{"line":8,"type":"if","locations":[{"start":{"line":8,"column":18273},"end":{"line":8,"column":18273}},{"start":{"line":8,"column":18273},"end":{"line":8,"column":18273}}]},"597":{"line":8,"type":"binary-expr","locations":[{"start":{"line":8,"column":18276},"end":{"line":8,"column":18279}},{"start":{"line":8,"column":18281},"end":{"line":8,"column":18294}},{"start":{"line":8,"column":18296},"end":{"line":8,"column":18309}}]},"598":{"line":8,"type":"if","locations":[{"start":{"line":8,"column":18353},"end":{"line":8,"column":18353}},{"start":{"line":8,"column":18353},"end":{"line":8,"column":18353}}]},"599":{"line":8,"type":"if","locations":[{"start":{"line":8,"column":18379},"end":{"line":8,"column":18379}},{"start":{"line":8,"column":18379},"end":{"line":8,"column":18379}}]},"600":{"line":8,"type":"cond-expr","locations":[{"start":{"line":8,"column":18402},"end":{"line":8,"column":18413}},{"start":{"line":8,"column":18414},"end":{"line":8,"column":18419}}]},"601":{"line":8,"type":"binary-expr","locations":[{"start":{"line":8,"column":18420},"end":{"line":8,"column":18421}},{"start":{"line":8,"column":18424},"end":{"line":8,"column":18427}}]},"602":{"line":8,"type":"cond-expr","locations":[{"start":{"line":8,"column":18499},"end":{"line":8,"column":18500}},{"start":{"line":8,"column":18501},"end":{"line":8,"column":18525}}]},"603":{"line":8,"type":"cond-expr","locations":[{"start":{"line":8,"column":18638},"end":{"line":8,"column":18656}},{"start":{"line":8,"column":18657},"end":{"line":8,"column":18671}}]},"604":{"line":8,"type":"binary-expr","locations":[{"start":{"line":8,"column":18696},"end":{"line":8,"column":18697}},{"start":{"line":8,"column":18699},"end":{"line":8,"column":18702}}]},"605":{"line":8,"type":"if","locations":[{"start":{"line":8,"column":18747},"end":{"line":8,"column":18747}},{"start":{"line":8,"column":18747},"end":{"line":8,"column":18747}}]},"606":{"line":8,"type":"binary-expr","locations":[{"start":{"line":8,"column":18750},"end":{"line":8,"column":18775}},{"start":{"line":8,"column":18777},"end":{"line":8,"column":18784}}]},"607":{"line":8,"type":"if","locations":[{"start":{"line":8,"column":18786},"end":{"line":8,"column":18786}},{"start":{"line":8,"column":18786},"end":{"line":8,"column":18786}}]},"608":{"line":8,"type":"if","locations":[{"start":{"line":8,"column":18793},"end":{"line":8,"column":18793}},{"start":{"line":8,"column":18793},"end":{"line":8,"column":18793}}]},"609":{"line":8,"type":"binary-expr","locations":[{"start":{"line":8,"column":18805},"end":{"line":8,"column":18814}},{"start":{"line":8,"column":18816},"end":{"line":8,"column":18835}}]},"610":{"line":8,"type":"if","locations":[{"start":{"line":8,"column":18845},"end":{"line":8,"column":18845}},{"start":{"line":8,"column":18845},"end":{"line":8,"column":18845}}]},"611":{"line":8,"type":"binary-expr","locations":[{"start":{"line":8,"column":18857},"end":{"line":8,"column":18866}},{"start":{"line":8,"column":18868},"end":{"line":8,"column":18887}}]},"612":{"line":8,"type":"if","locations":[{"start":{"line":8,"column":18910},"end":{"line":8,"column":18910}},{"start":{"line":8,"column":18910},"end":{"line":8,"column":18910}}]},"613":{"line":8,"type":"binary-expr","locations":[{"start":{"line":8,"column":18922},"end":{"line":8,"column":18931}},{"start":{"line":8,"column":18933},"end":{"line":8,"column":18952}}]},"614":{"line":8,"type":"binary-expr","locations":[{"start":{"line":8,"column":19001},"end":{"line":8,"column":19002}},{"start":{"line":8,"column":19004},"end":{"line":8,"column":19013}},{"start":{"line":8,"column":19015},"end":{"line":8,"column":19034}}]},"615":{"line":8,"type":"if","locations":[{"start":{"line":8,"column":19035},"end":{"line":8,"column":19035}},{"start":{"line":8,"column":19035},"end":{"line":8,"column":19035}}]},"616":{"line":8,"type":"if","locations":[{"start":{"line":8,"column":19052},"end":{"line":8,"column":19052}},{"start":{"line":8,"column":19052},"end":{"line":8,"column":19052}}]},"617":{"line":8,"type":"if","locations":[{"start":{"line":8,"column":19085},"end":{"line":8,"column":19085}},{"start":{"line":8,"column":19085},"end":{"line":8,"column":19085}}]},"618":{"line":8,"type":"if","locations":[{"start":{"line":8,"column":19096},"end":{"line":8,"column":19096}},{"start":{"line":8,"column":19096},"end":{"line":8,"column":19096}}]},"619":{"line":8,"type":"if","locations":[{"start":{"line":8,"column":19145},"end":{"line":8,"column":19145}},{"start":{"line":8,"column":19145},"end":{"line":8,"column":19145}}]},"620":{"line":8,"type":"if","locations":[{"start":{"line":8,"column":19157},"end":{"line":8,"column":19157}},{"start":{"line":8,"column":19157},"end":{"line":8,"column":19157}}]},"621":{"line":8,"type":"if","locations":[{"start":{"line":8,"column":19219},"end":{"line":8,"column":19219}},{"start":{"line":8,"column":19219},"end":{"line":8,"column":19219}}]},"622":{"line":8,"type":"if","locations":[{"start":{"line":8,"column":19273},"end":{"line":8,"column":19273}},{"start":{"line":8,"column":19273},"end":{"line":8,"column":19273}}]},"623":{"line":8,"type":"if","locations":[{"start":{"line":8,"column":19400},"end":{"line":8,"column":19400}},{"start":{"line":8,"column":19400},"end":{"line":8,"column":19400}}]},"624":{"line":8,"type":"cond-expr","locations":[{"start":{"line":8,"column":19432},"end":{"line":8,"column":19440}},{"start":{"line":8,"column":19441},"end":{"line":8,"column":19467}}]},"625":{"line":8,"type":"binary-expr","locations":[{"start":{"line":8,"column":19578},"end":{"line":8,"column":19581}},{"start":{"line":8,"column":19583},"end":{"line":8,"column":19612}}]},"626":{"line":8,"type":"binary-expr","locations":[{"start":{"line":8,"column":19585},"end":{"line":8,"column":19598}},{"start":{"line":8,"column":19600},"end":{"line":8,"column":19611}}]},"627":{"line":8,"type":"binary-expr","locations":[{"start":{"line":8,"column":20036},"end":{"line":8,"column":20041}},{"start":{"line":8,"column":20044},"end":{"line":8,"column":20104}}]},"628":{"line":8,"type":"binary-expr","locations":[{"start":{"line":8,"column":20106},"end":{"line":8,"column":20111}},{"start":{"line":8,"column":20114},"end":{"line":8,"column":20215}}]},"629":{"line":8,"type":"cond-expr","locations":[{"start":{"line":8,"column":20333},"end":{"line":8,"column":20334}},{"start":{"line":8,"column":20335},"end":{"line":8,"column":20342}}]},"630":{"line":8,"type":"cond-expr","locations":[{"start":{"line":8,"column":20352},"end":{"line":8,"column":20392}},{"start":{"line":8,"column":20394},"end":{"line":8,"column":20466}}]},"631":{"line":8,"type":"binary-expr","locations":[{"start":{"line":8,"column":20394},"end":{"line":8,"column":20399}},{"start":{"line":8,"column":20402},"end":{"line":8,"column":20465}}]},"632":{"line":8,"type":"if","locations":[{"start":{"line":8,"column":20706},"end":{"line":8,"column":20706}},{"start":{"line":8,"column":20706},"end":{"line":8,"column":20706}}]},"633":{"line":8,"type":"binary-expr","locations":[{"start":{"line":8,"column":20808},"end":{"line":8,"column":20814}},{"start":{"line":8,"column":20817},"end":{"line":8,"column":20820}}]},"634":{"line":8,"type":"cond-expr","locations":[{"start":{"line":8,"column":20831},"end":{"line":8,"column":20832}},{"start":{"line":8,"column":20833},"end":{"line":8,"column":20838}}]},"635":{"line":8,"type":"cond-expr","locations":[{"start":{"line":8,"column":21149},"end":{"line":8,"column":21152}},{"start":{"line":8,"column":21153},"end":{"line":8,"column":21154}}]},"636":{"line":8,"type":"cond-expr","locations":[{"start":{"line":8,"column":21159},"end":{"line":8,"column":21161}},{"start":{"line":8,"column":21162},"end":{"line":8,"column":21163}}]},"637":{"line":8,"type":"if","locations":[{"start":{"line":8,"column":21298},"end":{"line":8,"column":21298}},{"start":{"line":8,"column":21298},"end":{"line":8,"column":21298}}]},"638":{"line":8,"type":"if","locations":[{"start":{"line":8,"column":21318},"end":{"line":8,"column":21318}},{"start":{"line":8,"column":21318},"end":{"line":8,"column":21318}}]},"639":{"line":8,"type":"cond-expr","locations":[{"start":{"line":8,"column":21336},"end":{"line":8,"column":21339}},{"start":{"line":8,"column":21340},"end":{"line":8,"column":21352}}]},"640":{"line":8,"type":"cond-expr","locations":[{"start":{"line":8,"column":21347},"end":{"line":8,"column":21349}},{"start":{"line":8,"column":21350},"end":{"line":8,"column":21351}}]},"641":{"line":8,"type":"cond-expr","locations":[{"start":{"line":8,"column":21384},"end":{"line":8,"column":21386}},{"start":{"line":8,"column":21387},"end":{"line":8,"column":21388}}]},"642":{"line":8,"type":"cond-expr","locations":[{"start":{"line":8,"column":21486},"end":{"line":8,"column":21517}},{"start":{"line":8,"column":21518},"end":{"line":8,"column":21519}}]},"643":{"line":8,"type":"cond-expr","locations":[{"start":{"line":8,"column":21524},"end":{"line":8,"column":21525}},{"start":{"line":8,"column":21526},"end":{"line":8,"column":21529}}]},"644":{"line":8,"type":"cond-expr","locations":[{"start":{"line":8,"column":21534},"end":{"line":8,"column":21535}},{"start":{"line":8,"column":21536},"end":{"line":8,"column":21538}}]},"645":{"line":8,"type":"cond-expr","locations":[{"start":{"line":8,"column":21559},"end":{"line":8,"column":21560}},{"start":{"line":8,"column":21561},"end":{"line":8,"column":21562}}]},"646":{"line":8,"type":"binary-expr","locations":[{"start":{"line":8,"column":21541},"end":{"line":8,"column":21544}},{"start":{"line":8,"column":21546},"end":{"line":8,"column":21551}},{"start":{"line":8,"column":21553},"end":{"line":8,"column":21558}}]},"647":{"line":8,"type":"binary-expr","locations":[{"start":{"line":8,"column":21987},"end":{"line":8,"column":22000}},{"start":{"line":8,"column":22002},"end":{"line":8,"column":22048}}]},"648":{"line":8,"type":"if","locations":[{"start":{"line":8,"column":22100},"end":{"line":8,"column":22100}},{"start":{"line":8,"column":22100},"end":{"line":8,"column":22100}}]},"649":{"line":8,"type":"if","locations":[{"start":{"line":8,"column":22118},"end":{"line":8,"column":22118}},{"start":{"line":8,"column":22118},"end":{"line":8,"column":22118}}]},"650":{"line":8,"type":"if","locations":[{"start":{"line":8,"column":22136},"end":{"line":8,"column":22136}},{"start":{"line":8,"column":22136},"end":{"line":8,"column":22136}}]}},"l":{"1":729,"8":64}}}
