TN:
SF:D:\code\unit-test-pro\src\one.js
FN:1,(anonymous_1)
FN:1,r
FN:1,(anonymous_3)
FN:1,(anonymous_4)
FN:1,(anonymous_5)
FN:1,(anonymous_6)
FN:1,(anonymous_7)
FN:1,(anonymous_8)
FN:1,(anonymous_9)
FN:1,(anonymous_10)
FN:1,(anonymous_11)
FNF:11
FNH:3
FNDA:1,(anonymous_1)
FNDA:1,r
FNDA:0,(anonymous_3)
FNDA:0,(anonymous_4)
FNDA:0,(anonymous_5)
FNDA:0,(anonymous_6)
FNDA:0,(anonymous_7)
FNDA:0,(anonymous_8)
FNDA:0,(anonymous_9)
FNDA:0,(anonymous_10)
FNDA:1,(anonymous_11)
DA:1,1
LF:1
LH:1
BRDA:1,1,0,0
BRDA:1,1,1,1
BRDA:1,2,0,0
BRDA:1,2,1,0
BRDA:1,3,0,0
BRDA:1,3,1,0
BRDA:1,3,2,0
BRDA:1,4,0,0
BRDA:1,4,1,0
BRDA:1,5,0,0
BRDA:1,5,1,0
BRDA:1,6,0,0
BRDA:1,6,1,0
BRDA:1,7,0,0
BRDA:1,7,1,0
BRDA:1,7,2,0
BRDA:1,7,3,0
BRDA:1,8,0,0
BRDA:1,8,1,0
BRDA:1,9,0,0
BRDA:1,9,1,0
BRDA:1,10,0,0
BRDA:1,10,1,0
BRDA:1,11,0,0
BRDA:1,11,1,0
BRF:25
BRH:1
end_of_record
TN:
SF:D:\code\unit-test-pro\src\promise.js
FN:1,(anonymous_1)
FN:1,r
FN:1,(anonymous_3)
FN:1,(anonymous_4)
FN:1,(anonymous_5)
FN:1,(anonymous_6)
FN:1,(anonymous_7)
FN:1,(anonymous_8)
FN:1,(anonymous_9)
FN:1,(anonymous_10)
FN:1,(anonymous_11)
FNF:11
FNH:3
FNDA:1,(anonymous_1)
FNDA:1,r
FNDA:0,(anonymous_3)
FNDA:0,(anonymous_4)
FNDA:0,(anonymous_5)
FNDA:0,(anonymous_6)
FNDA:0,(anonymous_7)
FNDA:0,(anonymous_8)
FNDA:0,(anonymous_9)
FNDA:0,(anonymous_10)
FNDA:1,(anonymous_11)
DA:1,1
LF:1
LH:1
BRDA:1,1,0,0
BRDA:1,1,1,1
BRDA:1,2,0,0
BRDA:1,2,1,0
BRDA:1,3,0,0
BRDA:1,3,1,0
BRDA:1,3,2,0
BRDA:1,4,0,0
BRDA:1,4,1,0
BRDA:1,5,0,0
BRDA:1,5,1,0
BRDA:1,6,0,0
BRDA:1,6,1,0
BRDA:1,7,0,0
BRDA:1,7,1,0
BRDA:1,7,2,0
BRDA:1,7,3,0
BRDA:1,8,0,0
BRDA:1,8,1,0
BRDA:1,9,0,0
BRDA:1,9,1,0
BRDA:1,10,0,0
BRDA:1,10,1,0
BRDA:1,11,0,0
BRDA:1,11,1,0
BRF:25
BRH:1
end_of_record
TN:
SF:D:\code\unit-test-pro\src\two.js
FN:1,(anonymous_1)
FN:1,r
FN:1,(anonymous_3)
FN:1,(anonymous_4)
FN:1,(anonymous_5)
FN:1,(anonymous_6)
FN:1,(anonymous_7)
FN:1,(anonymous_8)
FN:1,(anonymous_9)
FN:1,(anonymous_10)
FN:1,(anonymous_11)
FN:1,(anonymous_12)
FNF:12
FNH:3
FNDA:1,(anonymous_1)
FNDA:1,r
FNDA:0,(anonymous_3)
FNDA:0,(anonymous_4)
FNDA:0,(anonymous_5)
FNDA:0,(anonymous_6)
FNDA:0,(anonymous_7)
FNDA:0,(anonymous_8)
FNDA:0,(anonymous_9)
FNDA:0,(anonymous_10)
FNDA:1,(anonymous_11)
FNDA:0,(anonymous_12)
DA:1,1
LF:1
LH:1
BRDA:1,1,0,0
BRDA:1,1,1,1
BRDA:1,2,0,0
BRDA:1,2,1,0
BRDA:1,3,0,0
BRDA:1,3,1,0
BRDA:1,3,2,0
BRDA:1,4,0,0
BRDA:1,4,1,0
BRDA:1,5,0,0
BRDA:1,5,1,0
BRDA:1,6,0,0
BRDA:1,6,1,0
BRDA:1,7,0,0
BRDA:1,7,1,0
BRDA:1,7,2,0
BRDA:1,7,3,0
BRDA:1,8,0,0
BRDA:1,8,1,0
BRDA:1,9,0,0
BRDA:1,9,1,0
BRDA:1,10,0,0
BRDA:1,10,1,0
BRDA:1,11,0,0
BRDA:1,11,1,0
BRDA:1,12,0,0
BRDA:1,12,1,0
BRDA:1,13,0,0
BRDA:1,13,1,0
BRDA:1,14,0,0
BRDA:1,14,1,0
BRF:31
BRH:1
end_of_record
TN:
SF:D:\code\unit-test-pro\test\one.js
FN:1,(anonymous_1)
FN:1,r
FN:1,(anonymous_3)
FN:1,(anonymous_4)
FN:1,(anonymous_5)
FN:1,(anonymous_6)
FN:1,(anonymous_7)
FN:1,(anonymous_8)
FN:1,(anonymous_9)
FN:1,(anonymous_10)
FN:1,(anonymous_11)
FN:1,(anonymous_12)
FN:1,n
FN:1,(anonymous_14)
FN:1,(anonymous_15)
FN:1,o
FN:1,(anonymous_17)
FN:1,(anonymous_18)
FN:1,(anonymous_19)
FN:1,(anonymous_20)
FN:1,(anonymous_21)
FN:1,(anonymous_22)
FN:1,(anonymous_23)
FN:1,(anonymous_24)
FN:1,s
FN:1,(anonymous_26)
FN:1,(anonymous_27)
FN:1,(anonymous_28)
FN:1,(anonymous_29)
FN:1,(anonymous_30)
FN:1,(anonymous_31)
FN:1,(anonymous_32)
FN:1,(anonymous_33)
FN:1,a
FN:1,s
FN:1,(anonymous_36)
FN:1,(anonymous_37)
FN:1,(anonymous_38)
FN:1,(anonymous_39)
FN:1,(anonymous_40)
FN:1,(anonymous_41)
FN:1,(anonymous_42)
FN:1,(anonymous_43)
FN:1,(anonymous_44)
FN:1,(anonymous_45)
FN:1,(anonymous_46)
FN:1,(anonymous_47)
FN:1,(anonymous_48)
FN:1,(anonymous_49)
FN:1,(anonymous_50)
FN:1,(anonymous_51)
FN:1,(anonymous_52)
FN:1,(anonymous_53)
FN:1,(anonymous_54)
FN:1,l
FN:1,(anonymous_56)
FN:1,(anonymous_57)
FN:1,(anonymous_58)
FN:1,(anonymous_59)
FN:1,(anonymous_60)
FN:1,(anonymous_61)
FN:1,(anonymous_62)
FN:1,(anonymous_63)
FN:1,(anonymous_64)
FN:1,(anonymous_65)
FN:1,(anonymous_66)
FN:1,(anonymous_67)
FN:1,(anonymous_68)
FN:1,(anonymous_69)
FN:1,(anonymous_70)
FN:1,(anonymous_71)
FN:1,(anonymous_72)
FN:1,(anonymous_73)
FN:1,(anonymous_74)
FN:1,o
FN:1,s
FN:1,u
FN:1,l
FN:1,p
FN:1,d
FN:1,y
FN:1,g
FN:1,b
FN:1,(anonymous_84)
FN:1,(anonymous_85)
FN:1,(anonymous_86)
FN:1,(anonymous_87)
FN:1,(anonymous_88)
FN:1,(anonymous_89)
FN:1,(anonymous_90)
FN:1,(anonymous_91)
FN:1,(anonymous_92)
FN:1,(anonymous_93)
FN:1,(anonymous_94)
FN:1,(anonymous_95)
FN:1,(anonymous_96)
FN:1,(anonymous_97)
FN:1,(anonymous_98)
FN:1,(anonymous_99)
FN:1,(anonymous_100)
FN:1,(anonymous_101)
FN:1,(anonymous_102)
FN:1,(anonymous_103)
FN:1,(anonymous_104)
FN:1,(anonymous_105)
FN:1,(anonymous_106)
FN:1,(anonymous_107)
FN:1,(anonymous_108)
FN:1,(anonymous_109)
FN:1,(anonymous_110)
FN:1,(anonymous_111)
FN:1,o
FN:1,a
FN:1,s
FN:1,u
FN:1,h
FN:1,(anonymous_117)
FN:1,a
FN:1,s
FN:1,u
FN:1,(anonymous_121)
FN:1,(anonymous_122)
FN:1,(anonymous_123)
FN:1,(anonymous_124)
FN:1,(anonymous_125)
FN:1,(anonymous_126)
FN:1,c
FN:1,(anonymous_128)
FN:1,l
FN:1,p
FN:1,y
FN:1,(anonymous_132)
FN:1,g
FN:1,(anonymous_134)
FN:1,(anonymous_135)
FN:1,(anonymous_136)
FN:1,b
FN:1,m
FN:1,(anonymous_139)
FN:1,E
FN:1,(anonymous_141)
FN:1,T
FN:1,v
FN:1,w
FN:1,(anonymous_145)
FN:1,O
FN:1,A
FN:1,(anonymous_148)
FN:1,j
FN:1,(anonymous_150)
FN:1,R
FN:1,(anonymous_152)
FN:1,(anonymous_153)
FN:1,(anonymous_154)
FN:1,(anonymous_155)
FN:1,(anonymous_156)
FN:1,(anonymous_157)
FN:1,(anonymous_158)
FN:1,(anonymous_159)
FN:1,(anonymous_160)
FN:1,(anonymous_161)
FN:1,(anonymous_162)
FN:1,(anonymous_163)
FN:1,(anonymous_164)
FN:1,(anonymous_165)
FN:1,(anonymous_166)
FN:1,(anonymous_167)
FN:1,(anonymous_168)
FN:1,(anonymous_169)
FN:1,(anonymous_170)
FN:1,(anonymous_171)
FN:1,(anonymous_172)
FN:1,(anonymous_173)
FN:1,(anonymous_174)
FN:1,(anonymous_175)
FN:1,(anonymous_176)
FN:1,(anonymous_177)
FN:1,c
FN:1,(anonymous_179)
FN:1,p
FN:1,d
FN:1,y
FN:1,(anonymous_183)
FN:1,b
FN:1,m
FN:1,(anonymous_186)
FN:1,E
FN:1,T
FN:1,(anonymous_189)
FN:1,(anonymous_190)
FN:1,(anonymous_191)
FN:1,(anonymous_192)
FN:1,(anonymous_193)
FN:1,(anonymous_194)
FN:1,(anonymous_195)
FN:1,(anonymous_196)
FN:1,(anonymous_197)
FN:1,(anonymous_198)
FN:1,(anonymous_199)
FN:1,(anonymous_200)
FN:1,(anonymous_201)
FN:1,(anonymous_202)
FN:1,(anonymous_203)
FN:1,(anonymous_204)
FN:1,(anonymous_205)
FN:1,(anonymous_206)
FN:1,O
FN:1,A
FN:1,j
FN:1,R
FN:1,(anonymous_211)
FN:1,(anonymous_212)
FN:1,(anonymous_213)
FN:1,(anonymous_214)
FN:1,(anonymous_215)
FN:1,(anonymous_216)
FN:1,(anonymous_217)
FN:1,(anonymous_218)
FN:1,(anonymous_219)
FN:1,_
FN:1,(anonymous_221)
FN:1,(anonymous_222)
FN:1,(anonymous_223)
FN:1,(anonymous_224)
FN:1,(anonymous_225)
FN:1,(anonymous_226)
FN:1,(anonymous_227)
FN:1,(anonymous_228)
FN:1,(anonymous_229)
FN:1,(anonymous_230)
FN:1,(anonymous_231)
FN:1,(anonymous_232)
FN:1,(anonymous_233)
FN:1,(anonymous_234)
FN:1,(anonymous_235)
FN:1,(anonymous_236)
FN:1,(anonymous_237)
FN:1,(anonymous_238)
FN:1,(anonymous_239)
FN:1,(anonymous_240)
FN:1,(anonymous_241)
FN:1,(anonymous_242)
FN:1,(anonymous_243)
FN:1,(anonymous_244)
FN:1,r
FN:1,(anonymous_246)
FN:1,(anonymous_247)
FN:1,(anonymous_248)
FN:1,(anonymous_249)
FN:1,(anonymous_250)
FN:1,(anonymous_251)
FN:1,(anonymous_252)
FN:1,(anonymous_253)
FN:1,(anonymous_254)
FN:1,(anonymous_255)
FN:1,(anonymous_256)
FN:1,(anonymous_257)
FN:1,(anonymous_258)
FN:1,(anonymous_259)
FN:1,(anonymous_260)
FN:1,(anonymous_261)
FN:1,(anonymous_262)
FN:1,(anonymous_263)
FN:1,(anonymous_264)
FN:1,(anonymous_265)
FN:1,(anonymous_266)
FN:1,(anonymous_267)
FN:1,(anonymous_268)
FN:1,(anonymous_269)
FN:1,(anonymous_270)
FN:1,(anonymous_271)
FN:1,(anonymous_272)
FN:1,(anonymous_273)
FN:1,(anonymous_274)
FN:1,(anonymous_275)
FN:1,(anonymous_276)
FN:1,(anonymous_277)
FN:1,(anonymous_278)
FN:1,(anonymous_279)
FN:1,(anonymous_280)
FN:1,(anonymous_281)
FN:1,(anonymous_282)
FN:1,(anonymous_283)
FN:1,(anonymous_284)
FN:1,(anonymous_285)
FN:1,(anonymous_286)
FN:1,(anonymous_287)
FN:1,(anonymous_288)
FN:1,(anonymous_289)
FN:1,(anonymous_290)
FN:1,(anonymous_291)
FN:1,(anonymous_292)
FN:1,(anonymous_293)
FN:1,(anonymous_294)
FN:1,(anonymous_295)
FN:1,(anonymous_296)
FN:1,(anonymous_297)
FN:1,(anonymous_298)
FN:1,(anonymous_299)
FN:1,(anonymous_300)
FN:1,(anonymous_301)
FN:1,(anonymous_302)
FN:1,(anonymous_303)
FN:1,(anonymous_304)
FN:1,(anonymous_305)
FN:1,(anonymous_306)
FN:1,(anonymous_307)
FN:1,(anonymous_308)
FN:1,(anonymous_309)
FN:1,(anonymous_310)
FN:1,(anonymous_311)
FN:1,(anonymous_312)
FN:1,(anonymous_313)
FN:1,(anonymous_314)
FN:1,(anonymous_315)
FN:1,(anonymous_316)
FN:1,(anonymous_317)
FN:1,(anonymous_318)
FN:1,(anonymous_319)
FN:1,(anonymous_320)
FN:1,(anonymous_321)
FN:1,(anonymous_322)
FN:1,(anonymous_323)
FN:1,(anonymous_324)
FN:1,(anonymous_325)
FN:1,(anonymous_326)
FN:8,a
FN:8,s
FN:8,u
FN:8,h
FN:8,(anonymous_331)
FN:8,(anonymous_332)
FN:8,(anonymous_333)
FN:8,c
FN:8,f
FN:8,l
FN:8,p
FN:8,d
FN:8,y
FN:8,g
FN:8,b
FN:8,m
FN:8,h
FN:8,E
FN:8,T
FN:8,v
FN:8,(anonymous_347)
FN:8,w
FN:8,O
FN:8,A
FN:8,(anonymous_351)
FN:8,j
FN:8,R
FN:8,(anonymous_354)
FN:8,(anonymous_355)
FN:8,(anonymous_356)
FN:8,(anonymous_357)
FN:8,(anonymous_358)
FN:8,(anonymous_359)
FN:8,(anonymous_360)
FN:8,(anonymous_361)
FN:8,(anonymous_362)
FN:8,(anonymous_363)
FN:8,(anonymous_364)
FN:8,(anonymous_365)
FN:8,(anonymous_366)
FN:8,(anonymous_367)
FN:8,(anonymous_368)
FN:8,(anonymous_369)
FN:8,(anonymous_370)
FN:8,(anonymous_371)
FN:8,(anonymous_372)
FN:8,(anonymous_373)
FN:8,(anonymous_374)
FN:8,(anonymous_375)
FN:8,(anonymous_376)
FN:8,(anonymous_377)
FN:8,(anonymous_378)
FN:8,(anonymous_379)
FN:8,_
FN:8,B
FN:8,P
FN:8,C
FN:8,x
FN:8,I
FN:8,M
FN:8,k
FN:8,U
FN:8,D
FN:8,N
FN:8,(anonymous_391)
FN:8,(anonymous_392)
FN:8,(anonymous_393)
FN:8,(anonymous_394)
FN:8,(anonymous_395)
FN:8,(anonymous_396)
FN:8,(anonymous_397)
FN:8,(anonymous_398)
FN:8,(anonymous_399)
FN:8,(anonymous_400)
FN:8,(anonymous_401)
FN:8,(anonymous_402)
FN:8,(anonymous_403)
FN:8,(anonymous_404)
FN:8,(anonymous_405)
FN:8,(anonymous_406)
FN:8,(anonymous_407)
FN:8,(anonymous_408)
FN:8,(anonymous_409)
FN:8,(anonymous_410)
FN:8,(anonymous_411)
FN:8,(anonymous_412)
FN:8,(anonymous_413)
FN:8,(anonymous_414)
FN:8,(anonymous_415)
FN:8,(anonymous_416)
FN:8,(anonymous_417)
FN:8,(anonymous_418)
FN:8,(anonymous_419)
FN:8,(anonymous_420)
FN:8,(anonymous_421)
FN:8,(anonymous_422)
FN:8,(anonymous_423)
FN:8,(anonymous_424)
FN:8,(anonymous_425)
FN:8,(anonymous_426)
FN:8,(anonymous_427)
FN:8,(anonymous_428)
FN:8,(anonymous_429)
FN:8,Y
FN:8,L
FN:8,q
FN:8,(anonymous_433)
FN:8,(anonymous_434)
FN:8,J
FN:8,(anonymous_436)
FN:8,(anonymous_437)
FN:8,(anonymous_438)
FN:8,(anonymous_439)
FN:8,h
FN:8,c
FN:8,(anonymous_442)
FN:8,(anonymous_443)
FN:8,(anonymous_444)
FN:8,(anonymous_445)
FN:8,(anonymous_446)
FN:8,(anonymous_447)
FN:8,(anonymous_448)
FN:8,(anonymous_449)
FN:8,(anonymous_450)
FNF:450
FNH:68
FNDA:1,(anonymous_1)
FNDA:19,r
FNDA:8,(anonymous_3)
FNDA:2,(anonymous_4)
FNDA:0,(anonymous_5)
FNDA:0,(anonymous_6)
FNDA:3,(anonymous_7)
FNDA:0,(anonymous_8)
FNDA:35,(anonymous_9)
FNDA:8,(anonymous_10)
FNDA:1,(anonymous_11)
FNDA:1,(anonymous_12)
FNDA:55,n
FNDA:55,(anonymous_14)
FNDA:0,(anonymous_15)
FNDA:1,o
FNDA:50,(anonymous_17)
FNDA:0,(anonymous_18)
FNDA:6,(anonymous_19)
FNDA:0,(anonymous_20)
FNDA:38,(anonymous_21)
FNDA:0,(anonymous_22)
FNDA:0,(anonymous_23)
FNDA:0,(anonymous_24)
FNDA:0,s
FNDA:0,(anonymous_26)
FNDA:0,(anonymous_27)
FNDA:0,(anonymous_28)
FNDA:0,(anonymous_29)
FNDA:0,(anonymous_30)
FNDA:0,(anonymous_31)
FNDA:32,(anonymous_32)
FNDA:1,(anonymous_33)
FNDA:0,a
FNDA:1,s
FNDA:0,(anonymous_36)
FNDA:0,(anonymous_37)
FNDA:0,(anonymous_38)
FNDA:7,(anonymous_39)
FNDA:0,(anonymous_40)
FNDA:0,(anonymous_41)
FNDA:3,(anonymous_42)
FNDA:0,(anonymous_43)
FNDA:0,(anonymous_44)
FNDA:0,(anonymous_45)
FNDA:0,(anonymous_46)
FNDA:0,(anonymous_47)
FNDA:0,(anonymous_48)
FNDA:0,(anonymous_49)
FNDA:0,(anonymous_50)
FNDA:0,(anonymous_51)
FNDA:0,(anonymous_52)
FNDA:0,(anonymous_53)
FNDA:0,(anonymous_54)
FNDA:0,l
FNDA:0,(anonymous_56)
FNDA:0,(anonymous_57)
FNDA:0,(anonymous_58)
FNDA:0,(anonymous_59)
FNDA:0,(anonymous_60)
FNDA:0,(anonymous_61)
FNDA:0,(anonymous_62)
FNDA:0,(anonymous_63)
FNDA:0,(anonymous_64)
FNDA:0,(anonymous_65)
FNDA:0,(anonymous_66)
FNDA:0,(anonymous_67)
FNDA:0,(anonymous_68)
FNDA:0,(anonymous_69)
FNDA:0,(anonymous_70)
FNDA:0,(anonymous_71)
FNDA:0,(anonymous_72)
FNDA:0,(anonymous_73)
FNDA:1,(anonymous_74)
FNDA:0,o
FNDA:0,s
FNDA:0,u
FNDA:0,l
FNDA:0,p
FNDA:0,d
FNDA:0,y
FNDA:0,g
FNDA:0,b
FNDA:0,(anonymous_84)
FNDA:19,(anonymous_85)
FNDA:0,(anonymous_86)
FNDA:0,(anonymous_87)
FNDA:0,(anonymous_88)
FNDA:0,(anonymous_89)
FNDA:0,(anonymous_90)
FNDA:0,(anonymous_91)
FNDA:3,(anonymous_92)
FNDA:0,(anonymous_93)
FNDA:0,(anonymous_94)
FNDA:0,(anonymous_95)
FNDA:3,(anonymous_96)
FNDA:0,(anonymous_97)
FNDA:0,(anonymous_98)
FNDA:3,(anonymous_99)
FNDA:0,(anonymous_100)
FNDA:0,(anonymous_101)
FNDA:0,(anonymous_102)
FNDA:0,(anonymous_103)
FNDA:0,(anonymous_104)
FNDA:0,(anonymous_105)
FNDA:1,(anonymous_106)
FNDA:0,(anonymous_107)
FNDA:0,(anonymous_108)
FNDA:2,(anonymous_109)
FNDA:0,(anonymous_110)
FNDA:0,(anonymous_111)
FNDA:0,o
FNDA:0,a
FNDA:2,s
FNDA:0,u
FNDA:0,h
FNDA:1,(anonymous_117)
FNDA:0,a
FNDA:0,s
FNDA:0,u
FNDA:0,(anonymous_121)
FNDA:0,(anonymous_122)
FNDA:0,(anonymous_123)
FNDA:0,(anonymous_124)
FNDA:45,(anonymous_125)
FNDA:45,(anonymous_126)
FNDA:0,c
FNDA:0,(anonymous_128)
FNDA:0,l
FNDA:0,p
FNDA:0,y
FNDA:0,(anonymous_132)
FNDA:0,g
FNDA:0,(anonymous_134)
FNDA:0,(anonymous_135)
FNDA:0,(anonymous_136)
FNDA:0,b
FNDA:0,m
FNDA:0,(anonymous_139)
FNDA:0,E
FNDA:0,(anonymous_141)
FNDA:0,T
FNDA:0,v
FNDA:9,w
FNDA:0,(anonymous_145)
FNDA:0,O
FNDA:0,A
FNDA:0,(anonymous_148)
FNDA:10,j
FNDA:0,(anonymous_150)
FNDA:0,R
FNDA:0,(anonymous_152)
FNDA:0,(anonymous_153)
FNDA:0,(anonymous_154)
FNDA:0,(anonymous_155)
FNDA:0,(anonymous_156)
FNDA:0,(anonymous_157)
FNDA:0,(anonymous_158)
FNDA:0,(anonymous_159)
FNDA:0,(anonymous_160)
FNDA:0,(anonymous_161)
FNDA:0,(anonymous_162)
FNDA:0,(anonymous_163)
FNDA:0,(anonymous_164)
FNDA:0,(anonymous_165)
FNDA:0,(anonymous_166)
FNDA:0,(anonymous_167)
FNDA:0,(anonymous_168)
FNDA:0,(anonymous_169)
FNDA:0,(anonymous_170)
FNDA:0,(anonymous_171)
FNDA:0,(anonymous_172)
FNDA:0,(anonymous_173)
FNDA:1,(anonymous_174)
FNDA:1,(anonymous_175)
FNDA:1,(anonymous_176)
FNDA:1,(anonymous_177)
FNDA:0,c
FNDA:0,(anonymous_179)
FNDA:0,p
FNDA:0,d
FNDA:0,y
FNDA:0,(anonymous_183)
FNDA:0,b
FNDA:0,m
FNDA:0,(anonymous_186)
FNDA:0,E
FNDA:0,T
FNDA:0,(anonymous_189)
FNDA:0,(anonymous_190)
FNDA:0,(anonymous_191)
FNDA:0,(anonymous_192)
FNDA:0,(anonymous_193)
FNDA:53,(anonymous_194)
FNDA:0,(anonymous_195)
FNDA:0,(anonymous_196)
FNDA:0,(anonymous_197)
FNDA:16,(anonymous_198)
FNDA:0,(anonymous_199)
FNDA:0,(anonymous_200)
FNDA:0,(anonymous_201)
FNDA:0,(anonymous_202)
FNDA:21,(anonymous_203)
FNDA:0,(anonymous_204)
FNDA:0,(anonymous_205)
FNDA:0,(anonymous_206)
FNDA:0,O
FNDA:0,A
FNDA:0,j
FNDA:0,R
FNDA:0,(anonymous_211)
FNDA:0,(anonymous_212)
FNDA:0,(anonymous_213)
FNDA:0,(anonymous_214)
FNDA:0,(anonymous_215)
FNDA:0,(anonymous_216)
FNDA:0,(anonymous_217)
FNDA:0,(anonymous_218)
FNDA:0,(anonymous_219)
FNDA:0,_
FNDA:1,(anonymous_221)
FNDA:0,(anonymous_222)
FNDA:0,(anonymous_223)
FNDA:0,(anonymous_224)
FNDA:12,(anonymous_225)
FNDA:1,(anonymous_226)
FNDA:0,(anonymous_227)
FNDA:0,(anonymous_228)
FNDA:1,(anonymous_229)
FNDA:13,(anonymous_230)
FNDA:1,(anonymous_231)
FNDA:0,(anonymous_232)
FNDA:0,(anonymous_233)
FNDA:0,(anonymous_234)
FNDA:1,(anonymous_235)
FNDA:0,(anonymous_236)
FNDA:0,(anonymous_237)
FNDA:0,(anonymous_238)
FNDA:0,(anonymous_239)
FNDA:0,(anonymous_240)
FNDA:0,(anonymous_241)
FNDA:0,(anonymous_242)
FNDA:0,(anonymous_243)
FNDA:1,(anonymous_244)
FNDA:2,r
FNDA:0,(anonymous_246)
FNDA:0,(anonymous_247)
FNDA:0,(anonymous_248)
FNDA:0,(anonymous_249)
FNDA:0,(anonymous_250)
FNDA:1,(anonymous_251)
FNDA:0,(anonymous_252)
FNDA:0,(anonymous_253)
FNDA:0,(anonymous_254)
FNDA:0,(anonymous_255)
FNDA:0,(anonymous_256)
FNDA:0,(anonymous_257)
FNDA:0,(anonymous_258)
FNDA:0,(anonymous_259)
FNDA:0,(anonymous_260)
FNDA:0,(anonymous_261)
FNDA:0,(anonymous_262)
FNDA:0,(anonymous_263)
FNDA:0,(anonymous_264)
FNDA:0,(anonymous_265)
FNDA:0,(anonymous_266)
FNDA:0,(anonymous_267)
FNDA:0,(anonymous_268)
FNDA:1,(anonymous_269)
FNDA:0,(anonymous_270)
FNDA:0,(anonymous_271)
FNDA:1,(anonymous_272)
FNDA:0,(anonymous_273)
FNDA:0,(anonymous_274)
FNDA:0,(anonymous_275)
FNDA:0,(anonymous_276)
FNDA:0,(anonymous_277)
FNDA:0,(anonymous_278)
FNDA:0,(anonymous_279)
FNDA:0,(anonymous_280)
FNDA:0,(anonymous_281)
FNDA:0,(anonymous_282)
FNDA:0,(anonymous_283)
FNDA:0,(anonymous_284)
FNDA:0,(anonymous_285)
FNDA:0,(anonymous_286)
FNDA:0,(anonymous_287)
FNDA:1,(anonymous_288)
FNDA:0,(anonymous_289)
FNDA:1,(anonymous_290)
FNDA:0,(anonymous_291)
FNDA:0,(anonymous_292)
FNDA:0,(anonymous_293)
FNDA:0,(anonymous_294)
FNDA:0,(anonymous_295)
FNDA:0,(anonymous_296)
FNDA:0,(anonymous_297)
FNDA:0,(anonymous_298)
FNDA:1,(anonymous_299)
FNDA:0,(anonymous_300)
FNDA:0,(anonymous_301)
FNDA:0,(anonymous_302)
FNDA:0,(anonymous_303)
FNDA:0,(anonymous_304)
FNDA:0,(anonymous_305)
FNDA:0,(anonymous_306)
FNDA:0,(anonymous_307)
FNDA:0,(anonymous_308)
FNDA:1,(anonymous_309)
FNDA:0,(anonymous_310)
FNDA:0,(anonymous_311)
FNDA:0,(anonymous_312)
FNDA:0,(anonymous_313)
FNDA:0,(anonymous_314)
FNDA:0,(anonymous_315)
FNDA:0,(anonymous_316)
FNDA:0,(anonymous_317)
FNDA:0,(anonymous_318)
FNDA:0,(anonymous_319)
FNDA:0,(anonymous_320)
FNDA:0,(anonymous_321)
FNDA:0,(anonymous_322)
FNDA:0,(anonymous_323)
FNDA:0,(anonymous_324)
FNDA:1,(anonymous_325)
FNDA:1,(anonymous_326)
FNDA:1,a
FNDA:0,s
FNDA:0,u
FNDA:0,h
FNDA:0,(anonymous_331)
FNDA:0,(anonymous_332)
FNDA:0,(anonymous_333)
FNDA:0,c
FNDA:0,f
FNDA:0,l
FNDA:0,p
FNDA:0,d
FNDA:0,y
FNDA:0,g
FNDA:0,b
FNDA:0,m
FNDA:0,h
FNDA:0,E
FNDA:0,T
FNDA:0,v
FNDA:0,(anonymous_347)
FNDA:0,w
FNDA:0,O
FNDA:0,A
FNDA:0,(anonymous_351)
FNDA:0,j
FNDA:0,R
FNDA:0,(anonymous_354)
FNDA:0,(anonymous_355)
FNDA:1,(anonymous_356)
FNDA:1,(anonymous_357)
FNDA:0,(anonymous_358)
FNDA:0,(anonymous_359)
FNDA:0,(anonymous_360)
FNDA:0,(anonymous_361)
FNDA:0,(anonymous_362)
FNDA:0,(anonymous_363)
FNDA:0,(anonymous_364)
FNDA:0,(anonymous_365)
FNDA:0,(anonymous_366)
FNDA:0,(anonymous_367)
FNDA:0,(anonymous_368)
FNDA:0,(anonymous_369)
FNDA:0,(anonymous_370)
FNDA:0,(anonymous_371)
FNDA:0,(anonymous_372)
FNDA:0,(anonymous_373)
FNDA:0,(anonymous_374)
FNDA:0,(anonymous_375)
FNDA:0,(anonymous_376)
FNDA:0,(anonymous_377)
FNDA:0,(anonymous_378)
FNDA:0,(anonymous_379)
FNDA:0,_
FNDA:0,B
FNDA:0,P
FNDA:0,C
FNDA:0,x
FNDA:0,I
FNDA:0,M
FNDA:0,k
FNDA:0,U
FNDA:0,D
FNDA:0,N
FNDA:0,(anonymous_391)
FNDA:0,(anonymous_392)
FNDA:0,(anonymous_393)
FNDA:0,(anonymous_394)
FNDA:0,(anonymous_395)
FNDA:0,(anonymous_396)
FNDA:0,(anonymous_397)
FNDA:0,(anonymous_398)
FNDA:0,(anonymous_399)
FNDA:0,(anonymous_400)
FNDA:0,(anonymous_401)
FNDA:0,(anonymous_402)
FNDA:0,(anonymous_403)
FNDA:0,(anonymous_404)
FNDA:0,(anonymous_405)
FNDA:0,(anonymous_406)
FNDA:0,(anonymous_407)
FNDA:0,(anonymous_408)
FNDA:0,(anonymous_409)
FNDA:0,(anonymous_410)
FNDA:0,(anonymous_411)
FNDA:0,(anonymous_412)
FNDA:0,(anonymous_413)
FNDA:0,(anonymous_414)
FNDA:0,(anonymous_415)
FNDA:0,(anonymous_416)
FNDA:0,(anonymous_417)
FNDA:0,(anonymous_418)
FNDA:0,(anonymous_419)
FNDA:0,(anonymous_420)
FNDA:0,(anonymous_421)
FNDA:0,(anonymous_422)
FNDA:0,(anonymous_423)
FNDA:0,(anonymous_424)
FNDA:0,(anonymous_425)
FNDA:0,(anonymous_426)
FNDA:0,(anonymous_427)
FNDA:0,(anonymous_428)
FNDA:0,(anonymous_429)
FNDA:0,Y
FNDA:0,L
FNDA:0,q
FNDA:0,(anonymous_433)
FNDA:0,(anonymous_434)
FNDA:0,J
FNDA:1,(anonymous_436)
FNDA:0,(anonymous_437)
FNDA:0,(anonymous_438)
FNDA:0,(anonymous_439)
FNDA:0,h
FNDA:0,c
FNDA:1,(anonymous_442)
FNDA:0,(anonymous_443)
FNDA:0,(anonymous_444)
FNDA:1,(anonymous_445)
FNDA:0,(anonymous_446)
FNDA:1,(anonymous_447)
FNDA:1,(anonymous_448)
FNDA:1,(anonymous_449)
FNDA:1,(anonymous_450)
DA:1,55
DA:8,64
LF:2
LH:2
BRDA:1,1,0,6
BRDA:1,1,1,13
BRDA:1,2,0,8
BRDA:1,2,1,8
BRDA:1,3,0,2
BRDA:1,3,1,2
BRDA:1,3,2,2
BRDA:1,4,0,0
BRDA:1,4,1,0
BRDA:1,5,0,0
BRDA:1,5,1,0
BRDA:1,6,0,0
BRDA:1,6,1,0
BRDA:1,7,0,0
BRDA:1,7,1,0
BRDA:1,7,2,0
BRDA:1,7,3,0
BRDA:1,8,0,0
BRDA:1,8,1,0
BRDA:1,9,0,0
BRDA:1,9,1,0
BRDA:1,10,0,0
BRDA:1,10,1,3
BRDA:1,11,0,3
BRDA:1,11,1,3
BRDA:1,12,0,0
BRDA:1,12,1,55
BRDA:1,13,0,55
BRDA:1,13,1,10
BRDA:1,14,0,55
BRDA:1,14,1,44
BRDA:1,15,0,55
BRDA:1,15,1,19
BRDA:1,16,0,0
BRDA:1,16,1,0
BRDA:1,17,0,0
BRDA:1,17,1,0
BRDA:1,18,0,0
BRDA:1,18,1,0
BRDA:1,19,0,0
BRDA:1,19,1,0
BRDA:1,20,0,0
BRDA:1,20,1,0
BRDA:1,21,0,0
BRDA:1,21,1,0
BRDA:1,22,0,0
BRDA:1,22,1,0
BRDA:1,23,0,0
BRDA:1,23,1,0
BRDA:1,24,0,0
BRDA:1,24,1,0
BRDA:1,25,0,0
BRDA:1,25,1,0
BRDA:1,25,2,0
BRDA:1,26,0,0
BRDA:1,26,1,0
BRDA:1,27,0,0
BRDA:1,27,1,0
BRDA:1,28,0,0
BRDA:1,28,1,0
BRDA:1,29,0,0
BRDA:1,29,1,0
BRDA:1,30,0,0
BRDA:1,30,1,0
BRDA:1,31,0,0
BRDA:1,31,1,0
BRDA:1,31,2,0
BRDA:1,31,3,0
BRDA:1,32,0,0
BRDA:1,32,1,1
BRDA:1,33,0,1
BRDA:1,33,1,1
BRDA:1,33,2,0
BRDA:1,34,0,0
BRDA:1,34,1,0
BRDA:1,35,0,0
BRDA:1,35,1,0
BRDA:1,36,0,0
BRDA:1,36,1,0
BRDA:1,37,0,1
BRDA:1,37,1,1
BRDA:1,37,2,1
BRDA:1,38,0,0
BRDA:1,38,1,0
BRDA:1,39,0,0
BRDA:1,39,1,0
BRDA:1,40,0,0
BRDA:1,40,1,0
BRDA:1,41,0,0
BRDA:1,41,1,0
BRDA:1,42,0,0
BRDA:1,42,1,0
BRDA:1,42,2,0
BRDA:1,43,0,0
BRDA:1,43,1,0
BRDA:1,44,0,0
BRDA:1,44,1,0
BRDA:1,45,0,0
BRDA:1,45,1,0
BRDA:1,46,0,0
BRDA:1,46,1,0
BRDA:1,47,0,0
BRDA:1,47,1,0
BRDA:1,48,0,0
BRDA:1,48,1,0
BRDA:1,49,0,0
BRDA:1,49,1,0
BRDA:1,50,0,0
BRDA:1,50,1,0
BRDA:1,51,0,0
BRDA:1,51,1,0
BRDA:1,52,0,0
BRDA:1,52,1,0
BRDA:1,53,0,0
BRDA:1,53,1,0
BRDA:1,54,0,0
BRDA:1,54,1,0
BRDA:1,55,0,0
BRDA:1,55,1,0
BRDA:1,56,0,0
BRDA:1,56,1,0
BRDA:1,57,0,0
BRDA:1,57,1,0
BRDA:1,58,0,0
BRDA:1,58,1,0
BRDA:1,59,0,0
BRDA:1,59,1,0
BRDA:1,60,0,0
BRDA:1,60,1,0
BRDA:1,61,0,0
BRDA:1,61,1,0
BRDA:1,61,2,0
BRDA:1,62,0,0
BRDA:1,62,1,0
BRDA:1,63,0,0
BRDA:1,63,1,0
BRDA:1,63,2,0
BRDA:1,64,0,0
BRDA:1,64,1,0
BRDA:1,65,0,0
BRDA:1,65,1,0
BRDA:1,66,0,0
BRDA:1,66,1,0
BRDA:1,66,2,0
BRDA:1,66,3,0
BRDA:1,67,0,0
BRDA:1,67,1,0
BRDA:1,68,0,0
BRDA:1,68,1,0
BRDA:1,69,0,0
BRDA:1,69,1,0
BRDA:1,70,0,0
BRDA:1,70,1,0
BRDA:1,71,0,0
BRDA:1,71,1,0
BRDA:1,72,0,0
BRDA:1,72,1,0
BRDA:1,73,0,0
BRDA:1,73,1,0
BRDA:1,74,0,0
BRDA:1,74,1,0
BRDA:1,75,0,0
BRDA:1,75,1,0
BRDA:1,75,2,0
BRDA:1,75,3,0
BRDA:1,75,4,0
BRDA:1,75,5,0
BRDA:1,75,6,0
BRDA:1,76,0,2
BRDA:1,76,1,0
BRDA:1,77,0,2
BRDA:1,77,1,2
BRDA:1,78,0,0
BRDA:1,78,1,0
BRDA:1,78,2,0
BRDA:1,78,3,0
BRDA:1,78,4,0
BRDA:1,78,5,0
BRDA:1,78,6,0
BRDA:1,79,0,0
BRDA:1,79,1,0
BRDA:1,80,0,0
BRDA:1,80,1,1
BRDA:1,81,0,1
BRDA:1,81,1,1
BRDA:1,81,2,0
BRDA:1,82,0,0
BRDA:1,82,1,0
BRDA:1,83,0,0
BRDA:1,83,1,0
BRDA:1,84,0,0
BRDA:1,84,1,0
BRDA:1,85,0,0
BRDA:1,85,1,0
BRDA:1,86,0,0
BRDA:1,86,1,0
BRDA:1,87,0,0
BRDA:1,87,1,0
BRDA:1,88,0,0
BRDA:1,88,1,0
BRDA:1,89,0,0
BRDA:1,89,1,0
BRDA:1,90,0,0
BRDA:1,90,1,0
BRDA:1,91,0,0
BRDA:1,91,1,0
BRDA:1,92,0,0
BRDA:1,92,1,0
BRDA:1,93,0,0
BRDA:1,93,1,0
BRDA:1,94,0,0
BRDA:1,94,1,0
BRDA:1,95,0,0
BRDA:1,95,1,0
BRDA:1,96,0,0
BRDA:1,96,1,0
BRDA:1,97,0,0
BRDA:1,97,1,0
BRDA:1,98,0,0
BRDA:1,98,1,0
BRDA:1,99,0,0
BRDA:1,99,1,0
BRDA:1,100,0,0
BRDA:1,100,1,0
BRDA:1,101,0,0
BRDA:1,101,1,0
BRDA:1,102,0,0
BRDA:1,102,1,0
BRDA:1,103,0,0
BRDA:1,103,1,0
BRDA:1,104,0,0
BRDA:1,104,1,0
BRDA:1,105,0,0
BRDA:1,105,1,0
BRDA:1,106,0,0
BRDA:1,106,1,0
BRDA:1,107,0,0
BRDA:1,107,1,0
BRDA:1,108,0,0
BRDA:1,108,1,0
BRDA:1,109,0,0
BRDA:1,109,1,0
BRDA:1,110,0,0
BRDA:1,110,1,0
BRDA:1,111,0,0
BRDA:1,111,1,0
BRDA:1,111,2,0
BRDA:1,112,0,0
BRDA:1,112,1,0
BRDA:1,113,0,0
BRDA:1,113,1,0
BRDA:1,114,0,0
BRDA:1,114,1,0
BRDA:1,115,0,0
BRDA:1,115,1,0
BRDA:1,116,0,0
BRDA:1,116,1,0
BRDA:1,117,0,0
BRDA:1,117,1,0
BRDA:1,118,0,0
BRDA:1,118,1,0
BRDA:1,119,0,0
BRDA:1,119,1,0
BRDA:1,120,0,0
BRDA:1,120,1,0
BRDA:1,121,0,0
BRDA:1,121,1,0
BRDA:1,122,0,0
BRDA:1,122,1,0
BRDA:1,123,0,0
BRDA:1,123,1,0
BRDA:1,124,0,0
BRDA:1,124,1,0
BRDA:1,125,0,0
BRDA:1,125,1,0
BRDA:1,126,0,0
BRDA:1,126,1,0
BRDA:1,127,0,0
BRDA:1,127,1,0
BRDA:1,128,0,0
BRDA:1,128,1,0
BRDA:1,129,0,0
BRDA:1,129,1,0
BRDA:1,130,0,0
BRDA:1,130,1,0
BRDA:1,131,0,0
BRDA:1,131,1,0
BRDA:1,132,0,0
BRDA:1,132,1,0
BRDA:1,133,0,0
BRDA:1,133,1,0
BRDA:1,134,0,0
BRDA:1,134,1,0
BRDA:1,135,0,0
BRDA:1,135,1,0
BRDA:1,135,2,0
BRDA:1,136,0,0
BRDA:1,136,1,0
BRDA:1,137,0,0
BRDA:1,137,1,0
BRDA:1,138,0,0
BRDA:1,138,1,0
BRDA:1,139,0,0
BRDA:1,139,1,0
BRDA:1,140,0,0
BRDA:1,140,1,0
BRDA:1,141,0,0
BRDA:1,141,1,0
BRDA:1,142,0,0
BRDA:1,142,1,0
BRDA:1,143,0,0
BRDA:1,143,1,0
BRDA:1,144,0,0
BRDA:1,144,1,0
BRDA:1,145,0,0
BRDA:1,145,1,0
BRDA:1,146,0,1
BRDA:1,146,1,0
BRDA:1,147,0,0
BRDA:1,147,1,0
BRDA:1,148,0,0
BRDA:1,148,1,0
BRDA:1,149,0,0
BRDA:1,149,1,0
BRDA:1,150,0,0
BRDA:1,150,1,0
BRDA:1,151,0,0
BRDA:1,151,1,0
BRDA:1,152,0,0
BRDA:1,152,1,0
BRDA:1,153,0,0
BRDA:1,153,1,0
BRDA:1,154,0,0
BRDA:1,154,1,0
BRDA:1,155,0,0
BRDA:1,155,1,0
BRDA:1,156,0,0
BRDA:1,156,1,0
BRDA:1,157,0,0
BRDA:1,157,1,0
BRDA:1,158,0,0
BRDA:1,158,1,0
BRDA:1,159,0,0
BRDA:1,159,1,0
BRDA:1,160,0,0
BRDA:1,160,1,0
BRDA:1,161,0,0
BRDA:1,161,1,0
BRDA:1,162,0,0
BRDA:1,162,1,0
BRDA:1,163,0,0
BRDA:1,163,1,0
BRDA:1,164,0,0
BRDA:1,164,1,0
BRDA:1,165,0,0
BRDA:1,165,1,0
BRDA:1,166,0,0
BRDA:1,166,1,0
BRDA:1,167,0,0
BRDA:1,167,1,0
BRDA:1,168,0,0
BRDA:1,168,1,0
BRDA:1,168,2,0
BRDA:1,169,0,0
BRDA:1,169,1,0
BRDA:1,170,0,0
BRDA:1,170,1,0
BRDA:1,171,0,0
BRDA:1,171,1,0
BRDA:1,172,0,0
BRDA:1,172,1,0
BRDA:1,173,0,0
BRDA:1,173,1,0
BRDA:1,174,0,0
BRDA:1,174,1,0
BRDA:1,175,0,0
BRDA:1,175,1,0
BRDA:1,176,0,0
BRDA:1,176,1,0
BRDA:1,177,0,0
BRDA:1,177,1,0
BRDA:1,178,0,16
BRDA:1,178,1,13
BRDA:1,179,0,0
BRDA:1,179,1,21
BRDA:1,180,0,21
BRDA:1,180,1,20
BRDA:1,181,0,0
BRDA:1,181,1,0
BRDA:1,182,0,0
BRDA:1,182,1,0
BRDA:1,183,0,0
BRDA:1,183,1,0
BRDA:1,184,0,0
BRDA:1,184,1,0
BRDA:1,185,0,0
BRDA:1,185,1,0
BRDA:1,186,0,0
BRDA:1,186,1,0
BRDA:1,187,0,0
BRDA:1,187,1,0
BRDA:1,188,0,0
BRDA:1,188,1,0
BRDA:1,189,0,0
BRDA:1,189,1,0
BRDA:1,190,0,0
BRDA:1,190,1,0
BRDA:1,191,0,0
BRDA:1,191,1,0
BRDA:1,192,0,0
BRDA:1,192,1,0
BRDA:1,192,2,0
BRDA:1,193,0,0
BRDA:1,193,1,0
BRDA:1,193,2,0
BRDA:1,194,0,0
BRDA:1,194,1,0
BRDA:1,194,2,0
BRDA:1,194,3,0
BRDA:1,194,4,0
BRDA:1,194,5,0
BRDA:1,195,0,0
BRDA:1,195,1,0
BRDA:1,196,0,0
BRDA:1,196,1,0
BRDA:1,197,0,0
BRDA:1,197,1,0
BRDA:1,198,0,0
BRDA:1,198,1,0
BRDA:1,199,0,0
BRDA:1,199,1,0
BRDA:1,200,0,0
BRDA:1,200,1,0
BRDA:1,201,0,0
BRDA:1,201,1,0
BRDA:1,202,0,1
BRDA:1,202,1,0
BRDA:1,203,0,1
BRDA:1,203,1,0
BRDA:1,204,0,0
BRDA:1,204,1,0
BRDA:1,205,0,0
BRDA:1,205,1,0
BRDA:1,205,2,0
BRDA:1,206,0,0
BRDA:1,206,1,0
BRDA:1,207,0,0
BRDA:1,207,1,0
BRDA:1,208,0,0
BRDA:1,208,1,0
BRDA:1,209,0,0
BRDA:1,209,1,0
BRDA:1,210,0,0
BRDA:1,210,1,0
BRDA:1,211,0,0
BRDA:1,211,1,0
BRDA:1,212,0,0
BRDA:1,212,1,0
BRDA:1,213,0,0
BRDA:1,213,1,0
BRDA:1,214,0,0
BRDA:1,214,1,0
BRDA:1,215,0,0
BRDA:1,215,1,0
BRDA:1,216,0,0
BRDA:1,216,1,0
BRDA:1,217,0,0
BRDA:1,217,1,0
BRDA:1,218,0,0
BRDA:1,218,1,0
BRDA:1,219,0,0
BRDA:1,219,1,0
BRDA:1,220,0,0
BRDA:1,220,1,0
BRDA:1,221,0,0
BRDA:1,221,1,0
BRDA:1,222,0,0
BRDA:1,222,1,0
BRDA:1,223,0,0
BRDA:1,223,1,0
BRDA:1,224,0,0
BRDA:1,224,1,0
BRDA:1,225,0,0
BRDA:1,225,1,0
BRDA:1,226,0,0
BRDA:1,226,1,0
BRDA:1,227,0,0
BRDA:1,227,1,0
BRDA:1,228,0,0
BRDA:1,228,1,0
BRDA:1,229,0,0
BRDA:1,229,1,0
BRDA:1,230,0,0
BRDA:1,230,1,0
BRDA:1,230,2,0
BRDA:1,231,0,0
BRDA:1,231,1,0
BRDA:1,232,0,0
BRDA:1,232,1,0
BRDA:1,233,0,0
BRDA:1,233,1,0
BRDA:1,233,2,0
BRDA:1,233,3,0
BRDA:1,233,4,0
BRDA:1,234,0,0
BRDA:1,234,1,0
BRDA:1,235,0,0
BRDA:1,235,1,0
BRDA:1,236,0,0
BRDA:1,236,1,0
BRDA:1,236,2,0
BRDA:1,237,0,0
BRDA:1,237,1,0
BRDA:1,238,0,0
BRDA:1,238,1,0
BRDA:1,239,0,0
BRDA:1,239,1,0
BRDA:1,240,0,0
BRDA:1,240,1,0
BRDA:1,241,0,0
BRDA:1,241,1,0
BRDA:1,242,0,0
BRDA:1,242,1,0
BRDA:1,243,0,0
BRDA:1,243,1,0
BRDA:1,244,0,0
BRDA:1,244,1,0
BRDA:1,245,0,0
BRDA:1,245,1,0
BRDA:1,246,0,0
BRDA:1,246,1,0
BRDA:1,247,0,0
BRDA:1,247,1,0
BRDA:1,248,0,0
BRDA:1,248,1,0
BRDA:1,249,0,0
BRDA:1,249,1,0
BRDA:1,250,0,0
BRDA:1,250,1,0
BRDA:1,251,0,0
BRDA:1,251,1,0
BRDA:1,252,0,0
BRDA:1,252,1,0
BRDA:1,253,0,0
BRDA:1,253,1,0
BRDA:1,254,0,0
BRDA:1,254,1,0
BRDA:1,255,0,0
BRDA:1,255,1,0
BRDA:1,256,0,0
BRDA:1,256,1,0
BRDA:1,257,0,0
BRDA:1,257,1,0
BRDA:1,258,0,0
BRDA:1,258,1,0
BRDA:1,259,0,0
BRDA:1,259,1,0
BRDA:1,260,0,0
BRDA:1,260,1,0
BRDA:1,261,0,0
BRDA:1,261,1,0
BRDA:1,262,0,0
BRDA:1,262,1,0
BRDA:1,263,0,0
BRDA:1,263,1,0
BRDA:1,264,0,0
BRDA:1,264,1,0
BRDA:1,265,0,0
BRDA:1,265,1,0
BRDA:1,266,0,0
BRDA:1,266,1,0
BRDA:1,267,0,0
BRDA:1,267,1,0
BRDA:1,268,0,0
BRDA:1,268,1,0
BRDA:1,268,2,0
BRDA:1,268,3,0
BRDA:1,269,0,0
BRDA:1,269,1,0
BRDA:1,270,0,0
BRDA:1,270,1,0
BRDA:1,271,0,0
BRDA:1,271,1,0
BRDA:1,272,0,0
BRDA:1,272,1,0
BRDA:1,273,0,0
BRDA:1,273,1,0
BRDA:1,274,0,0
BRDA:1,274,1,0
BRDA:1,275,0,0
BRDA:1,275,1,0
BRDA:1,276,0,0
BRDA:1,276,1,0
BRDA:1,277,0,0
BRDA:1,277,1,0
BRDA:1,278,0,0
BRDA:1,278,1,0
BRDA:1,279,0,0
BRDA:1,279,1,0
BRDA:1,280,0,0
BRDA:1,280,1,0
BRDA:1,281,0,0
BRDA:1,281,1,0
BRDA:1,282,0,0
BRDA:1,282,1,0
BRDA:1,283,0,0
BRDA:1,283,1,0
BRDA:1,284,0,0
BRDA:1,284,1,0
BRDA:1,284,2,0
BRDA:1,284,3,0
BRDA:1,285,0,0
BRDA:1,285,1,0
BRDA:1,286,0,0
BRDA:1,286,1,0
BRDA:1,287,0,0
BRDA:1,287,1,0
BRDA:1,288,0,0
BRDA:1,288,1,0
BRDA:1,289,0,0
BRDA:1,289,1,0
BRDA:1,290,0,0
BRDA:1,290,1,0
BRDA:1,291,0,0
BRDA:1,291,1,0
BRDA:1,292,0,0
BRDA:1,292,1,0
BRDA:1,293,0,0
BRDA:1,293,1,0
BRDA:1,293,2,0
BRDA:1,293,3,0
BRDA:1,294,0,0
BRDA:1,294,1,0
BRDA:1,295,0,0
BRDA:1,295,1,0
BRDA:1,296,0,0
BRDA:1,296,1,0
BRDA:1,297,0,0
BRDA:1,297,1,0
BRDA:1,298,0,0
BRDA:1,298,1,0
BRDA:1,299,0,0
BRDA:1,299,1,0
BRDA:1,300,0,0
BRDA:1,300,1,0
BRDA:1,301,0,0
BRDA:1,301,1,0
BRDA:1,302,0,0
BRDA:1,302,1,0
BRDA:1,303,0,0
BRDA:1,303,1,0
BRDA:1,304,0,0
BRDA:1,304,1,0
BRDA:1,305,0,0
BRDA:1,305,1,0
BRDA:1,306,0,0
BRDA:1,306,1,0
BRDA:1,307,0,0
BRDA:1,307,1,0
BRDA:1,308,0,0
BRDA:1,308,1,0
BRDA:1,309,0,0
BRDA:1,309,1,0
BRDA:1,310,0,0
BRDA:1,310,1,0
BRDA:1,311,0,0
BRDA:1,311,1,0
BRDA:1,312,0,0
BRDA:1,312,1,0
BRDA:1,313,0,0
BRDA:1,313,1,0
BRDA:1,314,0,0
BRDA:1,314,1,0
BRDA:1,315,0,0
BRDA:1,315,1,0
BRDA:1,316,0,0
BRDA:1,316,1,0
BRDA:1,317,0,1
BRDA:1,317,1,1
BRDA:1,317,2,1
BRDA:1,317,3,1
BRDA:1,318,0,1
BRDA:1,318,1,1
BRDA:1,318,2,1
BRDA:1,318,3,1
BRDA:1,319,0,1
BRDA:1,319,1,0
BRDA:1,319,2,0
BRDA:8,320,0,1
BRDA:8,320,1,0
BRDA:8,321,0,0
BRDA:8,321,1,0
BRDA:8,322,0,0
BRDA:8,322,1,0
BRDA:8,323,0,0
BRDA:8,323,1,0
BRDA:8,324,0,0
BRDA:8,324,1,0
BRDA:8,325,0,0
BRDA:8,325,1,0
BRDA:8,326,0,0
BRDA:8,326,1,0
BRDA:8,327,0,0
BRDA:8,327,1,0
BRDA:8,328,0,0
BRDA:8,328,1,0
BRDA:8,329,0,0
BRDA:8,329,1,0
BRDA:8,330,0,0
BRDA:8,330,1,0
BRDA:8,331,0,0
BRDA:8,331,1,0
BRDA:8,332,0,0
BRDA:8,332,1,0
BRDA:8,333,0,0
BRDA:8,333,1,0
BRDA:8,334,0,0
BRDA:8,334,1,0
BRDA:8,335,0,0
BRDA:8,335,1,0
BRDA:8,336,0,0
BRDA:8,336,1,0
BRDA:8,337,0,0
BRDA:8,337,1,0
BRDA:8,338,0,0
BRDA:8,338,1,0
BRDA:8,339,0,0
BRDA:8,339,1,0
BRDA:8,340,0,0
BRDA:8,340,1,0
BRDA:8,340,2,0
BRDA:8,341,0,0
BRDA:8,341,1,0
BRDA:8,342,0,0
BRDA:8,342,1,0
BRDA:8,343,0,0
BRDA:8,343,1,0
BRDA:8,344,0,0
BRDA:8,344,1,0
BRDA:8,345,0,0
BRDA:8,345,1,0
BRDA:8,346,0,0
BRDA:8,346,1,0
BRDA:8,347,0,0
BRDA:8,347,1,0
BRDA:8,347,2,0
BRDA:8,348,0,0
BRDA:8,348,1,0
BRDA:8,349,0,0
BRDA:8,349,1,0
BRDA:8,350,0,0
BRDA:8,350,1,0
BRDA:8,351,0,0
BRDA:8,351,1,0
BRDA:8,352,0,0
BRDA:8,352,1,0
BRDA:8,353,0,0
BRDA:8,353,1,0
BRDA:8,354,0,0
BRDA:8,354,1,0
BRDA:8,355,0,0
BRDA:8,355,1,0
BRDA:8,356,0,0
BRDA:8,356,1,0
BRDA:8,357,0,0
BRDA:8,357,1,0
BRDA:8,358,0,0
BRDA:8,358,1,0
BRDA:8,359,0,0
BRDA:8,359,1,0
BRDA:8,360,0,0
BRDA:8,360,1,0
BRDA:8,360,2,0
BRDA:8,360,3,0
BRDA:8,361,0,0
BRDA:8,361,1,0
BRDA:8,362,0,0
BRDA:8,362,1,0
BRDA:8,363,0,0
BRDA:8,363,1,0
BRDA:8,363,2,0
BRDA:8,363,3,0
BRDA:8,363,4,0
BRDA:8,363,5,0
BRDA:8,363,6,0
BRDA:8,363,7,0
BRDA:8,363,8,0
BRDA:8,363,9,0
BRDA:8,363,10,0
BRDA:8,363,11,0
BRDA:8,363,12,0
BRDA:8,364,0,0
BRDA:8,364,1,0
BRDA:8,365,0,0
BRDA:8,365,1,0
BRDA:8,366,0,0
BRDA:8,366,1,0
BRDA:8,366,2,0
BRDA:8,367,0,0
BRDA:8,367,1,0
BRDA:8,368,0,0
BRDA:8,368,1,0
BRDA:8,368,2,0
BRDA:8,369,0,0
BRDA:8,369,1,0
BRDA:8,370,0,0
BRDA:8,370,1,0
BRDA:8,370,2,0
BRDA:8,370,3,0
BRDA:8,370,4,0
BRDA:8,370,5,0
BRDA:8,370,6,0
BRDA:8,370,7,0
BRDA:8,370,8,0
BRDA:8,370,9,0
BRDA:8,370,10,0
BRDA:8,370,11,0
BRDA:8,371,0,0
BRDA:8,371,1,0
BRDA:8,372,0,0
BRDA:8,372,1,0
BRDA:8,373,0,0
BRDA:8,373,1,0
BRDA:8,374,0,0
BRDA:8,374,1,0
BRDA:8,375,0,0
BRDA:8,375,1,0
BRDA:8,376,0,0
BRDA:8,376,1,0
BRDA:8,377,0,0
BRDA:8,377,1,0
BRDA:8,378,0,0
BRDA:8,378,1,0
BRDA:8,379,0,0
BRDA:8,379,1,0
BRDA:8,380,0,0
BRDA:8,380,1,0
BRDA:8,381,0,0
BRDA:8,381,1,0
BRDA:8,382,0,0
BRDA:8,382,1,0
BRDA:8,383,0,0
BRDA:8,383,1,0
BRDA:8,384,0,0
BRDA:8,384,1,0
BRDA:8,385,0,0
BRDA:8,385,1,0
BRDA:8,386,0,0
BRDA:8,386,1,0
BRDA:8,387,0,0
BRDA:8,387,1,0
BRDA:8,388,0,0
BRDA:8,388,1,0
BRDA:8,389,0,0
BRDA:8,389,1,0
BRDA:8,390,0,0
BRDA:8,390,1,0
BRDA:8,391,0,0
BRDA:8,391,1,0
BRDA:8,391,2,0
BRDA:8,391,3,0
BRDA:8,391,4,0
BRDA:8,392,0,0
BRDA:8,392,1,0
BRDA:8,393,0,0
BRDA:8,393,1,0
BRDA:8,394,0,0
BRDA:8,394,1,0
BRDA:8,395,0,0
BRDA:8,395,1,0
BRDA:8,396,0,0
BRDA:8,396,1,0
BRDA:8,397,0,0
BRDA:8,397,1,0
BRDA:8,398,0,0
BRDA:8,398,1,0
BRDA:8,399,0,0
BRDA:8,399,1,0
BRDA:8,400,0,0
BRDA:8,400,1,0
BRDA:8,401,0,0
BRDA:8,401,1,0
BRDA:8,402,0,0
BRDA:8,402,1,0
BRDA:8,403,0,0
BRDA:8,403,1,0
BRDA:8,404,0,0
BRDA:8,404,1,0
BRDA:8,405,0,0
BRDA:8,405,1,0
BRDA:8,406,0,0
BRDA:8,406,1,0
BRDA:8,407,0,0
BRDA:8,407,1,0
BRDA:8,408,0,0
BRDA:8,408,1,0
BRDA:8,409,0,0
BRDA:8,409,1,0
BRDA:8,410,0,0
BRDA:8,410,1,0
BRDA:8,411,0,0
BRDA:8,411,1,0
BRDA:8,412,0,0
BRDA:8,412,1,0
BRDA:8,413,0,0
BRDA:8,413,1,0
BRDA:8,414,0,0
BRDA:8,414,1,0
BRDA:8,415,0,0
BRDA:8,415,1,0
BRDA:8,416,0,0
BRDA:8,416,1,0
BRDA:8,416,2,0
BRDA:8,416,3,0
BRDA:8,417,0,0
BRDA:8,417,1,0
BRDA:8,418,0,0
BRDA:8,418,1,0
BRDA:8,418,2,0
BRDA:8,419,0,0
BRDA:8,419,1,0
BRDA:8,419,2,0
BRDA:8,419,3,0
BRDA:8,419,4,0
BRDA:8,419,5,0
BRDA:8,420,0,0
BRDA:8,420,1,0
BRDA:8,420,2,0
BRDA:8,420,3,0
BRDA:8,420,4,0
BRDA:8,420,5,0
BRDA:8,421,0,0
BRDA:8,421,1,0
BRDA:8,422,0,0
BRDA:8,422,1,0
BRDA:8,423,0,0
BRDA:8,423,1,0
BRDA:8,424,0,0
BRDA:8,424,1,0
BRDA:8,425,0,0
BRDA:8,425,1,1
BRDA:8,426,0,1
BRDA:8,426,1,1
BRDA:8,426,2,1
BRDA:8,427,0,1
BRDA:8,427,1,1
BRDA:8,428,0,1
BRDA:8,428,1,1
BRDA:8,428,2,1
BRDA:8,428,3,1
BRDA:8,429,0,0
BRDA:8,429,1,0
BRDA:8,430,0,0
BRDA:8,430,1,0
BRDA:8,431,0,0
BRDA:8,431,1,0
BRDA:8,432,0,0
BRDA:8,432,1,0
BRDA:8,433,0,0
BRDA:8,433,1,0
BRDA:8,434,0,0
BRDA:8,434,1,0
BRDA:8,435,0,0
BRDA:8,435,1,0
BRDA:8,436,0,0
BRDA:8,436,1,0
BRDA:8,437,0,0
BRDA:8,437,1,0
BRDA:8,438,0,0
BRDA:8,438,1,0
BRDA:8,439,0,0
BRDA:8,439,1,0
BRDA:8,439,2,0
BRDA:8,439,3,0
BRDA:8,439,4,0
BRDA:8,439,5,0
BRDA:8,439,6,0
BRDA:8,439,7,0
BRDA:8,439,8,0
BRDA:8,439,9,0
BRDA:8,439,10,0
BRDA:8,439,11,0
BRDA:8,440,0,0
BRDA:8,440,1,0
BRDA:8,441,0,0
BRDA:8,441,1,0
BRDA:8,442,0,0
BRDA:8,442,1,0
BRDA:8,443,0,0
BRDA:8,443,1,0
BRDA:8,444,0,0
BRDA:8,444,1,0
BRDA:8,445,0,0
BRDA:8,445,1,0
BRDA:8,446,0,0
BRDA:8,446,1,0
BRDA:8,447,0,0
BRDA:8,447,1,0
BRDA:8,448,0,0
BRDA:8,448,1,0
BRDA:8,449,0,0
BRDA:8,449,1,0
BRDA:8,450,0,0
BRDA:8,450,1,0
BRDA:8,451,0,0
BRDA:8,451,1,0
BRDA:8,452,0,0
BRDA:8,452,1,0
BRDA:8,453,0,0
BRDA:8,453,1,0
BRDA:8,454,0,0
BRDA:8,454,1,0
BRDA:8,455,0,0
BRDA:8,455,1,0
BRDA:8,456,0,0
BRDA:8,456,1,0
BRDA:8,457,0,0
BRDA:8,457,1,0
BRDA:8,458,0,0
BRDA:8,458,1,0
BRDA:8,459,0,0
BRDA:8,459,1,0
BRDA:8,460,0,0
BRDA:8,460,1,0
BRDA:8,460,2,0
BRDA:8,460,3,0
BRDA:8,461,0,0
BRDA:8,461,1,0
BRDA:8,462,0,0
BRDA:8,462,1,0
BRDA:8,463,0,0
BRDA:8,463,1,0
BRDA:8,464,0,0
BRDA:8,464,1,0
BRDA:8,465,0,0
BRDA:8,465,1,0
BRDA:8,466,0,0
BRDA:8,466,1,0
BRDA:8,467,0,0
BRDA:8,467,1,0
BRDA:8,468,0,0
BRDA:8,468,1,0
BRDA:8,469,0,0
BRDA:8,469,1,0
BRDA:8,470,0,0
BRDA:8,470,1,0
BRDA:8,471,0,0
BRDA:8,471,1,0
BRDA:8,472,0,0
BRDA:8,472,1,0
BRDA:8,473,0,0
BRDA:8,473,1,0
BRDA:8,474,0,0
BRDA:8,474,1,0
BRDA:8,475,0,0
BRDA:8,475,1,0
BRDA:8,476,0,0
BRDA:8,476,1,0
BRDA:8,476,2,0
BRDA:8,477,0,0
BRDA:8,477,1,0
BRDA:8,477,2,0
BRDA:8,477,3,0
BRDA:8,478,0,0
BRDA:8,478,1,0
BRDA:8,479,0,0
BRDA:8,479,1,0
BRDA:8,479,2,0
BRDA:8,479,3,0
BRDA:8,479,4,0
BRDA:8,479,5,0
BRDA:8,479,6,0
BRDA:8,479,7,0
BRDA:8,479,8,0
BRDA:8,479,9,0
BRDA:8,479,10,0
BRDA:8,479,11,0
BRDA:8,480,0,0
BRDA:8,480,1,0
BRDA:8,481,0,0
BRDA:8,481,1,0
BRDA:8,482,0,0
BRDA:8,482,1,0
BRDA:8,482,2,0
BRDA:8,483,0,0
BRDA:8,483,1,0
BRDA:8,483,2,0
BRDA:8,483,3,0
BRDA:8,484,0,0
BRDA:8,484,1,0
BRDA:8,485,0,0
BRDA:8,485,1,0
BRDA:8,486,0,0
BRDA:8,486,1,0
BRDA:8,487,0,0
BRDA:8,487,1,0
BRDA:8,488,0,0
BRDA:8,488,1,0
BRDA:8,489,0,0
BRDA:8,489,1,0
BRDA:8,490,0,0
BRDA:8,490,1,0
BRDA:8,491,0,0
BRDA:8,491,1,0
BRDA:8,492,0,0
BRDA:8,492,1,0
BRDA:8,493,0,0
BRDA:8,493,1,0
BRDA:8,494,0,0
BRDA:8,494,1,0
BRDA:8,495,0,0
BRDA:8,495,1,0
BRDA:8,496,0,0
BRDA:8,496,1,0
BRDA:8,497,0,0
BRDA:8,497,1,0
BRDA:8,498,0,0
BRDA:8,498,1,0
BRDA:8,499,0,0
BRDA:8,499,1,0
BRDA:8,500,0,0
BRDA:8,500,1,0
BRDA:8,501,0,0
BRDA:8,501,1,0
BRDA:8,502,0,0
BRDA:8,502,1,0
BRDA:8,503,0,0
BRDA:8,503,1,0
BRDA:8,504,0,0
BRDA:8,504,1,0
BRDA:8,505,0,0
BRDA:8,505,1,0
BRDA:8,506,0,0
BRDA:8,506,1,0
BRDA:8,507,0,0
BRDA:8,507,1,0
BRDA:8,508,0,0
BRDA:8,508,1,0
BRDA:8,509,0,0
BRDA:8,509,1,0
BRDA:8,510,0,0
BRDA:8,510,1,0
BRDA:8,511,0,0
BRDA:8,511,1,0
BRDA:8,512,0,0
BRDA:8,512,1,0
BRDA:8,513,0,0
BRDA:8,513,1,0
BRDA:8,514,0,0
BRDA:8,514,1,0
BRDA:8,515,0,0
BRDA:8,515,1,0
BRDA:8,516,0,0
BRDA:8,516,1,0
BRDA:8,517,0,0
BRDA:8,517,1,0
BRDA:8,518,0,0
BRDA:8,518,1,0
BRDA:8,519,0,0
BRDA:8,519,1,0
BRDA:8,520,0,0
BRDA:8,520,1,0
BRDA:8,521,0,0
BRDA:8,521,1,0
BRDA:8,522,0,0
BRDA:8,522,1,0
BRDA:8,523,0,0
BRDA:8,523,1,0
BRDA:8,524,0,0
BRDA:8,524,1,0
BRDA:8,525,0,0
BRDA:8,525,1,0
BRDA:8,526,0,0
BRDA:8,526,1,0
BRDA:8,527,0,0
BRDA:8,527,1,0
BRDA:8,528,0,0
BRDA:8,528,1,0
BRDA:8,529,0,0
BRDA:8,529,1,0
BRDA:8,530,0,0
BRDA:8,530,1,0
BRDA:8,531,0,0
BRDA:8,531,1,0
BRDA:8,532,0,0
BRDA:8,532,1,0
BRDA:8,533,0,0
BRDA:8,533,1,0
BRDA:8,534,0,0
BRDA:8,534,1,0
BRDA:8,535,0,0
BRDA:8,535,1,0
BRDA:8,536,0,0
BRDA:8,536,1,0
BRDA:8,537,0,0
BRDA:8,537,1,0
BRDA:8,538,0,0
BRDA:8,538,1,0
BRDA:8,539,0,0
BRDA:8,539,1,0
BRDA:8,540,0,0
BRDA:8,540,1,0
BRDA:8,541,0,0
BRDA:8,541,1,0
BRDA:8,542,0,0
BRDA:8,542,1,0
BRDA:8,543,0,0
BRDA:8,543,1,0
BRDA:8,544,0,0
BRDA:8,544,1,0
BRDA:8,545,0,0
BRDA:8,545,1,0
BRDA:8,546,0,0
BRDA:8,546,1,0
BRDA:8,547,0,0
BRDA:8,547,1,0
BRDA:8,548,0,0
BRDA:8,548,1,0
BRDA:8,549,0,0
BRDA:8,549,1,0
BRDA:8,550,0,0
BRDA:8,550,1,0
BRDA:8,551,0,0
BRDA:8,551,1,0
BRDA:8,552,0,0
BRDA:8,552,1,0
BRDA:8,552,2,0
BRDA:8,552,3,0
BRDA:8,553,0,0
BRDA:8,553,1,0
BRDA:8,554,0,0
BRDA:8,554,1,0
BRDA:8,555,0,0
BRDA:8,555,1,0
BRDA:8,555,2,0
BRDA:8,555,3,0
BRDA:8,556,0,0
BRDA:8,556,1,0
BRDA:8,557,0,0
BRDA:8,557,1,0
BRDA:8,558,0,0
BRDA:8,558,1,0
BRDA:8,559,0,0
BRDA:8,559,1,0
BRDA:8,560,0,0
BRDA:8,560,1,0
BRDA:8,561,0,0
BRDA:8,561,1,0
BRDA:8,562,0,0
BRDA:8,562,1,0
BRDA:8,563,0,0
BRDA:8,563,1,0
BRDA:8,564,0,0
BRDA:8,564,1,0
BRDA:8,565,0,0
BRDA:8,565,1,0
BRDA:8,566,0,0
BRDA:8,566,1,0
BRDA:8,567,0,0
BRDA:8,567,1,0
BRDA:8,568,0,0
BRDA:8,568,1,0
BRDA:8,569,0,0
BRDA:8,569,1,0
BRDA:8,570,0,0
BRDA:8,570,1,0
BRDA:8,570,2,0
BRDA:8,571,0,0
BRDA:8,571,1,0
BRDA:8,572,0,0
BRDA:8,572,1,0
BRDA:8,573,0,0
BRDA:8,573,1,0
BRDA:8,573,2,0
BRDA:8,574,0,0
BRDA:8,574,1,0
BRDA:8,575,0,0
BRDA:8,575,1,0
BRDA:8,576,0,0
BRDA:8,576,1,0
BRDA:8,577,0,0
BRDA:8,577,1,0
BRDA:8,578,0,0
BRDA:8,578,1,0
BRDA:8,579,0,0
BRDA:8,579,1,0
BRDA:8,580,0,0
BRDA:8,580,1,0
BRDA:8,581,0,0
BRDA:8,581,1,0
BRDA:8,582,0,0
BRDA:8,582,1,0
BRDA:8,583,0,0
BRDA:8,583,1,0
BRDA:8,583,2,0
BRDA:8,584,0,0
BRDA:8,584,1,0
BRDA:8,585,0,0
BRDA:8,585,1,0
BRDA:8,586,0,0
BRDA:8,586,1,0
BRDA:8,587,0,0
BRDA:8,587,1,0
BRDA:8,588,0,0
BRDA:8,588,1,0
BRDA:8,589,0,0
BRDA:8,589,1,0
BRDA:8,590,0,0
BRDA:8,590,1,0
BRDA:8,591,0,0
BRDA:8,591,1,0
BRDA:8,592,0,0
BRDA:8,592,1,0
BRDA:8,593,0,0
BRDA:8,593,1,0
BRDA:8,594,0,0
BRDA:8,594,1,0
BRDA:8,595,0,0
BRDA:8,595,1,0
BRDA:8,596,0,0
BRDA:8,596,1,0
BRDA:8,597,0,0
BRDA:8,597,1,0
BRDA:8,597,2,0
BRDA:8,598,0,0
BRDA:8,598,1,0
BRDA:8,599,0,0
BRDA:8,599,1,0
BRDA:8,600,0,0
BRDA:8,600,1,0
BRDA:8,601,0,0
BRDA:8,601,1,0
BRDA:8,602,0,0
BRDA:8,602,1,0
BRDA:8,603,0,0
BRDA:8,603,1,0
BRDA:8,604,0,0
BRDA:8,604,1,0
BRDA:8,605,0,0
BRDA:8,605,1,0
BRDA:8,606,0,0
BRDA:8,606,1,0
BRDA:8,607,0,0
BRDA:8,607,1,0
BRDA:8,608,0,0
BRDA:8,608,1,0
BRDA:8,609,0,0
BRDA:8,609,1,0
BRDA:8,610,0,0
BRDA:8,610,1,0
BRDA:8,611,0,0
BRDA:8,611,1,0
BRDA:8,612,0,0
BRDA:8,612,1,0
BRDA:8,613,0,0
BRDA:8,613,1,0
BRDA:8,614,0,0
BRDA:8,614,1,0
BRDA:8,614,2,0
BRDA:8,615,0,0
BRDA:8,615,1,0
BRDA:8,616,0,0
BRDA:8,616,1,0
BRDA:8,617,0,0
BRDA:8,617,1,0
BRDA:8,618,0,0
BRDA:8,618,1,0
BRDA:8,619,0,0
BRDA:8,619,1,0
BRDA:8,620,0,0
BRDA:8,620,1,0
BRDA:8,621,0,0
BRDA:8,621,1,0
BRDA:8,622,0,0
BRDA:8,622,1,0
BRDA:8,623,0,0
BRDA:8,623,1,0
BRDA:8,624,0,0
BRDA:8,624,1,0
BRDA:8,625,0,0
BRDA:8,625,1,0
BRDA:8,626,0,0
BRDA:8,626,1,0
BRDA:8,627,0,0
BRDA:8,627,1,0
BRDA:8,628,0,0
BRDA:8,628,1,0
BRDA:8,629,0,0
BRDA:8,629,1,0
BRDA:8,630,0,0
BRDA:8,630,1,0
BRDA:8,631,0,0
BRDA:8,631,1,0
BRDA:8,632,0,0
BRDA:8,632,1,0
BRDA:8,633,0,0
BRDA:8,633,1,0
BRDA:8,634,0,0
BRDA:8,634,1,0
BRDA:8,635,0,0
BRDA:8,635,1,0
BRDA:8,636,0,0
BRDA:8,636,1,0
BRDA:8,637,0,0
BRDA:8,637,1,0
BRDA:8,638,0,0
BRDA:8,638,1,0
BRDA:8,639,0,0
BRDA:8,639,1,0
BRDA:8,640,0,0
BRDA:8,640,1,0
BRDA:8,641,0,0
BRDA:8,641,1,0
BRDA:8,642,0,0
BRDA:8,642,1,0
BRDA:8,643,0,0
BRDA:8,643,1,0
BRDA:8,644,0,0
BRDA:8,644,1,0
BRDA:8,645,0,0
BRDA:8,645,1,0
BRDA:8,646,0,0
BRDA:8,646,1,0
BRDA:8,646,2,0
BRDA:8,647,0,1
BRDA:8,647,1,0
BRF:1426
BRH:58
end_of_record
TN:
SF:D:\code\unit-test-pro\test\promise.js
FN:1,(anonymous_1)
FN:1,r
FN:1,(anonymous_3)
FN:1,(anonymous_4)
FN:1,(anonymous_5)
FN:1,(anonymous_6)
FN:1,(anonymous_7)
FN:1,(anonymous_8)
FN:1,(anonymous_9)
FN:1,(anonymous_10)
FN:1,(anonymous_11)
FN:1,(anonymous_12)
FN:1,(anonymous_13)
FN:1,n
FN:1,(anonymous_15)
FN:1,(anonymous_16)
FN:1,o
FN:1,(anonymous_18)
FN:1,(anonymous_19)
FN:1,(anonymous_20)
FN:1,(anonymous_21)
FN:1,(anonymous_22)
FN:1,(anonymous_23)
FN:1,(anonymous_24)
FN:1,(anonymous_25)
FN:1,s
FN:1,(anonymous_27)
FN:1,(anonymous_28)
FN:1,(anonymous_29)
FN:1,(anonymous_30)
FN:1,(anonymous_31)
FN:1,(anonymous_32)
FN:1,(anonymous_33)
FN:1,(anonymous_34)
FN:1,a
FN:1,s
FN:1,(anonymous_37)
FN:1,(anonymous_38)
FN:1,(anonymous_39)
FN:1,(anonymous_40)
FN:1,(anonymous_41)
FN:1,(anonymous_42)
FN:1,(anonymous_43)
FN:1,(anonymous_44)
FN:1,(anonymous_45)
FN:1,(anonymous_46)
FN:1,(anonymous_47)
FN:1,(anonymous_48)
FN:1,(anonymous_49)
FN:1,(anonymous_50)
FN:1,(anonymous_51)
FN:1,(anonymous_52)
FN:1,(anonymous_53)
FN:1,(anonymous_54)
FN:1,(anonymous_55)
FN:1,l
FN:1,(anonymous_57)
FN:1,(anonymous_58)
FN:1,(anonymous_59)
FN:1,(anonymous_60)
FN:1,(anonymous_61)
FN:1,(anonymous_62)
FN:1,(anonymous_63)
FN:1,(anonymous_64)
FN:1,(anonymous_65)
FN:1,(anonymous_66)
FN:1,(anonymous_67)
FN:1,(anonymous_68)
FN:1,(anonymous_69)
FN:1,(anonymous_70)
FN:1,(anonymous_71)
FN:1,(anonymous_72)
FN:1,(anonymous_73)
FN:1,(anonymous_74)
FN:1,(anonymous_75)
FN:1,o
FN:1,s
FN:1,u
FN:1,l
FN:1,p
FN:1,d
FN:1,y
FN:1,g
FN:1,b
FN:1,(anonymous_85)
FN:1,(anonymous_86)
FN:1,(anonymous_87)
FN:1,(anonymous_88)
FN:1,(anonymous_89)
FN:1,(anonymous_90)
FN:1,(anonymous_91)
FN:1,(anonymous_92)
FN:1,(anonymous_93)
FN:1,(anonymous_94)
FN:1,(anonymous_95)
FN:1,(anonymous_96)
FN:1,(anonymous_97)
FN:1,(anonymous_98)
FN:1,(anonymous_99)
FN:1,(anonymous_100)
FN:1,(anonymous_101)
FN:1,(anonymous_102)
FN:1,(anonymous_103)
FN:1,(anonymous_104)
FN:1,(anonymous_105)
FN:1,(anonymous_106)
FN:1,(anonymous_107)
FN:1,(anonymous_108)
FN:1,(anonymous_109)
FN:1,(anonymous_110)
FN:1,(anonymous_111)
FN:1,(anonymous_112)
FN:1,o
FN:1,a
FN:1,s
FN:1,u
FN:1,h
FN:1,(anonymous_118)
FN:1,a
FN:1,s
FN:1,u
FN:1,(anonymous_122)
FN:1,(anonymous_123)
FN:1,(anonymous_124)
FN:1,(anonymous_125)
FN:1,(anonymous_126)
FN:1,(anonymous_127)
FN:1,c
FN:1,(anonymous_129)
FN:1,l
FN:1,p
FN:1,y
FN:1,(anonymous_133)
FN:1,g
FN:1,(anonymous_135)
FN:1,(anonymous_136)
FN:1,(anonymous_137)
FN:1,b
FN:1,m
FN:1,(anonymous_140)
FN:1,E
FN:1,(anonymous_142)
FN:1,T
FN:1,v
FN:1,w
FN:1,(anonymous_146)
FN:1,O
FN:1,A
FN:1,(anonymous_149)
FN:1,j
FN:1,(anonymous_151)
FN:1,R
FN:1,(anonymous_153)
FN:1,(anonymous_154)
FN:1,(anonymous_155)
FN:1,(anonymous_156)
FN:1,(anonymous_157)
FN:1,(anonymous_158)
FN:1,(anonymous_159)
FN:1,(anonymous_160)
FN:1,(anonymous_161)
FN:1,(anonymous_162)
FN:1,(anonymous_163)
FN:1,(anonymous_164)
FN:1,(anonymous_165)
FN:1,(anonymous_166)
FN:1,(anonymous_167)
FN:1,(anonymous_168)
FN:1,(anonymous_169)
FN:1,(anonymous_170)
FN:1,(anonymous_171)
FN:1,(anonymous_172)
FN:1,(anonymous_173)
FN:1,(anonymous_174)
FN:1,(anonymous_175)
FN:1,(anonymous_176)
FN:1,(anonymous_177)
FN:1,(anonymous_178)
FN:1,c
FN:1,(anonymous_180)
FN:1,p
FN:1,d
FN:1,y
FN:1,(anonymous_184)
FN:1,b
FN:1,m
FN:1,(anonymous_187)
FN:1,E
FN:1,T
FN:1,(anonymous_190)
FN:1,(anonymous_191)
FN:1,(anonymous_192)
FN:1,(anonymous_193)
FN:1,(anonymous_194)
FN:1,(anonymous_195)
FN:1,(anonymous_196)
FN:1,(anonymous_197)
FN:1,(anonymous_198)
FN:1,(anonymous_199)
FN:1,(anonymous_200)
FN:1,(anonymous_201)
FN:1,(anonymous_202)
FN:1,(anonymous_203)
FN:1,(anonymous_204)
FN:1,(anonymous_205)
FN:1,(anonymous_206)
FN:1,(anonymous_207)
FN:1,O
FN:1,A
FN:1,j
FN:1,R
FN:1,(anonymous_212)
FN:1,(anonymous_213)
FN:1,(anonymous_214)
FN:1,(anonymous_215)
FN:1,(anonymous_216)
FN:1,(anonymous_217)
FN:1,(anonymous_218)
FN:1,(anonymous_219)
FN:1,(anonymous_220)
FN:1,_
FN:1,(anonymous_222)
FN:1,(anonymous_223)
FN:1,(anonymous_224)
FN:1,(anonymous_225)
FN:1,(anonymous_226)
FN:1,(anonymous_227)
FN:1,(anonymous_228)
FN:1,(anonymous_229)
FN:1,(anonymous_230)
FN:1,(anonymous_231)
FN:1,(anonymous_232)
FN:1,(anonymous_233)
FN:1,(anonymous_234)
FN:1,(anonymous_235)
FN:1,(anonymous_236)
FN:1,(anonymous_237)
FN:1,(anonymous_238)
FN:1,(anonymous_239)
FN:1,(anonymous_240)
FN:1,(anonymous_241)
FN:1,(anonymous_242)
FN:1,(anonymous_243)
FN:1,(anonymous_244)
FN:1,(anonymous_245)
FN:1,r
FN:1,(anonymous_247)
FN:1,(anonymous_248)
FN:1,(anonymous_249)
FN:1,(anonymous_250)
FN:1,(anonymous_251)
FN:1,(anonymous_252)
FN:1,(anonymous_253)
FN:1,(anonymous_254)
FN:1,(anonymous_255)
FN:1,(anonymous_256)
FN:1,(anonymous_257)
FN:1,(anonymous_258)
FN:1,(anonymous_259)
FN:1,(anonymous_260)
FN:1,(anonymous_261)
FN:1,(anonymous_262)
FN:1,(anonymous_263)
FN:1,(anonymous_264)
FN:1,(anonymous_265)
FN:1,(anonymous_266)
FN:1,(anonymous_267)
FN:1,(anonymous_268)
FN:1,(anonymous_269)
FN:1,(anonymous_270)
FN:1,(anonymous_271)
FN:1,(anonymous_272)
FN:1,(anonymous_273)
FN:1,(anonymous_274)
FN:1,(anonymous_275)
FN:1,(anonymous_276)
FN:1,(anonymous_277)
FN:1,(anonymous_278)
FN:1,(anonymous_279)
FN:1,(anonymous_280)
FN:1,(anonymous_281)
FN:1,(anonymous_282)
FN:1,(anonymous_283)
FN:1,(anonymous_284)
FN:1,(anonymous_285)
FN:1,(anonymous_286)
FN:1,(anonymous_287)
FN:1,(anonymous_288)
FN:1,(anonymous_289)
FN:1,(anonymous_290)
FN:1,(anonymous_291)
FN:1,(anonymous_292)
FN:1,(anonymous_293)
FN:1,(anonymous_294)
FN:1,(anonymous_295)
FN:1,(anonymous_296)
FN:1,(anonymous_297)
FN:1,(anonymous_298)
FN:1,(anonymous_299)
FN:1,(anonymous_300)
FN:1,(anonymous_301)
FN:1,(anonymous_302)
FN:1,(anonymous_303)
FN:1,(anonymous_304)
FN:1,(anonymous_305)
FN:1,(anonymous_306)
FN:1,(anonymous_307)
FN:1,(anonymous_308)
FN:1,(anonymous_309)
FN:1,(anonymous_310)
FN:1,(anonymous_311)
FN:1,(anonymous_312)
FN:1,(anonymous_313)
FN:1,(anonymous_314)
FN:1,(anonymous_315)
FN:1,(anonymous_316)
FN:1,(anonymous_317)
FN:1,(anonymous_318)
FN:1,(anonymous_319)
FN:1,(anonymous_320)
FN:1,(anonymous_321)
FN:1,(anonymous_322)
FN:1,(anonymous_323)
FN:1,(anonymous_324)
FN:1,(anonymous_325)
FN:1,(anonymous_326)
FN:1,(anonymous_327)
FN:8,a
FN:8,s
FN:8,u
FN:8,h
FN:8,(anonymous_332)
FN:8,(anonymous_333)
FN:8,(anonymous_334)
FN:8,c
FN:8,f
FN:8,l
FN:8,p
FN:8,d
FN:8,y
FN:8,g
FN:8,b
FN:8,m
FN:8,h
FN:8,E
FN:8,T
FN:8,v
FN:8,(anonymous_348)
FN:8,w
FN:8,O
FN:8,A
FN:8,(anonymous_352)
FN:8,j
FN:8,R
FN:8,(anonymous_355)
FN:8,(anonymous_356)
FN:8,(anonymous_357)
FN:8,(anonymous_358)
FN:8,(anonymous_359)
FN:8,(anonymous_360)
FN:8,(anonymous_361)
FN:8,(anonymous_362)
FN:8,(anonymous_363)
FN:8,(anonymous_364)
FN:8,(anonymous_365)
FN:8,(anonymous_366)
FN:8,(anonymous_367)
FN:8,(anonymous_368)
FN:8,(anonymous_369)
FN:8,(anonymous_370)
FN:8,(anonymous_371)
FN:8,(anonymous_372)
FN:8,(anonymous_373)
FN:8,(anonymous_374)
FN:8,(anonymous_375)
FN:8,(anonymous_376)
FN:8,(anonymous_377)
FN:8,(anonymous_378)
FN:8,(anonymous_379)
FN:8,(anonymous_380)
FN:8,_
FN:8,B
FN:8,P
FN:8,C
FN:8,x
FN:8,I
FN:8,M
FN:8,k
FN:8,U
FN:8,D
FN:8,N
FN:8,(anonymous_392)
FN:8,(anonymous_393)
FN:8,(anonymous_394)
FN:8,(anonymous_395)
FN:8,(anonymous_396)
FN:8,(anonymous_397)
FN:8,(anonymous_398)
FN:8,(anonymous_399)
FN:8,(anonymous_400)
FN:8,(anonymous_401)
FN:8,(anonymous_402)
FN:8,(anonymous_403)
FN:8,(anonymous_404)
FN:8,(anonymous_405)
FN:8,(anonymous_406)
FN:8,(anonymous_407)
FN:8,(anonymous_408)
FN:8,(anonymous_409)
FN:8,(anonymous_410)
FN:8,(anonymous_411)
FN:8,(anonymous_412)
FN:8,(anonymous_413)
FN:8,(anonymous_414)
FN:8,(anonymous_415)
FN:8,(anonymous_416)
FN:8,(anonymous_417)
FN:8,(anonymous_418)
FN:8,(anonymous_419)
FN:8,(anonymous_420)
FN:8,(anonymous_421)
FN:8,(anonymous_422)
FN:8,(anonymous_423)
FN:8,(anonymous_424)
FN:8,(anonymous_425)
FN:8,(anonymous_426)
FN:8,(anonymous_427)
FN:8,(anonymous_428)
FN:8,(anonymous_429)
FN:8,(anonymous_430)
FN:8,Y
FN:8,L
FN:8,q
FN:8,(anonymous_434)
FN:8,(anonymous_435)
FN:8,J
FN:8,(anonymous_437)
FN:8,(anonymous_438)
FN:8,(anonymous_439)
FN:8,(anonymous_440)
FN:8,h
FN:8,c
FN:8,(anonymous_443)
FN:8,(anonymous_444)
FN:8,(anonymous_445)
FN:8,(anonymous_446)
FN:8,(anonymous_447)
FN:8,(anonymous_448)
FNF:448
FNH:66
FNDA:1,(anonymous_1)
FNDA:19,r
FNDA:8,(anonymous_3)
FNDA:2,(anonymous_4)
FNDA:0,(anonymous_5)
FNDA:0,(anonymous_6)
FNDA:3,(anonymous_7)
FNDA:0,(anonymous_8)
FNDA:35,(anonymous_9)
FNDA:8,(anonymous_10)
FNDA:1,(anonymous_11)
FNDA:1,(anonymous_12)
FNDA:1,(anonymous_13)
FNDA:55,n
FNDA:55,(anonymous_15)
FNDA:0,(anonymous_16)
FNDA:1,o
FNDA:50,(anonymous_18)
FNDA:0,(anonymous_19)
FNDA:6,(anonymous_20)
FNDA:0,(anonymous_21)
FNDA:38,(anonymous_22)
FNDA:0,(anonymous_23)
FNDA:0,(anonymous_24)
FNDA:0,(anonymous_25)
FNDA:0,s
FNDA:0,(anonymous_27)
FNDA:0,(anonymous_28)
FNDA:0,(anonymous_29)
FNDA:0,(anonymous_30)
FNDA:0,(anonymous_31)
FNDA:0,(anonymous_32)
FNDA:32,(anonymous_33)
FNDA:1,(anonymous_34)
FNDA:0,a
FNDA:1,s
FNDA:0,(anonymous_37)
FNDA:0,(anonymous_38)
FNDA:0,(anonymous_39)
FNDA:7,(anonymous_40)
FNDA:0,(anonymous_41)
FNDA:0,(anonymous_42)
FNDA:3,(anonymous_43)
FNDA:0,(anonymous_44)
FNDA:0,(anonymous_45)
FNDA:0,(anonymous_46)
FNDA:0,(anonymous_47)
FNDA:0,(anonymous_48)
FNDA:0,(anonymous_49)
FNDA:0,(anonymous_50)
FNDA:0,(anonymous_51)
FNDA:0,(anonymous_52)
FNDA:0,(anonymous_53)
FNDA:0,(anonymous_54)
FNDA:0,(anonymous_55)
FNDA:0,l
FNDA:0,(anonymous_57)
FNDA:0,(anonymous_58)
FNDA:0,(anonymous_59)
FNDA:0,(anonymous_60)
FNDA:0,(anonymous_61)
FNDA:0,(anonymous_62)
FNDA:0,(anonymous_63)
FNDA:0,(anonymous_64)
FNDA:0,(anonymous_65)
FNDA:0,(anonymous_66)
FNDA:0,(anonymous_67)
FNDA:0,(anonymous_68)
FNDA:0,(anonymous_69)
FNDA:0,(anonymous_70)
FNDA:0,(anonymous_71)
FNDA:0,(anonymous_72)
FNDA:0,(anonymous_73)
FNDA:0,(anonymous_74)
FNDA:1,(anonymous_75)
FNDA:0,o
FNDA:0,s
FNDA:0,u
FNDA:0,l
FNDA:0,p
FNDA:0,d
FNDA:0,y
FNDA:0,g
FNDA:0,b
FNDA:0,(anonymous_85)
FNDA:19,(anonymous_86)
FNDA:0,(anonymous_87)
FNDA:0,(anonymous_88)
FNDA:0,(anonymous_89)
FNDA:0,(anonymous_90)
FNDA:0,(anonymous_91)
FNDA:0,(anonymous_92)
FNDA:3,(anonymous_93)
FNDA:0,(anonymous_94)
FNDA:0,(anonymous_95)
FNDA:0,(anonymous_96)
FNDA:3,(anonymous_97)
FNDA:0,(anonymous_98)
FNDA:0,(anonymous_99)
FNDA:3,(anonymous_100)
FNDA:0,(anonymous_101)
FNDA:0,(anonymous_102)
FNDA:0,(anonymous_103)
FNDA:0,(anonymous_104)
FNDA:0,(anonymous_105)
FNDA:0,(anonymous_106)
FNDA:1,(anonymous_107)
FNDA:0,(anonymous_108)
FNDA:0,(anonymous_109)
FNDA:2,(anonymous_110)
FNDA:0,(anonymous_111)
FNDA:0,(anonymous_112)
FNDA:0,o
FNDA:0,a
FNDA:2,s
FNDA:0,u
FNDA:0,h
FNDA:1,(anonymous_118)
FNDA:0,a
FNDA:0,s
FNDA:0,u
FNDA:0,(anonymous_122)
FNDA:0,(anonymous_123)
FNDA:0,(anonymous_124)
FNDA:0,(anonymous_125)
FNDA:45,(anonymous_126)
FNDA:45,(anonymous_127)
FNDA:0,c
FNDA:0,(anonymous_129)
FNDA:0,l
FNDA:0,p
FNDA:0,y
FNDA:0,(anonymous_133)
FNDA:0,g
FNDA:0,(anonymous_135)
FNDA:0,(anonymous_136)
FNDA:0,(anonymous_137)
FNDA:0,b
FNDA:0,m
FNDA:0,(anonymous_140)
FNDA:0,E
FNDA:0,(anonymous_142)
FNDA:0,T
FNDA:0,v
FNDA:9,w
FNDA:0,(anonymous_146)
FNDA:0,O
FNDA:0,A
FNDA:0,(anonymous_149)
FNDA:10,j
FNDA:0,(anonymous_151)
FNDA:0,R
FNDA:0,(anonymous_153)
FNDA:0,(anonymous_154)
FNDA:0,(anonymous_155)
FNDA:0,(anonymous_156)
FNDA:0,(anonymous_157)
FNDA:0,(anonymous_158)
FNDA:0,(anonymous_159)
FNDA:0,(anonymous_160)
FNDA:0,(anonymous_161)
FNDA:0,(anonymous_162)
FNDA:0,(anonymous_163)
FNDA:0,(anonymous_164)
FNDA:0,(anonymous_165)
FNDA:0,(anonymous_166)
FNDA:0,(anonymous_167)
FNDA:0,(anonymous_168)
FNDA:0,(anonymous_169)
FNDA:0,(anonymous_170)
FNDA:0,(anonymous_171)
FNDA:0,(anonymous_172)
FNDA:0,(anonymous_173)
FNDA:0,(anonymous_174)
FNDA:1,(anonymous_175)
FNDA:1,(anonymous_176)
FNDA:1,(anonymous_177)
FNDA:1,(anonymous_178)
FNDA:0,c
FNDA:0,(anonymous_180)
FNDA:0,p
FNDA:0,d
FNDA:0,y
FNDA:0,(anonymous_184)
FNDA:0,b
FNDA:0,m
FNDA:0,(anonymous_187)
FNDA:0,E
FNDA:0,T
FNDA:0,(anonymous_190)
FNDA:0,(anonymous_191)
FNDA:0,(anonymous_192)
FNDA:0,(anonymous_193)
FNDA:0,(anonymous_194)
FNDA:53,(anonymous_195)
FNDA:0,(anonymous_196)
FNDA:0,(anonymous_197)
FNDA:0,(anonymous_198)
FNDA:16,(anonymous_199)
FNDA:0,(anonymous_200)
FNDA:0,(anonymous_201)
FNDA:0,(anonymous_202)
FNDA:0,(anonymous_203)
FNDA:21,(anonymous_204)
FNDA:0,(anonymous_205)
FNDA:0,(anonymous_206)
FNDA:0,(anonymous_207)
FNDA:0,O
FNDA:0,A
FNDA:0,j
FNDA:0,R
FNDA:0,(anonymous_212)
FNDA:0,(anonymous_213)
FNDA:0,(anonymous_214)
FNDA:0,(anonymous_215)
FNDA:0,(anonymous_216)
FNDA:0,(anonymous_217)
FNDA:0,(anonymous_218)
FNDA:0,(anonymous_219)
FNDA:0,(anonymous_220)
FNDA:0,_
FNDA:1,(anonymous_222)
FNDA:0,(anonymous_223)
FNDA:0,(anonymous_224)
FNDA:0,(anonymous_225)
FNDA:12,(anonymous_226)
FNDA:1,(anonymous_227)
FNDA:0,(anonymous_228)
FNDA:0,(anonymous_229)
FNDA:1,(anonymous_230)
FNDA:13,(anonymous_231)
FNDA:1,(anonymous_232)
FNDA:0,(anonymous_233)
FNDA:0,(anonymous_234)
FNDA:0,(anonymous_235)
FNDA:1,(anonymous_236)
FNDA:0,(anonymous_237)
FNDA:0,(anonymous_238)
FNDA:0,(anonymous_239)
FNDA:0,(anonymous_240)
FNDA:0,(anonymous_241)
FNDA:0,(anonymous_242)
FNDA:0,(anonymous_243)
FNDA:0,(anonymous_244)
FNDA:1,(anonymous_245)
FNDA:2,r
FNDA:0,(anonymous_247)
FNDA:0,(anonymous_248)
FNDA:0,(anonymous_249)
FNDA:0,(anonymous_250)
FNDA:0,(anonymous_251)
FNDA:1,(anonymous_252)
FNDA:0,(anonymous_253)
FNDA:0,(anonymous_254)
FNDA:0,(anonymous_255)
FNDA:0,(anonymous_256)
FNDA:0,(anonymous_257)
FNDA:0,(anonymous_258)
FNDA:0,(anonymous_259)
FNDA:0,(anonymous_260)
FNDA:0,(anonymous_261)
FNDA:0,(anonymous_262)
FNDA:0,(anonymous_263)
FNDA:0,(anonymous_264)
FNDA:0,(anonymous_265)
FNDA:0,(anonymous_266)
FNDA:0,(anonymous_267)
FNDA:0,(anonymous_268)
FNDA:0,(anonymous_269)
FNDA:1,(anonymous_270)
FNDA:0,(anonymous_271)
FNDA:0,(anonymous_272)
FNDA:1,(anonymous_273)
FNDA:0,(anonymous_274)
FNDA:0,(anonymous_275)
FNDA:0,(anonymous_276)
FNDA:0,(anonymous_277)
FNDA:0,(anonymous_278)
FNDA:0,(anonymous_279)
FNDA:0,(anonymous_280)
FNDA:0,(anonymous_281)
FNDA:0,(anonymous_282)
FNDA:0,(anonymous_283)
FNDA:0,(anonymous_284)
FNDA:0,(anonymous_285)
FNDA:0,(anonymous_286)
FNDA:0,(anonymous_287)
FNDA:0,(anonymous_288)
FNDA:1,(anonymous_289)
FNDA:0,(anonymous_290)
FNDA:1,(anonymous_291)
FNDA:0,(anonymous_292)
FNDA:0,(anonymous_293)
FNDA:0,(anonymous_294)
FNDA:0,(anonymous_295)
FNDA:0,(anonymous_296)
FNDA:0,(anonymous_297)
FNDA:0,(anonymous_298)
FNDA:0,(anonymous_299)
FNDA:1,(anonymous_300)
FNDA:0,(anonymous_301)
FNDA:0,(anonymous_302)
FNDA:0,(anonymous_303)
FNDA:0,(anonymous_304)
FNDA:0,(anonymous_305)
FNDA:0,(anonymous_306)
FNDA:0,(anonymous_307)
FNDA:0,(anonymous_308)
FNDA:0,(anonymous_309)
FNDA:1,(anonymous_310)
FNDA:0,(anonymous_311)
FNDA:0,(anonymous_312)
FNDA:0,(anonymous_313)
FNDA:0,(anonymous_314)
FNDA:0,(anonymous_315)
FNDA:0,(anonymous_316)
FNDA:0,(anonymous_317)
FNDA:0,(anonymous_318)
FNDA:0,(anonymous_319)
FNDA:0,(anonymous_320)
FNDA:0,(anonymous_321)
FNDA:0,(anonymous_322)
FNDA:0,(anonymous_323)
FNDA:0,(anonymous_324)
FNDA:0,(anonymous_325)
FNDA:1,(anonymous_326)
FNDA:1,(anonymous_327)
FNDA:1,a
FNDA:0,s
FNDA:0,u
FNDA:0,h
FNDA:0,(anonymous_332)
FNDA:0,(anonymous_333)
FNDA:0,(anonymous_334)
FNDA:0,c
FNDA:0,f
FNDA:0,l
FNDA:0,p
FNDA:0,d
FNDA:0,y
FNDA:0,g
FNDA:0,b
FNDA:0,m
FNDA:0,h
FNDA:0,E
FNDA:0,T
FNDA:0,v
FNDA:0,(anonymous_348)
FNDA:0,w
FNDA:0,O
FNDA:0,A
FNDA:0,(anonymous_352)
FNDA:0,j
FNDA:0,R
FNDA:0,(anonymous_355)
FNDA:0,(anonymous_356)
FNDA:1,(anonymous_357)
FNDA:1,(anonymous_358)
FNDA:0,(anonymous_359)
FNDA:0,(anonymous_360)
FNDA:0,(anonymous_361)
FNDA:0,(anonymous_362)
FNDA:0,(anonymous_363)
FNDA:0,(anonymous_364)
FNDA:0,(anonymous_365)
FNDA:0,(anonymous_366)
FNDA:0,(anonymous_367)
FNDA:0,(anonymous_368)
FNDA:0,(anonymous_369)
FNDA:0,(anonymous_370)
FNDA:0,(anonymous_371)
FNDA:0,(anonymous_372)
FNDA:0,(anonymous_373)
FNDA:0,(anonymous_374)
FNDA:0,(anonymous_375)
FNDA:0,(anonymous_376)
FNDA:0,(anonymous_377)
FNDA:0,(anonymous_378)
FNDA:0,(anonymous_379)
FNDA:0,(anonymous_380)
FNDA:0,_
FNDA:0,B
FNDA:0,P
FNDA:0,C
FNDA:0,x
FNDA:0,I
FNDA:0,M
FNDA:0,k
FNDA:0,U
FNDA:0,D
FNDA:0,N
FNDA:0,(anonymous_392)
FNDA:0,(anonymous_393)
FNDA:0,(anonymous_394)
FNDA:0,(anonymous_395)
FNDA:0,(anonymous_396)
FNDA:0,(anonymous_397)
FNDA:0,(anonymous_398)
FNDA:0,(anonymous_399)
FNDA:0,(anonymous_400)
FNDA:0,(anonymous_401)
FNDA:0,(anonymous_402)
FNDA:0,(anonymous_403)
FNDA:0,(anonymous_404)
FNDA:0,(anonymous_405)
FNDA:0,(anonymous_406)
FNDA:0,(anonymous_407)
FNDA:0,(anonymous_408)
FNDA:0,(anonymous_409)
FNDA:0,(anonymous_410)
FNDA:0,(anonymous_411)
FNDA:0,(anonymous_412)
FNDA:0,(anonymous_413)
FNDA:0,(anonymous_414)
FNDA:0,(anonymous_415)
FNDA:0,(anonymous_416)
FNDA:0,(anonymous_417)
FNDA:0,(anonymous_418)
FNDA:0,(anonymous_419)
FNDA:0,(anonymous_420)
FNDA:0,(anonymous_421)
FNDA:0,(anonymous_422)
FNDA:0,(anonymous_423)
FNDA:0,(anonymous_424)
FNDA:0,(anonymous_425)
FNDA:0,(anonymous_426)
FNDA:0,(anonymous_427)
FNDA:0,(anonymous_428)
FNDA:0,(anonymous_429)
FNDA:0,(anonymous_430)
FNDA:0,Y
FNDA:0,L
FNDA:0,q
FNDA:0,(anonymous_434)
FNDA:0,(anonymous_435)
FNDA:0,J
FNDA:1,(anonymous_437)
FNDA:0,(anonymous_438)
FNDA:0,(anonymous_439)
FNDA:0,(anonymous_440)
FNDA:0,h
FNDA:0,c
FNDA:1,(anonymous_443)
FNDA:0,(anonymous_444)
FNDA:0,(anonymous_445)
FNDA:1,(anonymous_446)
FNDA:0,(anonymous_447)
FNDA:1,(anonymous_448)
DA:1,55
DA:8,64
LF:2
LH:2
BRDA:1,1,0,6
BRDA:1,1,1,13
BRDA:1,2,0,8
BRDA:1,2,1,8
BRDA:1,3,0,2
BRDA:1,3,1,2
BRDA:1,3,2,2
BRDA:1,4,0,0
BRDA:1,4,1,0
BRDA:1,5,0,0
BRDA:1,5,1,0
BRDA:1,6,0,0
BRDA:1,6,1,0
BRDA:1,7,0,0
BRDA:1,7,1,0
BRDA:1,7,2,0
BRDA:1,7,3,0
BRDA:1,8,0,0
BRDA:1,8,1,0
BRDA:1,9,0,0
BRDA:1,9,1,0
BRDA:1,10,0,0
BRDA:1,10,1,3
BRDA:1,11,0,3
BRDA:1,11,1,3
BRDA:1,12,0,0
BRDA:1,12,1,55
BRDA:1,13,0,55
BRDA:1,13,1,10
BRDA:1,14,0,55
BRDA:1,14,1,44
BRDA:1,15,0,55
BRDA:1,15,1,19
BRDA:1,16,0,0
BRDA:1,16,1,0
BRDA:1,17,0,0
BRDA:1,17,1,0
BRDA:1,18,0,0
BRDA:1,18,1,0
BRDA:1,19,0,0
BRDA:1,19,1,0
BRDA:1,20,0,0
BRDA:1,20,1,0
BRDA:1,21,0,0
BRDA:1,21,1,0
BRDA:1,22,0,0
BRDA:1,22,1,0
BRDA:1,23,0,0
BRDA:1,23,1,0
BRDA:1,24,0,0
BRDA:1,24,1,0
BRDA:1,25,0,0
BRDA:1,25,1,0
BRDA:1,25,2,0
BRDA:1,26,0,0
BRDA:1,26,1,0
BRDA:1,27,0,0
BRDA:1,27,1,0
BRDA:1,28,0,0
BRDA:1,28,1,0
BRDA:1,29,0,0
BRDA:1,29,1,0
BRDA:1,30,0,0
BRDA:1,30,1,0
BRDA:1,31,0,0
BRDA:1,31,1,0
BRDA:1,31,2,0
BRDA:1,31,3,0
BRDA:1,32,0,0
BRDA:1,32,1,1
BRDA:1,33,0,1
BRDA:1,33,1,1
BRDA:1,33,2,0
BRDA:1,34,0,0
BRDA:1,34,1,0
BRDA:1,35,0,0
BRDA:1,35,1,0
BRDA:1,36,0,0
BRDA:1,36,1,0
BRDA:1,37,0,1
BRDA:1,37,1,1
BRDA:1,37,2,1
BRDA:1,38,0,0
BRDA:1,38,1,0
BRDA:1,39,0,0
BRDA:1,39,1,0
BRDA:1,40,0,0
BRDA:1,40,1,0
BRDA:1,41,0,0
BRDA:1,41,1,0
BRDA:1,42,0,0
BRDA:1,42,1,0
BRDA:1,42,2,0
BRDA:1,43,0,0
BRDA:1,43,1,0
BRDA:1,44,0,0
BRDA:1,44,1,0
BRDA:1,45,0,0
BRDA:1,45,1,0
BRDA:1,46,0,0
BRDA:1,46,1,0
BRDA:1,47,0,0
BRDA:1,47,1,0
BRDA:1,48,0,0
BRDA:1,48,1,0
BRDA:1,49,0,0
BRDA:1,49,1,0
BRDA:1,50,0,0
BRDA:1,50,1,0
BRDA:1,51,0,0
BRDA:1,51,1,0
BRDA:1,52,0,0
BRDA:1,52,1,0
BRDA:1,53,0,0
BRDA:1,53,1,0
BRDA:1,54,0,0
BRDA:1,54,1,0
BRDA:1,55,0,0
BRDA:1,55,1,0
BRDA:1,56,0,0
BRDA:1,56,1,0
BRDA:1,57,0,0
BRDA:1,57,1,0
BRDA:1,58,0,0
BRDA:1,58,1,0
BRDA:1,59,0,0
BRDA:1,59,1,0
BRDA:1,60,0,0
BRDA:1,60,1,0
BRDA:1,61,0,0
BRDA:1,61,1,0
BRDA:1,61,2,0
BRDA:1,62,0,0
BRDA:1,62,1,0
BRDA:1,63,0,0
BRDA:1,63,1,0
BRDA:1,63,2,0
BRDA:1,64,0,0
BRDA:1,64,1,0
BRDA:1,65,0,0
BRDA:1,65,1,0
BRDA:1,66,0,0
BRDA:1,66,1,0
BRDA:1,66,2,0
BRDA:1,66,3,0
BRDA:1,67,0,0
BRDA:1,67,1,0
BRDA:1,68,0,0
BRDA:1,68,1,0
BRDA:1,69,0,0
BRDA:1,69,1,0
BRDA:1,70,0,0
BRDA:1,70,1,0
BRDA:1,71,0,0
BRDA:1,71,1,0
BRDA:1,72,0,0
BRDA:1,72,1,0
BRDA:1,73,0,0
BRDA:1,73,1,0
BRDA:1,74,0,0
BRDA:1,74,1,0
BRDA:1,75,0,0
BRDA:1,75,1,0
BRDA:1,75,2,0
BRDA:1,75,3,0
BRDA:1,75,4,0
BRDA:1,75,5,0
BRDA:1,75,6,0
BRDA:1,76,0,2
BRDA:1,76,1,0
BRDA:1,77,0,2
BRDA:1,77,1,2
BRDA:1,78,0,0
BRDA:1,78,1,0
BRDA:1,78,2,0
BRDA:1,78,3,0
BRDA:1,78,4,0
BRDA:1,78,5,0
BRDA:1,78,6,0
BRDA:1,79,0,0
BRDA:1,79,1,0
BRDA:1,80,0,0
BRDA:1,80,1,1
BRDA:1,81,0,1
BRDA:1,81,1,1
BRDA:1,81,2,0
BRDA:1,82,0,0
BRDA:1,82,1,0
BRDA:1,83,0,0
BRDA:1,83,1,0
BRDA:1,84,0,0
BRDA:1,84,1,0
BRDA:1,85,0,0
BRDA:1,85,1,0
BRDA:1,86,0,0
BRDA:1,86,1,0
BRDA:1,87,0,0
BRDA:1,87,1,0
BRDA:1,88,0,0
BRDA:1,88,1,0
BRDA:1,89,0,0
BRDA:1,89,1,0
BRDA:1,90,0,0
BRDA:1,90,1,0
BRDA:1,91,0,0
BRDA:1,91,1,0
BRDA:1,92,0,0
BRDA:1,92,1,0
BRDA:1,93,0,0
BRDA:1,93,1,0
BRDA:1,94,0,0
BRDA:1,94,1,0
BRDA:1,95,0,0
BRDA:1,95,1,0
BRDA:1,96,0,0
BRDA:1,96,1,0
BRDA:1,97,0,0
BRDA:1,97,1,0
BRDA:1,98,0,0
BRDA:1,98,1,0
BRDA:1,99,0,0
BRDA:1,99,1,0
BRDA:1,100,0,0
BRDA:1,100,1,0
BRDA:1,101,0,0
BRDA:1,101,1,0
BRDA:1,102,0,0
BRDA:1,102,1,0
BRDA:1,103,0,0
BRDA:1,103,1,0
BRDA:1,104,0,0
BRDA:1,104,1,0
BRDA:1,105,0,0
BRDA:1,105,1,0
BRDA:1,106,0,0
BRDA:1,106,1,0
BRDA:1,107,0,0
BRDA:1,107,1,0
BRDA:1,108,0,0
BRDA:1,108,1,0
BRDA:1,109,0,0
BRDA:1,109,1,0
BRDA:1,110,0,0
BRDA:1,110,1,0
BRDA:1,111,0,0
BRDA:1,111,1,0
BRDA:1,111,2,0
BRDA:1,112,0,0
BRDA:1,112,1,0
BRDA:1,113,0,0
BRDA:1,113,1,0
BRDA:1,114,0,0
BRDA:1,114,1,0
BRDA:1,115,0,0
BRDA:1,115,1,0
BRDA:1,116,0,0
BRDA:1,116,1,0
BRDA:1,117,0,0
BRDA:1,117,1,0
BRDA:1,118,0,0
BRDA:1,118,1,0
BRDA:1,119,0,0
BRDA:1,119,1,0
BRDA:1,120,0,0
BRDA:1,120,1,0
BRDA:1,121,0,0
BRDA:1,121,1,0
BRDA:1,122,0,0
BRDA:1,122,1,0
BRDA:1,123,0,0
BRDA:1,123,1,0
BRDA:1,124,0,0
BRDA:1,124,1,0
BRDA:1,125,0,0
BRDA:1,125,1,0
BRDA:1,126,0,0
BRDA:1,126,1,0
BRDA:1,127,0,0
BRDA:1,127,1,0
BRDA:1,128,0,0
BRDA:1,128,1,0
BRDA:1,129,0,0
BRDA:1,129,1,0
BRDA:1,130,0,0
BRDA:1,130,1,0
BRDA:1,131,0,0
BRDA:1,131,1,0
BRDA:1,132,0,0
BRDA:1,132,1,0
BRDA:1,133,0,0
BRDA:1,133,1,0
BRDA:1,134,0,0
BRDA:1,134,1,0
BRDA:1,135,0,0
BRDA:1,135,1,0
BRDA:1,135,2,0
BRDA:1,136,0,0
BRDA:1,136,1,0
BRDA:1,137,0,0
BRDA:1,137,1,0
BRDA:1,138,0,0
BRDA:1,138,1,0
BRDA:1,139,0,0
BRDA:1,139,1,0
BRDA:1,140,0,0
BRDA:1,140,1,0
BRDA:1,141,0,0
BRDA:1,141,1,0
BRDA:1,142,0,0
BRDA:1,142,1,0
BRDA:1,143,0,0
BRDA:1,143,1,0
BRDA:1,144,0,0
BRDA:1,144,1,0
BRDA:1,145,0,0
BRDA:1,145,1,0
BRDA:1,146,0,1
BRDA:1,146,1,0
BRDA:1,147,0,0
BRDA:1,147,1,0
BRDA:1,148,0,0
BRDA:1,148,1,0
BRDA:1,149,0,0
BRDA:1,149,1,0
BRDA:1,150,0,0
BRDA:1,150,1,0
BRDA:1,151,0,0
BRDA:1,151,1,0
BRDA:1,152,0,0
BRDA:1,152,1,0
BRDA:1,153,0,0
BRDA:1,153,1,0
BRDA:1,154,0,0
BRDA:1,154,1,0
BRDA:1,155,0,0
BRDA:1,155,1,0
BRDA:1,156,0,0
BRDA:1,156,1,0
BRDA:1,157,0,0
BRDA:1,157,1,0
BRDA:1,158,0,0
BRDA:1,158,1,0
BRDA:1,159,0,0
BRDA:1,159,1,0
BRDA:1,160,0,0
BRDA:1,160,1,0
BRDA:1,161,0,0
BRDA:1,161,1,0
BRDA:1,162,0,0
BRDA:1,162,1,0
BRDA:1,163,0,0
BRDA:1,163,1,0
BRDA:1,164,0,0
BRDA:1,164,1,0
BRDA:1,165,0,0
BRDA:1,165,1,0
BRDA:1,166,0,0
BRDA:1,166,1,0
BRDA:1,167,0,0
BRDA:1,167,1,0
BRDA:1,168,0,0
BRDA:1,168,1,0
BRDA:1,168,2,0
BRDA:1,169,0,0
BRDA:1,169,1,0
BRDA:1,170,0,0
BRDA:1,170,1,0
BRDA:1,171,0,0
BRDA:1,171,1,0
BRDA:1,172,0,0
BRDA:1,172,1,0
BRDA:1,173,0,0
BRDA:1,173,1,0
BRDA:1,174,0,0
BRDA:1,174,1,0
BRDA:1,175,0,0
BRDA:1,175,1,0
BRDA:1,176,0,0
BRDA:1,176,1,0
BRDA:1,177,0,0
BRDA:1,177,1,0
BRDA:1,178,0,16
BRDA:1,178,1,13
BRDA:1,179,0,0
BRDA:1,179,1,21
BRDA:1,180,0,21
BRDA:1,180,1,20
BRDA:1,181,0,0
BRDA:1,181,1,0
BRDA:1,182,0,0
BRDA:1,182,1,0
BRDA:1,183,0,0
BRDA:1,183,1,0
BRDA:1,184,0,0
BRDA:1,184,1,0
BRDA:1,185,0,0
BRDA:1,185,1,0
BRDA:1,186,0,0
BRDA:1,186,1,0
BRDA:1,187,0,0
BRDA:1,187,1,0
BRDA:1,188,0,0
BRDA:1,188,1,0
BRDA:1,189,0,0
BRDA:1,189,1,0
BRDA:1,190,0,0
BRDA:1,190,1,0
BRDA:1,191,0,0
BRDA:1,191,1,0
BRDA:1,192,0,0
BRDA:1,192,1,0
BRDA:1,192,2,0
BRDA:1,193,0,0
BRDA:1,193,1,0
BRDA:1,193,2,0
BRDA:1,194,0,0
BRDA:1,194,1,0
BRDA:1,194,2,0
BRDA:1,194,3,0
BRDA:1,194,4,0
BRDA:1,194,5,0
BRDA:1,195,0,0
BRDA:1,195,1,0
BRDA:1,196,0,0
BRDA:1,196,1,0
BRDA:1,197,0,0
BRDA:1,197,1,0
BRDA:1,198,0,0
BRDA:1,198,1,0
BRDA:1,199,0,0
BRDA:1,199,1,0
BRDA:1,200,0,0
BRDA:1,200,1,0
BRDA:1,201,0,0
BRDA:1,201,1,0
BRDA:1,202,0,1
BRDA:1,202,1,0
BRDA:1,203,0,1
BRDA:1,203,1,0
BRDA:1,204,0,0
BRDA:1,204,1,0
BRDA:1,205,0,0
BRDA:1,205,1,0
BRDA:1,205,2,0
BRDA:1,206,0,0
BRDA:1,206,1,0
BRDA:1,207,0,0
BRDA:1,207,1,0
BRDA:1,208,0,0
BRDA:1,208,1,0
BRDA:1,209,0,0
BRDA:1,209,1,0
BRDA:1,210,0,0
BRDA:1,210,1,0
BRDA:1,211,0,0
BRDA:1,211,1,0
BRDA:1,212,0,0
BRDA:1,212,1,0
BRDA:1,213,0,0
BRDA:1,213,1,0
BRDA:1,214,0,0
BRDA:1,214,1,0
BRDA:1,215,0,0
BRDA:1,215,1,0
BRDA:1,216,0,0
BRDA:1,216,1,0
BRDA:1,217,0,0
BRDA:1,217,1,0
BRDA:1,218,0,0
BRDA:1,218,1,0
BRDA:1,219,0,0
BRDA:1,219,1,0
BRDA:1,220,0,0
BRDA:1,220,1,0
BRDA:1,221,0,0
BRDA:1,221,1,0
BRDA:1,222,0,0
BRDA:1,222,1,0
BRDA:1,223,0,0
BRDA:1,223,1,0
BRDA:1,224,0,0
BRDA:1,224,1,0
BRDA:1,225,0,0
BRDA:1,225,1,0
BRDA:1,226,0,0
BRDA:1,226,1,0
BRDA:1,227,0,0
BRDA:1,227,1,0
BRDA:1,228,0,0
BRDA:1,228,1,0
BRDA:1,229,0,0
BRDA:1,229,1,0
BRDA:1,230,0,0
BRDA:1,230,1,0
BRDA:1,230,2,0
BRDA:1,231,0,0
BRDA:1,231,1,0
BRDA:1,232,0,0
BRDA:1,232,1,0
BRDA:1,233,0,0
BRDA:1,233,1,0
BRDA:1,233,2,0
BRDA:1,233,3,0
BRDA:1,233,4,0
BRDA:1,234,0,0
BRDA:1,234,1,0
BRDA:1,235,0,0
BRDA:1,235,1,0
BRDA:1,236,0,0
BRDA:1,236,1,0
BRDA:1,236,2,0
BRDA:1,237,0,0
BRDA:1,237,1,0
BRDA:1,238,0,0
BRDA:1,238,1,0
BRDA:1,239,0,0
BRDA:1,239,1,0
BRDA:1,240,0,0
BRDA:1,240,1,0
BRDA:1,241,0,0
BRDA:1,241,1,0
BRDA:1,242,0,0
BRDA:1,242,1,0
BRDA:1,243,0,0
BRDA:1,243,1,0
BRDA:1,244,0,0
BRDA:1,244,1,0
BRDA:1,245,0,0
BRDA:1,245,1,0
BRDA:1,246,0,0
BRDA:1,246,1,0
BRDA:1,247,0,0
BRDA:1,247,1,0
BRDA:1,248,0,0
BRDA:1,248,1,0
BRDA:1,249,0,0
BRDA:1,249,1,0
BRDA:1,250,0,0
BRDA:1,250,1,0
BRDA:1,251,0,0
BRDA:1,251,1,0
BRDA:1,252,0,0
BRDA:1,252,1,0
BRDA:1,253,0,0
BRDA:1,253,1,0
BRDA:1,254,0,0
BRDA:1,254,1,0
BRDA:1,255,0,0
BRDA:1,255,1,0
BRDA:1,256,0,0
BRDA:1,256,1,0
BRDA:1,257,0,0
BRDA:1,257,1,0
BRDA:1,258,0,0
BRDA:1,258,1,0
BRDA:1,259,0,0
BRDA:1,259,1,0
BRDA:1,260,0,0
BRDA:1,260,1,0
BRDA:1,261,0,0
BRDA:1,261,1,0
BRDA:1,262,0,0
BRDA:1,262,1,0
BRDA:1,263,0,0
BRDA:1,263,1,0
BRDA:1,264,0,0
BRDA:1,264,1,0
BRDA:1,265,0,0
BRDA:1,265,1,0
BRDA:1,266,0,0
BRDA:1,266,1,0
BRDA:1,267,0,0
BRDA:1,267,1,0
BRDA:1,268,0,0
BRDA:1,268,1,0
BRDA:1,268,2,0
BRDA:1,268,3,0
BRDA:1,269,0,0
BRDA:1,269,1,0
BRDA:1,270,0,0
BRDA:1,270,1,0
BRDA:1,271,0,0
BRDA:1,271,1,0
BRDA:1,272,0,0
BRDA:1,272,1,0
BRDA:1,273,0,0
BRDA:1,273,1,0
BRDA:1,274,0,0
BRDA:1,274,1,0
BRDA:1,275,0,0
BRDA:1,275,1,0
BRDA:1,276,0,0
BRDA:1,276,1,0
BRDA:1,277,0,0
BRDA:1,277,1,0
BRDA:1,278,0,0
BRDA:1,278,1,0
BRDA:1,279,0,0
BRDA:1,279,1,0
BRDA:1,280,0,0
BRDA:1,280,1,0
BRDA:1,281,0,0
BRDA:1,281,1,0
BRDA:1,282,0,0
BRDA:1,282,1,0
BRDA:1,283,0,0
BRDA:1,283,1,0
BRDA:1,284,0,0
BRDA:1,284,1,0
BRDA:1,284,2,0
BRDA:1,284,3,0
BRDA:1,285,0,0
BRDA:1,285,1,0
BRDA:1,286,0,0
BRDA:1,286,1,0
BRDA:1,287,0,0
BRDA:1,287,1,0
BRDA:1,288,0,0
BRDA:1,288,1,0
BRDA:1,289,0,0
BRDA:1,289,1,0
BRDA:1,290,0,0
BRDA:1,290,1,0
BRDA:1,291,0,0
BRDA:1,291,1,0
BRDA:1,292,0,0
BRDA:1,292,1,0
BRDA:1,293,0,0
BRDA:1,293,1,0
BRDA:1,293,2,0
BRDA:1,293,3,0
BRDA:1,294,0,0
BRDA:1,294,1,0
BRDA:1,295,0,0
BRDA:1,295,1,0
BRDA:1,296,0,0
BRDA:1,296,1,0
BRDA:1,297,0,0
BRDA:1,297,1,0
BRDA:1,298,0,0
BRDA:1,298,1,0
BRDA:1,299,0,0
BRDA:1,299,1,0
BRDA:1,300,0,0
BRDA:1,300,1,0
BRDA:1,301,0,0
BRDA:1,301,1,0
BRDA:1,302,0,0
BRDA:1,302,1,0
BRDA:1,303,0,0
BRDA:1,303,1,0
BRDA:1,304,0,0
BRDA:1,304,1,0
BRDA:1,305,0,0
BRDA:1,305,1,0
BRDA:1,306,0,0
BRDA:1,306,1,0
BRDA:1,307,0,0
BRDA:1,307,1,0
BRDA:1,308,0,0
BRDA:1,308,1,0
BRDA:1,309,0,0
BRDA:1,309,1,0
BRDA:1,310,0,0
BRDA:1,310,1,0
BRDA:1,311,0,0
BRDA:1,311,1,0
BRDA:1,312,0,0
BRDA:1,312,1,0
BRDA:1,313,0,0
BRDA:1,313,1,0
BRDA:1,314,0,0
BRDA:1,314,1,0
BRDA:1,315,0,0
BRDA:1,315,1,0
BRDA:1,316,0,0
BRDA:1,316,1,0
BRDA:1,317,0,1
BRDA:1,317,1,1
BRDA:1,317,2,1
BRDA:1,317,3,1
BRDA:1,318,0,1
BRDA:1,318,1,1
BRDA:1,318,2,1
BRDA:1,318,3,1
BRDA:1,319,0,1
BRDA:1,319,1,0
BRDA:1,319,2,0
BRDA:8,320,0,1
BRDA:8,320,1,0
BRDA:8,321,0,0
BRDA:8,321,1,0
BRDA:8,322,0,0
BRDA:8,322,1,0
BRDA:8,323,0,0
BRDA:8,323,1,0
BRDA:8,324,0,0
BRDA:8,324,1,0
BRDA:8,325,0,0
BRDA:8,325,1,0
BRDA:8,326,0,0
BRDA:8,326,1,0
BRDA:8,327,0,0
BRDA:8,327,1,0
BRDA:8,328,0,0
BRDA:8,328,1,0
BRDA:8,329,0,0
BRDA:8,329,1,0
BRDA:8,330,0,0
BRDA:8,330,1,0
BRDA:8,331,0,0
BRDA:8,331,1,0
BRDA:8,332,0,0
BRDA:8,332,1,0
BRDA:8,333,0,0
BRDA:8,333,1,0
BRDA:8,334,0,0
BRDA:8,334,1,0
BRDA:8,335,0,0
BRDA:8,335,1,0
BRDA:8,336,0,0
BRDA:8,336,1,0
BRDA:8,337,0,0
BRDA:8,337,1,0
BRDA:8,338,0,0
BRDA:8,338,1,0
BRDA:8,339,0,0
BRDA:8,339,1,0
BRDA:8,340,0,0
BRDA:8,340,1,0
BRDA:8,340,2,0
BRDA:8,341,0,0
BRDA:8,341,1,0
BRDA:8,342,0,0
BRDA:8,342,1,0
BRDA:8,343,0,0
BRDA:8,343,1,0
BRDA:8,344,0,0
BRDA:8,344,1,0
BRDA:8,345,0,0
BRDA:8,345,1,0
BRDA:8,346,0,0
BRDA:8,346,1,0
BRDA:8,347,0,0
BRDA:8,347,1,0
BRDA:8,347,2,0
BRDA:8,348,0,0
BRDA:8,348,1,0
BRDA:8,349,0,0
BRDA:8,349,1,0
BRDA:8,350,0,0
BRDA:8,350,1,0
BRDA:8,351,0,0
BRDA:8,351,1,0
BRDA:8,352,0,0
BRDA:8,352,1,0
BRDA:8,353,0,0
BRDA:8,353,1,0
BRDA:8,354,0,0
BRDA:8,354,1,0
BRDA:8,355,0,0
BRDA:8,355,1,0
BRDA:8,356,0,0
BRDA:8,356,1,0
BRDA:8,357,0,0
BRDA:8,357,1,0
BRDA:8,358,0,0
BRDA:8,358,1,0
BRDA:8,359,0,0
BRDA:8,359,1,0
BRDA:8,360,0,0
BRDA:8,360,1,0
BRDA:8,360,2,0
BRDA:8,360,3,0
BRDA:8,361,0,0
BRDA:8,361,1,0
BRDA:8,362,0,0
BRDA:8,362,1,0
BRDA:8,363,0,0
BRDA:8,363,1,0
BRDA:8,363,2,0
BRDA:8,363,3,0
BRDA:8,363,4,0
BRDA:8,363,5,0
BRDA:8,363,6,0
BRDA:8,363,7,0
BRDA:8,363,8,0
BRDA:8,363,9,0
BRDA:8,363,10,0
BRDA:8,363,11,0
BRDA:8,363,12,0
BRDA:8,364,0,0
BRDA:8,364,1,0
BRDA:8,365,0,0
BRDA:8,365,1,0
BRDA:8,366,0,0
BRDA:8,366,1,0
BRDA:8,366,2,0
BRDA:8,367,0,0
BRDA:8,367,1,0
BRDA:8,368,0,0
BRDA:8,368,1,0
BRDA:8,368,2,0
BRDA:8,369,0,0
BRDA:8,369,1,0
BRDA:8,370,0,0
BRDA:8,370,1,0
BRDA:8,370,2,0
BRDA:8,370,3,0
BRDA:8,370,4,0
BRDA:8,370,5,0
BRDA:8,370,6,0
BRDA:8,370,7,0
BRDA:8,370,8,0
BRDA:8,370,9,0
BRDA:8,370,10,0
BRDA:8,370,11,0
BRDA:8,371,0,0
BRDA:8,371,1,0
BRDA:8,372,0,0
BRDA:8,372,1,0
BRDA:8,373,0,0
BRDA:8,373,1,0
BRDA:8,374,0,0
BRDA:8,374,1,0
BRDA:8,375,0,0
BRDA:8,375,1,0
BRDA:8,376,0,0
BRDA:8,376,1,0
BRDA:8,377,0,0
BRDA:8,377,1,0
BRDA:8,378,0,0
BRDA:8,378,1,0
BRDA:8,379,0,0
BRDA:8,379,1,0
BRDA:8,380,0,0
BRDA:8,380,1,0
BRDA:8,381,0,0
BRDA:8,381,1,0
BRDA:8,382,0,0
BRDA:8,382,1,0
BRDA:8,383,0,0
BRDA:8,383,1,0
BRDA:8,384,0,0
BRDA:8,384,1,0
BRDA:8,385,0,0
BRDA:8,385,1,0
BRDA:8,386,0,0
BRDA:8,386,1,0
BRDA:8,387,0,0
BRDA:8,387,1,0
BRDA:8,388,0,0
BRDA:8,388,1,0
BRDA:8,389,0,0
BRDA:8,389,1,0
BRDA:8,390,0,0
BRDA:8,390,1,0
BRDA:8,391,0,0
BRDA:8,391,1,0
BRDA:8,391,2,0
BRDA:8,391,3,0
BRDA:8,391,4,0
BRDA:8,392,0,0
BRDA:8,392,1,0
BRDA:8,393,0,0
BRDA:8,393,1,0
BRDA:8,394,0,0
BRDA:8,394,1,0
BRDA:8,395,0,0
BRDA:8,395,1,0
BRDA:8,396,0,0
BRDA:8,396,1,0
BRDA:8,397,0,0
BRDA:8,397,1,0
BRDA:8,398,0,0
BRDA:8,398,1,0
BRDA:8,399,0,0
BRDA:8,399,1,0
BRDA:8,400,0,0
BRDA:8,400,1,0
BRDA:8,401,0,0
BRDA:8,401,1,0
BRDA:8,402,0,0
BRDA:8,402,1,0
BRDA:8,403,0,0
BRDA:8,403,1,0
BRDA:8,404,0,0
BRDA:8,404,1,0
BRDA:8,405,0,0
BRDA:8,405,1,0
BRDA:8,406,0,0
BRDA:8,406,1,0
BRDA:8,407,0,0
BRDA:8,407,1,0
BRDA:8,408,0,0
BRDA:8,408,1,0
BRDA:8,409,0,0
BRDA:8,409,1,0
BRDA:8,410,0,0
BRDA:8,410,1,0
BRDA:8,411,0,0
BRDA:8,411,1,0
BRDA:8,412,0,0
BRDA:8,412,1,0
BRDA:8,413,0,0
BRDA:8,413,1,0
BRDA:8,414,0,0
BRDA:8,414,1,0
BRDA:8,415,0,0
BRDA:8,415,1,0
BRDA:8,416,0,0
BRDA:8,416,1,0
BRDA:8,416,2,0
BRDA:8,416,3,0
BRDA:8,417,0,0
BRDA:8,417,1,0
BRDA:8,418,0,0
BRDA:8,418,1,0
BRDA:8,418,2,0
BRDA:8,419,0,0
BRDA:8,419,1,0
BRDA:8,419,2,0
BRDA:8,419,3,0
BRDA:8,419,4,0
BRDA:8,419,5,0
BRDA:8,420,0,0
BRDA:8,420,1,0
BRDA:8,420,2,0
BRDA:8,420,3,0
BRDA:8,420,4,0
BRDA:8,420,5,0
BRDA:8,421,0,0
BRDA:8,421,1,0
BRDA:8,422,0,0
BRDA:8,422,1,0
BRDA:8,423,0,0
BRDA:8,423,1,0
BRDA:8,424,0,0
BRDA:8,424,1,0
BRDA:8,425,0,0
BRDA:8,425,1,1
BRDA:8,426,0,1
BRDA:8,426,1,1
BRDA:8,426,2,1
BRDA:8,427,0,1
BRDA:8,427,1,1
BRDA:8,428,0,1
BRDA:8,428,1,1
BRDA:8,428,2,1
BRDA:8,428,3,1
BRDA:8,429,0,0
BRDA:8,429,1,0
BRDA:8,430,0,0
BRDA:8,430,1,0
BRDA:8,431,0,0
BRDA:8,431,1,0
BRDA:8,432,0,0
BRDA:8,432,1,0
BRDA:8,433,0,0
BRDA:8,433,1,0
BRDA:8,434,0,0
BRDA:8,434,1,0
BRDA:8,435,0,0
BRDA:8,435,1,0
BRDA:8,436,0,0
BRDA:8,436,1,0
BRDA:8,437,0,0
BRDA:8,437,1,0
BRDA:8,438,0,0
BRDA:8,438,1,0
BRDA:8,439,0,0
BRDA:8,439,1,0
BRDA:8,439,2,0
BRDA:8,439,3,0
BRDA:8,439,4,0
BRDA:8,439,5,0
BRDA:8,439,6,0
BRDA:8,439,7,0
BRDA:8,439,8,0
BRDA:8,439,9,0
BRDA:8,439,10,0
BRDA:8,439,11,0
BRDA:8,440,0,0
BRDA:8,440,1,0
BRDA:8,441,0,0
BRDA:8,441,1,0
BRDA:8,442,0,0
BRDA:8,442,1,0
BRDA:8,443,0,0
BRDA:8,443,1,0
BRDA:8,444,0,0
BRDA:8,444,1,0
BRDA:8,445,0,0
BRDA:8,445,1,0
BRDA:8,446,0,0
BRDA:8,446,1,0
BRDA:8,447,0,0
BRDA:8,447,1,0
BRDA:8,448,0,0
BRDA:8,448,1,0
BRDA:8,449,0,0
BRDA:8,449,1,0
BRDA:8,450,0,0
BRDA:8,450,1,0
BRDA:8,451,0,0
BRDA:8,451,1,0
BRDA:8,452,0,0
BRDA:8,452,1,0
BRDA:8,453,0,0
BRDA:8,453,1,0
BRDA:8,454,0,0
BRDA:8,454,1,0
BRDA:8,455,0,0
BRDA:8,455,1,0
BRDA:8,456,0,0
BRDA:8,456,1,0
BRDA:8,457,0,0
BRDA:8,457,1,0
BRDA:8,458,0,0
BRDA:8,458,1,0
BRDA:8,459,0,0
BRDA:8,459,1,0
BRDA:8,460,0,0
BRDA:8,460,1,0
BRDA:8,460,2,0
BRDA:8,460,3,0
BRDA:8,461,0,0
BRDA:8,461,1,0
BRDA:8,462,0,0
BRDA:8,462,1,0
BRDA:8,463,0,0
BRDA:8,463,1,0
BRDA:8,464,0,0
BRDA:8,464,1,0
BRDA:8,465,0,0
BRDA:8,465,1,0
BRDA:8,466,0,0
BRDA:8,466,1,0
BRDA:8,467,0,0
BRDA:8,467,1,0
BRDA:8,468,0,0
BRDA:8,468,1,0
BRDA:8,469,0,0
BRDA:8,469,1,0
BRDA:8,470,0,0
BRDA:8,470,1,0
BRDA:8,471,0,0
BRDA:8,471,1,0
BRDA:8,472,0,0
BRDA:8,472,1,0
BRDA:8,473,0,0
BRDA:8,473,1,0
BRDA:8,474,0,0
BRDA:8,474,1,0
BRDA:8,475,0,0
BRDA:8,475,1,0
BRDA:8,476,0,0
BRDA:8,476,1,0
BRDA:8,476,2,0
BRDA:8,477,0,0
BRDA:8,477,1,0
BRDA:8,477,2,0
BRDA:8,477,3,0
BRDA:8,478,0,0
BRDA:8,478,1,0
BRDA:8,479,0,0
BRDA:8,479,1,0
BRDA:8,479,2,0
BRDA:8,479,3,0
BRDA:8,479,4,0
BRDA:8,479,5,0
BRDA:8,479,6,0
BRDA:8,479,7,0
BRDA:8,479,8,0
BRDA:8,479,9,0
BRDA:8,479,10,0
BRDA:8,479,11,0
BRDA:8,480,0,0
BRDA:8,480,1,0
BRDA:8,481,0,0
BRDA:8,481,1,0
BRDA:8,482,0,0
BRDA:8,482,1,0
BRDA:8,482,2,0
BRDA:8,483,0,0
BRDA:8,483,1,0
BRDA:8,483,2,0
BRDA:8,483,3,0
BRDA:8,484,0,0
BRDA:8,484,1,0
BRDA:8,485,0,0
BRDA:8,485,1,0
BRDA:8,486,0,0
BRDA:8,486,1,0
BRDA:8,487,0,0
BRDA:8,487,1,0
BRDA:8,488,0,0
BRDA:8,488,1,0
BRDA:8,489,0,0
BRDA:8,489,1,0
BRDA:8,490,0,0
BRDA:8,490,1,0
BRDA:8,491,0,0
BRDA:8,491,1,0
BRDA:8,492,0,0
BRDA:8,492,1,0
BRDA:8,493,0,0
BRDA:8,493,1,0
BRDA:8,494,0,0
BRDA:8,494,1,0
BRDA:8,495,0,0
BRDA:8,495,1,0
BRDA:8,496,0,0
BRDA:8,496,1,0
BRDA:8,497,0,0
BRDA:8,497,1,0
BRDA:8,498,0,0
BRDA:8,498,1,0
BRDA:8,499,0,0
BRDA:8,499,1,0
BRDA:8,500,0,0
BRDA:8,500,1,0
BRDA:8,501,0,0
BRDA:8,501,1,0
BRDA:8,502,0,0
BRDA:8,502,1,0
BRDA:8,503,0,0
BRDA:8,503,1,0
BRDA:8,504,0,0
BRDA:8,504,1,0
BRDA:8,505,0,0
BRDA:8,505,1,0
BRDA:8,506,0,0
BRDA:8,506,1,0
BRDA:8,507,0,0
BRDA:8,507,1,0
BRDA:8,508,0,0
BRDA:8,508,1,0
BRDA:8,509,0,0
BRDA:8,509,1,0
BRDA:8,510,0,0
BRDA:8,510,1,0
BRDA:8,511,0,0
BRDA:8,511,1,0
BRDA:8,512,0,0
BRDA:8,512,1,0
BRDA:8,513,0,0
BRDA:8,513,1,0
BRDA:8,514,0,0
BRDA:8,514,1,0
BRDA:8,515,0,0
BRDA:8,515,1,0
BRDA:8,516,0,0
BRDA:8,516,1,0
BRDA:8,517,0,0
BRDA:8,517,1,0
BRDA:8,518,0,0
BRDA:8,518,1,0
BRDA:8,519,0,0
BRDA:8,519,1,0
BRDA:8,520,0,0
BRDA:8,520,1,0
BRDA:8,521,0,0
BRDA:8,521,1,0
BRDA:8,522,0,0
BRDA:8,522,1,0
BRDA:8,523,0,0
BRDA:8,523,1,0
BRDA:8,524,0,0
BRDA:8,524,1,0
BRDA:8,525,0,0
BRDA:8,525,1,0
BRDA:8,526,0,0
BRDA:8,526,1,0
BRDA:8,527,0,0
BRDA:8,527,1,0
BRDA:8,528,0,0
BRDA:8,528,1,0
BRDA:8,529,0,0
BRDA:8,529,1,0
BRDA:8,530,0,0
BRDA:8,530,1,0
BRDA:8,531,0,0
BRDA:8,531,1,0
BRDA:8,532,0,0
BRDA:8,532,1,0
BRDA:8,533,0,0
BRDA:8,533,1,0
BRDA:8,534,0,0
BRDA:8,534,1,0
BRDA:8,535,0,0
BRDA:8,535,1,0
BRDA:8,536,0,0
BRDA:8,536,1,0
BRDA:8,537,0,0
BRDA:8,537,1,0
BRDA:8,538,0,0
BRDA:8,538,1,0
BRDA:8,539,0,0
BRDA:8,539,1,0
BRDA:8,540,0,0
BRDA:8,540,1,0
BRDA:8,541,0,0
BRDA:8,541,1,0
BRDA:8,542,0,0
BRDA:8,542,1,0
BRDA:8,543,0,0
BRDA:8,543,1,0
BRDA:8,544,0,0
BRDA:8,544,1,0
BRDA:8,545,0,0
BRDA:8,545,1,0
BRDA:8,546,0,0
BRDA:8,546,1,0
BRDA:8,547,0,0
BRDA:8,547,1,0
BRDA:8,548,0,0
BRDA:8,548,1,0
BRDA:8,549,0,0
BRDA:8,549,1,0
BRDA:8,550,0,0
BRDA:8,550,1,0
BRDA:8,551,0,0
BRDA:8,551,1,0
BRDA:8,552,0,0
BRDA:8,552,1,0
BRDA:8,552,2,0
BRDA:8,552,3,0
BRDA:8,553,0,0
BRDA:8,553,1,0
BRDA:8,554,0,0
BRDA:8,554,1,0
BRDA:8,555,0,0
BRDA:8,555,1,0
BRDA:8,555,2,0
BRDA:8,555,3,0
BRDA:8,556,0,0
BRDA:8,556,1,0
BRDA:8,557,0,0
BRDA:8,557,1,0
BRDA:8,558,0,0
BRDA:8,558,1,0
BRDA:8,559,0,0
BRDA:8,559,1,0
BRDA:8,560,0,0
BRDA:8,560,1,0
BRDA:8,561,0,0
BRDA:8,561,1,0
BRDA:8,562,0,0
BRDA:8,562,1,0
BRDA:8,563,0,0
BRDA:8,563,1,0
BRDA:8,564,0,0
BRDA:8,564,1,0
BRDA:8,565,0,0
BRDA:8,565,1,0
BRDA:8,566,0,0
BRDA:8,566,1,0
BRDA:8,567,0,0
BRDA:8,567,1,0
BRDA:8,568,0,0
BRDA:8,568,1,0
BRDA:8,569,0,0
BRDA:8,569,1,0
BRDA:8,570,0,0
BRDA:8,570,1,0
BRDA:8,570,2,0
BRDA:8,571,0,0
BRDA:8,571,1,0
BRDA:8,572,0,0
BRDA:8,572,1,0
BRDA:8,573,0,0
BRDA:8,573,1,0
BRDA:8,573,2,0
BRDA:8,574,0,0
BRDA:8,574,1,0
BRDA:8,575,0,0
BRDA:8,575,1,0
BRDA:8,576,0,0
BRDA:8,576,1,0
BRDA:8,577,0,0
BRDA:8,577,1,0
BRDA:8,578,0,0
BRDA:8,578,1,0
BRDA:8,579,0,0
BRDA:8,579,1,0
BRDA:8,580,0,0
BRDA:8,580,1,0
BRDA:8,581,0,0
BRDA:8,581,1,0
BRDA:8,582,0,0
BRDA:8,582,1,0
BRDA:8,583,0,0
BRDA:8,583,1,0
BRDA:8,583,2,0
BRDA:8,584,0,0
BRDA:8,584,1,0
BRDA:8,585,0,0
BRDA:8,585,1,0
BRDA:8,586,0,0
BRDA:8,586,1,0
BRDA:8,587,0,0
BRDA:8,587,1,0
BRDA:8,588,0,0
BRDA:8,588,1,0
BRDA:8,589,0,0
BRDA:8,589,1,0
BRDA:8,590,0,0
BRDA:8,590,1,0
BRDA:8,591,0,0
BRDA:8,591,1,0
BRDA:8,592,0,0
BRDA:8,592,1,0
BRDA:8,593,0,0
BRDA:8,593,1,0
BRDA:8,594,0,0
BRDA:8,594,1,0
BRDA:8,595,0,0
BRDA:8,595,1,0
BRDA:8,596,0,0
BRDA:8,596,1,0
BRDA:8,597,0,0
BRDA:8,597,1,0
BRDA:8,597,2,0
BRDA:8,598,0,0
BRDA:8,598,1,0
BRDA:8,599,0,0
BRDA:8,599,1,0
BRDA:8,600,0,0
BRDA:8,600,1,0
BRDA:8,601,0,0
BRDA:8,601,1,0
BRDA:8,602,0,0
BRDA:8,602,1,0
BRDA:8,603,0,0
BRDA:8,603,1,0
BRDA:8,604,0,0
BRDA:8,604,1,0
BRDA:8,605,0,0
BRDA:8,605,1,0
BRDA:8,606,0,0
BRDA:8,606,1,0
BRDA:8,607,0,0
BRDA:8,607,1,0
BRDA:8,608,0,0
BRDA:8,608,1,0
BRDA:8,609,0,0
BRDA:8,609,1,0
BRDA:8,610,0,0
BRDA:8,610,1,0
BRDA:8,611,0,0
BRDA:8,611,1,0
BRDA:8,612,0,0
BRDA:8,612,1,0
BRDA:8,613,0,0
BRDA:8,613,1,0
BRDA:8,614,0,0
BRDA:8,614,1,0
BRDA:8,614,2,0
BRDA:8,615,0,0
BRDA:8,615,1,0
BRDA:8,616,0,0
BRDA:8,616,1,0
BRDA:8,617,0,0
BRDA:8,617,1,0
BRDA:8,618,0,0
BRDA:8,618,1,0
BRDA:8,619,0,0
BRDA:8,619,1,0
BRDA:8,620,0,0
BRDA:8,620,1,0
BRDA:8,621,0,0
BRDA:8,621,1,0
BRDA:8,622,0,0
BRDA:8,622,1,0
BRDA:8,623,0,0
BRDA:8,623,1,0
BRDA:8,624,0,0
BRDA:8,624,1,0
BRDA:8,625,0,0
BRDA:8,625,1,0
BRDA:8,626,0,0
BRDA:8,626,1,0
BRDA:8,627,0,0
BRDA:8,627,1,0
BRDA:8,628,0,0
BRDA:8,628,1,0
BRDA:8,629,0,0
BRDA:8,629,1,0
BRDA:8,630,0,0
BRDA:8,630,1,0
BRDA:8,631,0,0
BRDA:8,631,1,0
BRDA:8,632,0,0
BRDA:8,632,1,0
BRDA:8,633,0,0
BRDA:8,633,1,0
BRDA:8,634,0,0
BRDA:8,634,1,0
BRDA:8,635,0,0
BRDA:8,635,1,0
BRDA:8,636,0,0
BRDA:8,636,1,0
BRDA:8,637,0,0
BRDA:8,637,1,0
BRDA:8,638,0,0
BRDA:8,638,1,0
BRDA:8,639,0,0
BRDA:8,639,1,0
BRDA:8,640,0,0
BRDA:8,640,1,0
BRDA:8,641,0,0
BRDA:8,641,1,0
BRDA:8,642,0,0
BRDA:8,642,1,0
BRDA:8,643,0,0
BRDA:8,643,1,0
BRDA:8,644,0,0
BRDA:8,644,1,0
BRDA:8,645,0,0
BRDA:8,645,1,0
BRDA:8,646,0,0
BRDA:8,646,1,0
BRDA:8,646,2,0
BRDA:8,647,0,1
BRDA:8,647,1,0
BRF:1426
BRH:58
end_of_record
TN:
SF:D:\code\unit-test-pro\test\two.js
FN:1,(anonymous_1)
FN:1,r
FN:1,(anonymous_3)
FN:1,(anonymous_4)
FN:1,(anonymous_5)
FN:1,(anonymous_6)
FN:1,(anonymous_7)
FN:1,(anonymous_8)
FN:1,(anonymous_9)
FN:1,(anonymous_10)
FN:1,(anonymous_11)
FN:1,(anonymous_12)
FN:1,n
FN:1,(anonymous_14)
FN:1,(anonymous_15)
FN:1,o
FN:1,(anonymous_17)
FN:1,(anonymous_18)
FN:1,(anonymous_19)
FN:1,(anonymous_20)
FN:1,(anonymous_21)
FN:1,(anonymous_22)
FN:1,(anonymous_23)
FN:1,(anonymous_24)
FN:1,s
FN:1,(anonymous_26)
FN:1,(anonymous_27)
FN:1,(anonymous_28)
FN:1,(anonymous_29)
FN:1,(anonymous_30)
FN:1,(anonymous_31)
FN:1,(anonymous_32)
FN:1,(anonymous_33)
FN:1,a
FN:1,s
FN:1,(anonymous_36)
FN:1,(anonymous_37)
FN:1,(anonymous_38)
FN:1,(anonymous_39)
[...]
BRDA:1,44,0,0
BRDA:1,44,1,0
BRDA:1,45,0,0
BRDA:1,45,1,0
BRDA:1,46,0,0
BRDA:1,46,1,0
BRDA:1,47,0,0
BRDA:1,47,1,0
BRDA:1,48,0,0
BRDA:1,48,1,0
BRDA:1,49,0,0
BRDA:1,49,1,0
BRDA:1,50,0,0
BRDA:1,50,1,0
BRDA:1,51,0,0
BRDA:1,51,1,0
BRDA:1,52,0,0
BRDA:1,52,1,0
BRDA:1,53,0,36
BRDA:1,53,1,84
BRDA:1,54,0,30
BRDA:1,54,1,7
BRDA:1,55,0,30
BRDA:1,55,1,9
BRDA:1,56,0,30
BRDA:1,56,1,9
BRDA:1,57,0,30
BRDA:1,57,1,9
BRDA:1,58,0,0
BRDA:1,58,1,0
BRDA:1,59,0,0
BRDA:1,59,1,0
BRDA:1,60,0,23
BRDA:1,60,1,7
BRDA:1,61,0,23
BRDA:1,61,1,0
BRDA:1,61,2,0
BRDA:1,62,0,0
BRDA:1,62,1,7
BRDA:1,63,0,7
BRDA:1,63,1,7
BRDA:1,63,2,7
BRDA:1,64,0,7
BRDA:1,64,1,0
BRDA:1,65,0,7
BRDA:1,65,1,0
BRDA:1,66,0,7
BRDA:1,66,1,0
BRDA:1,66,2,0
BRDA:1,66,3,0
BRDA:1,67,0,0
BRDA:1,67,1,51
BRDA:1,68,0,0
BRDA:1,68,1,0
BRDA:1,69,0,0
BRDA:1,69,1,0
BRDA:1,70,0,0
BRDA:1,70,1,0
BRDA:1,71,0,35
BRDA:1,71,1,21
BRDA:1,72,0,21
BRDA:1,72,1,0
BRDA:1,73,0,35
BRDA:1,73,1,21
BRDA:1,74,0,7
BRDA:1,74,1,7
BRDA:1,75,0,0
BRDA:1,75,1,0
BRDA:1,75,2,0
BRDA:1,75,3,0
BRDA:1,75,4,0
BRDA:1,75,5,0
BRDA:1,75,6,0
BRDA:1,76,0,2
BRDA:1,76,1,0
BRDA:1,77,0,2
BRDA:1,77,1,2
BRDA:1,78,0,0
BRDA:1,78,1,0
BRDA:1,78,2,0
BRDA:1,78,3,0
BRDA:1,78,4,0
BRDA:1,78,5,0
BRDA:1,78,6,0
BRDA:1,79,0,0
BRDA:1,79,1,0
BRDA:1,80,0,0
BRDA:1,80,1,1
BRDA:1,81,0,1
BRDA:1,81,1,1
BRDA:1,81,2,0
BRDA:1,82,0,0
BRDA:1,82,1,0
BRDA:1,83,0,0
BRDA:1,83,1,0
BRDA:1,84,0,0
BRDA:1,84,1,0
BRDA:1,85,0,0
BRDA:1,85,1,0
BRDA:1,86,0,0
BRDA:1,86,1,0
BRDA:1,87,0,0
BRDA:1,87,1,0
BRDA:1,88,0,2
BRDA:1,88,1,0
BRDA:1,89,0,0
BRDA:1,89,1,2
BRDA:1,90,0,0
BRDA:1,90,1,2
BRDA:1,91,0,0
BRDA:1,91,1,2
BRDA:1,92,0,2
BRDA:1,92,1,2
BRDA:1,93,0,0
BRDA:1,93,1,1
BRDA:1,94,0,1
BRDA:1,94,1,0
BRDA:1,95,0,0
BRDA:1,95,1,0
BRDA:1,96,0,0
BRDA:1,96,1,0
BRDA:1,97,0,0
BRDA:1,97,1,0
BRDA:1,98,0,0
BRDA:1,98,1,0
BRDA:1,99,0,0
BRDA:1,99,1,0
BRDA:1,100,0,0
BRDA:1,100,1,0
BRDA:1,101,0,0
BRDA:1,101,1,0
BRDA:1,102,0,0
BRDA:1,102,1,0
BRDA:1,103,0,0
BRDA:1,103,1,0
BRDA:1,104,0,0
BRDA:1,104,1,0
BRDA:1,105,0,0
BRDA:1,105,1,0
BRDA:1,106,0,0
BRDA:1,106,1,0
BRDA:1,107,0,0
BRDA:1,107,1,0
BRDA:1,108,0,0
BRDA:1,108,1,0
BRDA:1,109,0,0
BRDA:1,109,1,0
BRDA:1,110,0,0
BRDA:1,110,1,0
BRDA:1,111,0,0
BRDA:1,111,1,0
BRDA:1,111,2,0
BRDA:1,112,0,0
BRDA:1,112,1,0
BRDA:1,113,0,0
BRDA:1,113,1,0
BRDA:1,114,0,0
BRDA:1,114,1,0
BRDA:1,115,0,0
BRDA:1,115,1,0
BRDA:1,116,0,0
BRDA:1,116,1,0
BRDA:1,117,0,0
BRDA:1,117,1,0
BRDA:1,118,0,0
BRDA:1,118,1,0
BRDA:1,119,0,0
BRDA:1,119,1,0
BRDA:1,120,0,1
BRDA:1,120,1,0
BRDA:1,121,0,1
BRDA:1,121,1,1
BRDA:1,122,0,0
BRDA:1,122,1,0
BRDA:1,123,0,0
BRDA:1,123,1,0
BRDA:1,124,0,0
BRDA:1,124,1,0
BRDA:1,125,0,0
BRDA:1,125,1,0
BRDA:1,126,0,0
BRDA:1,126,1,0
BRDA:1,127,0,0
BRDA:1,127,1,0
BRDA:1,128,0,0
BRDA:1,128,1,0
BRDA:1,129,0,0
BRDA:1,129,1,0
BRDA:1,130,0,0
BRDA:1,130,1,0
BRDA:1,131,0,0
BRDA:1,131,1,0
BRDA:1,132,0,0
BRDA:1,132,1,0
BRDA:1,133,0,0
BRDA:1,133,1,0
BRDA:1,134,0,0
BRDA:1,134,1,0
BRDA:1,135,0,0
BRDA:1,135,1,0
BRDA:1,135,2,0
BRDA:1,136,0,0
BRDA:1,136,1,0
BRDA:1,137,0,0
BRDA:1,137,1,0
BRDA:1,138,0,0
BRDA:1,138,1,0
BRDA:1,139,0,0
BRDA:1,139,1,0
BRDA:1,140,0,0
BRDA:1,140,1,0
BRDA:1,141,0,0
BRDA:1,141,1,0
BRDA:1,142,0,0
BRDA:1,142,1,0
BRDA:1,143,0,0
BRDA:1,143,1,0
BRDA:1,144,0,0
BRDA:1,144,1,0
BRDA:1,145,0,0
BRDA:1,145,1,0
BRDA:1,146,0,1
BRDA:1,146,1,0
BRDA:1,147,0,0
BRDA:1,147,1,0
BRDA:1,148,0,0
BRDA:1,148,1,1
BRDA:1,149,0,2
BRDA:1,149,1,2
BRDA:1,150,0,0
BRDA:1,150,1,0
BRDA:1,151,0,0
BRDA:1,151,1,0
BRDA:1,152,0,0
BRDA:1,152,1,0
BRDA:1,153,0,0
BRDA:1,153,1,0
BRDA:1,154,0,0
BRDA:1,154,1,0
BRDA:1,155,0,0
BRDA:1,155,1,0
BRDA:1,156,0,0
BRDA:1,156,1,0
BRDA:1,157,0,0
BRDA:1,157,1,0
BRDA:1,158,0,0
BRDA:1,158,1,0
BRDA:1,159,0,0
BRDA:1,159,1,0
BRDA:1,160,0,0
BRDA:1,160,1,0
BRDA:1,161,0,0
BRDA:1,161,1,0
BRDA:1,162,0,0
BRDA:1,162,1,0
BRDA:1,163,0,0
BRDA:1,163,1,0
BRDA:1,164,0,0
BRDA:1,164,1,0
BRDA:1,165,0,8
BRDA:1,165,1,0
BRDA:1,166,0,0
BRDA:1,166,1,0
BRDA:1,167,0,0
BRDA:1,167,1,0
BRDA:1,168,0,0
BRDA:1,168,1,0
BRDA:1,168,2,0
BRDA:1,169,0,0
BRDA:1,169,1,0
BRDA:1,170,0,0
BRDA:1,170,1,0
BRDA:1,171,0,0
BRDA:1,171,1,2
BRDA:1,172,0,0
BRDA:1,172,1,0
BRDA:1,173,0,0
BRDA:1,173,1,0
BRDA:1,174,0,0
BRDA:1,174,1,0
BRDA:1,175,0,0
BRDA:1,175,1,0
BRDA:1,176,0,12
BRDA:1,176,1,0
BRDA:1,177,0,12
BRDA:1,177,1,10
BRDA:1,178,0,16
BRDA:1,178,1,13
BRDA:1,179,0,0
BRDA:1,179,1,21
BRDA:1,180,0,21
BRDA:1,180,1,20
BRDA:1,181,0,0
BRDA:1,181,1,0
BRDA:1,182,0,0
BRDA:1,182,1,0
BRDA:1,183,0,0
BRDA:1,183,1,0
BRDA:1,184,0,0
BRDA:1,184,1,0
BRDA:1,185,0,0
BRDA:1,185,1,0
BRDA:1,186,0,0
BRDA:1,186,1,0
BRDA:1,187,0,0
BRDA:1,187,1,0
BRDA:1,188,0,0
BRDA:1,188,1,0
BRDA:1,189,0,0
BRDA:1,189,1,0
BRDA:1,190,0,0
BRDA:1,190,1,0
BRDA:1,191,0,0
BRDA:1,191,1,0
BRDA:1,192,0,0
BRDA:1,192,1,0
BRDA:1,192,2,0
BRDA:1,193,0,0
BRDA:1,193,1,0
BRDA:1,193,2,0
BRDA:1,194,0,0
BRDA:1,194,1,0
BRDA:1,194,2,0
BRDA:1,194,3,0
BRDA:1,194,4,0
BRDA:1,194,5,0
BRDA:1,195,0,0
BRDA:1,195,1,0
BRDA:1,196,0,0
BRDA:1,196,1,0
BRDA:1,197,0,0
BRDA:1,197,1,0
BRDA:1,198,0,0
BRDA:1,198,1,0
BRDA:1,199,0,0
BRDA:1,199,1,0
BRDA:1,200,0,0
BRDA:1,200,1,0
BRDA:1,201,0,0
BRDA:1,201,1,0
BRDA:1,202,0,1
BRDA:1,202,1,0
BRDA:1,203,0,1
BRDA:1,203,1,0
BRDA:1,204,0,0
BRDA:1,204,1,7
BRDA:1,205,0,7
BRDA:1,205,1,7
BRDA:1,205,2,7
BRDA:1,206,0,0
BRDA:1,206,1,0
BRDA:1,207,0,0
BRDA:1,207,1,0
BRDA:1,208,0,0
BRDA:1,208,1,0
BRDA:1,209,0,0
BRDA:1,209,1,0
BRDA:1,210,0,0
BRDA:1,210,1,0
BRDA:1,211,0,0
BRDA:1,211,1,0
BRDA:1,212,0,0
BRDA:1,212,1,0
BRDA:1,213,0,0
BRDA:1,213,1,0
BRDA:1,214,0,0
BRDA:1,214,1,0
BRDA:1,215,0,0
BRDA:1,215,1,0
BRDA:1,216,0,0
BRDA:1,216,1,0
BRDA:1,217,0,0
BRDA:1,217,1,0
BRDA:1,218,0,0
BRDA:1,218,1,0
BRDA:1,219,0,0
BRDA:1,219,1,0
BRDA:1,220,0,0
BRDA:1,220,1,1
BRDA:1,221,0,0
BRDA:1,221,1,1
BRDA:1,222,0,1
BRDA:1,222,1,1
BRDA:1,223,0,1
BRDA:1,223,1,0
BRDA:1,224,0,1
BRDA:1,224,1,0
BRDA:1,225,0,1
BRDA:1,225,1,0
BRDA:1,226,0,1
BRDA:1,226,1,0
BRDA:1,227,0,0
BRDA:1,227,1,0
BRDA:1,228,0,1
BRDA:1,228,1,0
BRDA:1,229,0,0
BRDA:1,229,1,0
BRDA:1,230,0,1
BRDA:1,230,1,0
BRDA:1,230,2,0
BRDA:1,231,0,0
BRDA:1,231,1,1
BRDA:1,232,0,0
BRDA:1,232,1,0
BRDA:1,233,0,0
BRDA:1,233,1,0
BRDA:1,233,2,0
BRDA:1,233,3,0
BRDA:1,233,4,0
BRDA:1,234,0,0
BRDA:1,234,1,0
BRDA:1,235,0,0
BRDA:1,235,1,0
BRDA:1,236,0,0
BRDA:1,236,1,0
BRDA:1,236,2,0
BRDA:1,237,0,0
BRDA:1,237,1,0
BRDA:1,238,0,0
BRDA:1,238,1,0
BRDA:1,239,0,0
BRDA:1,239,1,0
BRDA:1,240,0,0
BRDA:1,240,1,0
BRDA:1,241,0,0
BRDA:1,241,1,0
BRDA:1,242,0,0
BRDA:1,242,1,0
BRDA:1,243,0,0
BRDA:1,243,1,0
BRDA:1,244,0,0
BRDA:1,244,1,0
BRDA:1,245,0,0
BRDA:1,245,1,0
BRDA:1,246,0,0
BRDA:1,246,1,0
BRDA:1,247,0,0
BRDA:1,247,1,0
BRDA:1,248,0,0
BRDA:1,248,1,0
BRDA:1,249,0,0
BRDA:1,249,1,0
BRDA:1,250,0,0
BRDA:1,250,1,0
BRDA:1,251,0,0
BRDA:1,251,1,0
BRDA:1,252,0,0
BRDA:1,252,1,0
BRDA:1,253,0,0
BRDA:1,253,1,0
BRDA:1,254,0,0
BRDA:1,254,1,0
BRDA:1,255,0,0
BRDA:1,255,1,0
BRDA:1,256,0,0
BRDA:1,256,1,0
BRDA:1,257,0,0
BRDA:1,257,1,0
BRDA:1,258,0,0
BRDA:1,258,1,0
BRDA:1,259,0,0
BRDA:1,259,1,0
BRDA:1,260,0,0
BRDA:1,260,1,0
BRDA:1,261,0,0
BRDA:1,261,1,0
BRDA:1,262,0,0
BRDA:1,262,1,0
BRDA:1,263,0,0
BRDA:1,263,1,0
BRDA:1,264,0,0
BRDA:1,264,1,0
BRDA:1,265,0,0
BRDA:1,265,1,0
BRDA:1,266,0,0
BRDA:1,266,1,0
BRDA:1,267,0,0
BRDA:1,267,1,0
BRDA:1,268,0,0
BRDA:1,268,1,0
BRDA:1,268,2,0
BRDA:1,268,3,0
BRDA:1,269,0,0
BRDA:1,269,1,0
BRDA:1,270,0,0
BRDA:1,270,1,0
BRDA:1,271,0,0
BRDA:1,271,1,0
BRDA:1,272,0,0
BRDA:1,272,1,0
BRDA:1,273,0,0
BRDA:1,273,1,0
BRDA:1,274,0,0
BRDA:1,274,1,0
BRDA:1,275,0,0
BRDA:1,275,1,0
BRDA:1,276,0,0
BRDA:1,276,1,0
BRDA:1,277,0,0
BRDA:1,277,1,0
BRDA:1,278,0,0
BRDA:1,278,1,0
BRDA:1,279,0,0
BRDA:1,279,1,0
BRDA:1,280,0,0
BRDA:1,280,1,0
BRDA:1,281,0,0
BRDA:1,281,1,0
BRDA:1,282,0,0
BRDA:1,282,1,0
BRDA:1,283,0,0
BRDA:1,283,1,0
BRDA:1,284,0,0
BRDA:1,284,1,0
BRDA:1,284,2,0
BRDA:1,284,3,0
BRDA:1,285,0,0
BRDA:1,285,1,0
BRDA:1,286,0,0
BRDA:1,286,1,0
BRDA:1,287,0,0
BRDA:1,287,1,0
BRDA:1,288,0,0
BRDA:1,288,1,0
BRDA:1,289,0,0
BRDA:1,289,1,0
BRDA:1,290,0,0
BRDA:1,290,1,0
BRDA:1,291,0,0
BRDA:1,291,1,0
BRDA:1,292,0,0
BRDA:1,292,1,0
BRDA:1,293,0,0
BRDA:1,293,1,0
BRDA:1,293,2,0
BRDA:1,293,3,0
BRDA:1,294,0,0
BRDA:1,294,1,0
BRDA:1,295,0,0
BRDA:1,295,1,0
BRDA:1,296,0,0
BRDA:1,296,1,0
BRDA:1,297,0,0
BRDA:1,297,1,0
BRDA:1,298,0,0
BRDA:1,298,1,0
BRDA:1,299,0,0
BRDA:1,299,1,0
BRDA:1,300,0,1
BRDA:1,300,1,0
BRDA:1,301,0,0
BRDA:1,301,1,0
BRDA:1,302,0,0
BRDA:1,302,1,0
BRDA:1,303,0,0
BRDA:1,303,1,0
BRDA:1,304,0,0
BRDA:1,304,1,0
BRDA:1,305,0,0
BRDA:1,305,1,0
BRDA:1,306,0,0
BRDA:1,306,1,0
BRDA:1,307,0,0
BRDA:1,307,1,0
BRDA:1,308,0,0
BRDA:1,308,1,0
BRDA:1,309,0,0
BRDA:1,309,1,0
BRDA:1,310,0,0
BRDA:1,310,1,0
BRDA:1,311,0,0
BRDA:1,311,1,0
BRDA:1,312,0,0
BRDA:1,312,1,0
BRDA:1,313,0,0
BRDA:1,313,1,0
BRDA:1,314,0,0
BRDA:1,314,1,0
BRDA:1,315,0,0
BRDA:1,315,1,0
BRDA:1,316,0,0
BRDA:1,316,1,0
BRDA:1,317,0,1
BRDA:1,317,1,1
BRDA:1,317,2,1
BRDA:1,317,3,1
BRDA:1,318,0,1
BRDA:1,318,1,1
BRDA:1,318,2,1
BRDA:1,318,3,1
BRDA:1,319,0,1
BRDA:1,319,1,0
BRDA:1,319,2,0
BRDA:8,320,0,1
BRDA:8,320,1,0
BRDA:8,321,0,0
BRDA:8,321,1,0
BRDA:8,322,0,0
BRDA:8,322,1,0
BRDA:8,323,0,0
BRDA:8,323,1,0
BRDA:8,324,0,0
BRDA:8,324,1,0
BRDA:8,325,0,0
BRDA:8,325,1,0
BRDA:8,326,0,0
BRDA:8,326,1,0
BRDA:8,327,0,0
BRDA:8,327,1,0
BRDA:8,328,0,0
BRDA:8,328,1,0
BRDA:8,329,0,0
BRDA:8,329,1,0
BRDA:8,330,0,0
BRDA:8,330,1,0
BRDA:8,331,0,0
BRDA:8,331,1,0
BRDA:8,332,0,0
BRDA:8,332,1,0
BRDA:8,333,0,0
BRDA:8,333,1,0
BRDA:8,334,0,0
BRDA:8,334,1,0
BRDA:8,335,0,0
BRDA:8,335,1,0
BRDA:8,336,0,0
BRDA:8,336,1,0
BRDA:8,337,0,0
BRDA:8,337,1,0
BRDA:8,338,0,0
BRDA:8,338,1,0
BRDA:8,339,0,0
BRDA:8,339,1,0
BRDA:8,340,0,0
BRDA:8,340,1,0
BRDA:8,340,2,0
BRDA:8,341,0,0
BRDA:8,341,1,0
BRDA:8,342,0,0
BRDA:8,342,1,0
BRDA:8,343,0,0
BRDA:8,343,1,0
BRDA:8,344,0,0
BRDA:8,344,1,0
BRDA:8,345,0,0
BRDA:8,345,1,0
BRDA:8,346,0,0
BRDA:8,346,1,0
BRDA:8,347,0,0
BRDA:8,347,1,0
BRDA:8,347,2,0
BRDA:8,348,0,0
BRDA:8,348,1,0
BRDA:8,349,0,0
BRDA:8,349,1,0
BRDA:8,350,0,0
BRDA:8,350,1,0
BRDA:8,351,0,0
BRDA:8,351,1,0
BRDA:8,352,0,0
BRDA:8,352,1,0
BRDA:8,353,0,0
BRDA:8,353,1,0
BRDA:8,354,0,0
BRDA:8,354,1,0
BRDA:8,355,0,0
BRDA:8,355,1,0
BRDA:8,356,0,0
BRDA:8,356,1,0
BRDA:8,357,0,0
BRDA:8,357,1,0
BRDA:8,358,0,0
BRDA:8,358,1,0
BRDA:8,359,0,0
BRDA:8,359,1,0
BRDA:8,360,0,0
BRDA:8,360,1,0
BRDA:8,360,2,0
BRDA:8,360,3,0
BRDA:8,361,0,0
BRDA:8,361,1,0
BRDA:8,362,0,0
BRDA:8,362,1,0
BRDA:8,363,0,0
BRDA:8,363,1,0
BRDA:8,363,2,0
BRDA:8,363,3,0
BRDA:8,363,4,0
BRDA:8,363,5,0
BRDA:8,363,6,0
BRDA:8,363,7,0
BRDA:8,363,8,0
BRDA:8,363,9,0
BRDA:8,363,10,0
BRDA:8,363,11,0
BRDA:8,363,12,0
BRDA:8,364,0,0
BRDA:8,364,1,0
BRDA:8,365,0,0
BRDA:8,365,1,0
BRDA:8,366,0,0
BRDA:8,366,1,0
BRDA:8,366,2,0
BRDA:8,367,0,0
BRDA:8,367,1,0
BRDA:8,368,0,0
BRDA:8,368,1,0
BRDA:8,368,2,0
BRDA:8,369,0,0
BRDA:8,369,1,0
BRDA:8,370,0,0
BRDA:8,370,1,0
BRDA:8,370,2,0
BRDA:8,370,3,0
BRDA:8,370,4,0
BRDA:8,370,5,0
BRDA:8,370,6,0
BRDA:8,370,7,0
BRDA:8,370,8,0
BRDA:8,370,9,0
BRDA:8,370,10,0
BRDA:8,370,11,0
BRDA:8,371,0,0
BRDA:8,371,1,0
BRDA:8,372,0,0
BRDA:8,372,1,0
BRDA:8,373,0,0
BRDA:8,373,1,0
BRDA:8,374,0,0
BRDA:8,374,1,0
BRDA:8,375,0,0
BRDA:8,375,1,0
BRDA:8,376,0,0
BRDA:8,376,1,0
BRDA:8,377,0,0
BRDA:8,377,1,0
BRDA:8,378,0,0
BRDA:8,378,1,0
BRDA:8,379,0,0
BRDA:8,379,1,0
BRDA:8,380,0,0
BRDA:8,380,1,0
BRDA:8,381,0,0
BRDA:8,381,1,0
BRDA:8,382,0,0
BRDA:8,382,1,0
BRDA:8,383,0,0
BRDA:8,383,1,0
BRDA:8,384,0,0
BRDA:8,384,1,0
BRDA:8,385,0,0
BRDA:8,385,1,0
BRDA:8,386,0,0
BRDA:8,386,1,0
BRDA:8,387,0,0
BRDA:8,387,1,0
BRDA:8,388,0,0
BRDA:8,388,1,0
BRDA:8,389,0,0
BRDA:8,389,1,0
BRDA:8,390,0,0
BRDA:8,390,1,0
BRDA:8,391,0,0
BRDA:8,391,1,0
BRDA:8,391,2,0
BRDA:8,391,3,0
BRDA:8,391,4,0
BRDA:8,392,0,0
BRDA:8,392,1,0
BRDA:8,393,0,0
BRDA:8,393,1,0
BRDA:8,394,0,0
BRDA:8,394,1,0
BRDA:8,395,0,0
BRDA:8,395,1,0
BRDA:8,396,0,0
BRDA:8,396,1,0
BRDA:8,397,0,0
BRDA:8,397,1,0
BRDA:8,398,0,0
BRDA:8,398,1,0
BRDA:8,399,0,0
BRDA:8,399,1,0
BRDA:8,400,0,0
BRDA:8,400,1,0
BRDA:8,401,0,0
BRDA:8,401,1,0
BRDA:8,402,0,0
BRDA:8,402,1,0
BRDA:8,403,0,0
BRDA:8,403,1,0
BRDA:8,404,0,0
BRDA:8,404,1,0
BRDA:8,405,0,0
BRDA:8,405,1,0
BRDA:8,406,0,0
BRDA:8,406,1,0
BRDA:8,407,0,0
BRDA:8,407,1,0
BRDA:8,408,0,0
BRDA:8,408,1,0
BRDA:8,409,0,0
BRDA:8,409,1,0
BRDA:8,410,0,0
BRDA:8,410,1,0
BRDA:8,411,0,0
BRDA:8,411,1,0
BRDA:8,412,0,0
BRDA:8,412,1,0
BRDA:8,413,0,0
BRDA:8,413,1,0
BRDA:8,414,0,0
BRDA:8,414,1,0
BRDA:8,415,0,0
BRDA:8,415,1,0
BRDA:8,416,0,0
BRDA:8,416,1,0
BRDA:8,416,2,0
BRDA:8,416,3,0
BRDA:8,417,0,0
BRDA:8,417,1,0
BRDA:8,418,0,0
BRDA:8,418,1,0
BRDA:8,418,2,0
BRDA:8,419,0,0
BRDA:8,419,1,0
BRDA:8,419,2,0
BRDA:8,419,3,0
BRDA:8,419,4,0
BRDA:8,419,5,0
BRDA:8,420,0,0
BRDA:8,420,1,0
BRDA:8,420,2,0
BRDA:8,420,3,0
BRDA:8,420,4,0
BRDA:8,420,5,0
BRDA:8,421,0,0
BRDA:8,421,1,0
BRDA:8,422,0,0
BRDA:8,422,1,0
BRDA:8,423,0,0
BRDA:8,423,1,0
BRDA:8,424,0,0
BRDA:8,424,1,0
BRDA:8,425,0,0
BRDA:8,425,1,1
BRDA:8,426,0,1
BRDA:8,426,1,1
BRDA:8,426,2,1
BRDA:8,427,0,1
BRDA:8,427,1,1
BRDA:8,428,0,1
BRDA:8,428,1,1
BRDA:8,428,2,1
BRDA:8,428,3,1
BRDA:8,429,0,0
BRDA:8,429,1,0
BRDA:8,430,0,0
BRDA:8,430,1,0
BRDA:8,431,0,0
BRDA:8,431,1,0
BRDA:8,432,0,0
BRDA:8,432,1,0
BRDA:8,433,0,0
BRDA:8,433,1,0
BRDA:8,434,0,0
BRDA:8,434,1,0
BRDA:8,435,0,0
BRDA:8,435,1,0
BRDA:8,436,0,0
BRDA:8,436,1,0
BRDA:8,437,0,0
BRDA:8,437,1,0
BRDA:8,438,0,0
BRDA:8,438,1,0
BRDA:8,439,0,0
BRDA:8,439,1,0
BRDA:8,439,2,0
BRDA:8,439,3,0
BRDA:8,439,4,0
BRDA:8,439,5,0
BRDA:8,439,6,0
BRDA:8,439,7,0
BRDA:8,439,8,0
BRDA:8,439,9,0
BRDA:8,439,10,0
BRDA:8,439,11,0
BRDA:8,440,0,0
BRDA:8,440,1,0
BRDA:8,441,0,0
BRDA:8,441,1,0
BRDA:8,442,0,0
BRDA:8,442,1,0
BRDA:8,443,0,0
BRDA:8,443,1,0
BRDA:8,444,0,0
BRDA:8,444,1,0
BRDA:8,445,0,0
BRDA:8,445,1,0
BRDA:8,446,0,0
BRDA:8,446,1,0
BRDA:8,447,0,0
BRDA:8,447,1,0
BRDA:8,448,0,0
BRDA:8,448,1,0
BRDA:8,449,0,0
BRDA:8,449,1,0
BRDA:8,450,0,0
BRDA:8,450,1,0
BRDA:8,451,0,0
BRDA:8,451,1,0
BRDA:8,452,0,0
BRDA:8,452,1,0
BRDA:8,453,0,0
BRDA:8,453,1,0
BRDA:8,454,0,0
BRDA:8,454,1,0
BRDA:8,455,0,0
BRDA:8,455,1,0
BRDA:8,456,0,0
BRDA:8,456,1,0
BRDA:8,457,0,0
BRDA:8,457,1,0
BRDA:8,458,0,0
BRDA:8,458,1,0
BRDA:8,459,0,0
BRDA:8,459,1,0
BRDA:8,460,0,0
BRDA:8,460,1,0
BRDA:8,460,2,0
BRDA:8,460,3,0
BRDA:8,461,0,0
BRDA:8,461,1,0
BRDA:8,462,0,0
BRDA:8,462,1,0
BRDA:8,463,0,0
BRDA:8,463,1,0
BRDA:8,464,0,0
BRDA:8,464,1,0
BRDA:8,465,0,0
BRDA:8,465,1,0
BRDA:8,466,0,0
BRDA:8,466,1,0
BRDA:8,467,0,0
BRDA:8,467,1,0
BRDA:8,468,0,0
BRDA:8,468,1,0
BRDA:8,469,0,0
BRDA:8,469,1,0
BRDA:8,470,0,0
BRDA:8,470,1,0
BRDA:8,471,0,0
BRDA:8,471,1,0
BRDA:8,472,0,0
BRDA:8,472,1,0
BRDA:8,473,0,0
BRDA:8,473,1,0
BRDA:8,474,0,0
BRDA:8,474,1,0
BRDA:8,475,0,0
BRDA:8,475,1,0
BRDA:8,476,0,0
BRDA:8,476,1,0
BRDA:8,476,2,0
BRDA:8,477,0,0
BRDA:8,477,1,0
BRDA:8,477,2,0
BRDA:8,477,3,0
BRDA:8,478,0,0
BRDA:8,478,1,0
BRDA:8,479,0,0
BRDA:8,479,1,0
BRDA:8,479,2,0
BRDA:8,479,3,0
BRDA:8,479,4,0
BRDA:8,479,5,0
BRDA:8,479,6,0
BRDA:8,479,7,0
BRDA:8,479,8,0
BRDA:8,479,9,0
BRDA:8,479,10,0
BRDA:8,479,11,0
BRDA:8,480,0,0
BRDA:8,480,1,0
BRDA:8,481,0,0
BRDA:8,481,1,0
BRDA:8,482,0,0
BRDA:8,482,1,0
BRDA:8,482,2,0
BRDA:8,483,0,0
BRDA:8,483,1,0
BRDA:8,483,2,0
BRDA:8,483,3,0
BRDA:8,484,0,0
BRDA:8,484,1,0
BRDA:8,485,0,0
BRDA:8,485,1,0
BRDA:8,486,0,0
BRDA:8,486,1,0
BRDA:8,487,0,0
BRDA:8,487,1,0
BRDA:8,488,0,0
BRDA:8,488,1,0
BRDA:8,489,0,0
BRDA:8,489,1,0
BRDA:8,490,0,0
BRDA:8,490,1,0
BRDA:8,491,0,0
BRDA:8,491,1,0
BRDA:8,492,0,0
BRDA:8,492,1,0
BRDA:8,493,0,0
BRDA:8,493,1,0
BRDA:8,494,0,0
BRDA:8,494,1,0
BRDA:8,495,0,0
BRDA:8,495,1,0
BRDA:8,496,0,0
BRDA:8,496,1,0
BRDA:8,497,0,0
BRDA:8,497,1,0
BRDA:8,498,0,0
BRDA:8,498,1,0
BRDA:8,499,0,0
BRDA:8,499,1,0
BRDA:8,500,0,0
BRDA:8,500,1,0
BRDA:8,501,0,0
BRDA:8,501,1,0
BRDA:8,502,0,0
BRDA:8,502,1,0
BRDA:8,503,0,0
BRDA:8,503,1,0
BRDA:8,504,0,0
BRDA:8,504,1,0
BRDA:8,505,0,0
BRDA:8,505,1,0
BRDA:8,506,0,0
BRDA:8,506,1,0
BRDA:8,507,0,0
BRDA:8,507,1,0
BRDA:8,508,0,0
BRDA:8,508,1,0
BRDA:8,509,0,0
BRDA:8,509,1,0
BRDA:8,510,0,0
BRDA:8,510,1,0
BRDA:8,511,0,0
BRDA:8,511,1,0
BRDA:8,512,0,0
BRDA:8,512,1,0
BRDA:8,513,0,0
BRDA:8,513,1,0
BRDA:8,514,0,0
BRDA:8,514,1,0
BRDA:8,515,0,0
BRDA:8,515,1,0
BRDA:8,516,0,0
BRDA:8,516,1,0
BRDA:8,517,0,0
BRDA:8,517,1,0
BRDA:8,518,0,0
BRDA:8,518,1,0
BRDA:8,519,0,0
BRDA:8,519,1,0
BRDA:8,520,0,0
BRDA:8,520,1,0
BRDA:8,521,0,0
BRDA:8,521,1,0
BRDA:8,522,0,0
BRDA:8,522,1,0
BRDA:8,523,0,0
BRDA:8,523,1,0
BRDA:8,524,0,0
BRDA:8,524,1,0
BRDA:8,525,0,0
BRDA:8,525,1,0
BRDA:8,526,0,0
BRDA:8,526,1,0
BRDA:8,527,0,0
BRDA:8,527,1,0
BRDA:8,528,0,0
BRDA:8,528,1,0
BRDA:8,529,0,0
BRDA:8,529,1,0
BRDA:8,530,0,0
BRDA:8,530,1,0
BRDA:8,531,0,0
BRDA:8,531,1,0
BRDA:8,532,0,0
BRDA:8,532,1,0
BRDA:8,533,0,0
BRDA:8,533,1,0
BRDA:8,534,0,0
BRDA:8,534,1,0
BRDA:8,535,0,0
BRDA:8,535,1,0
BRDA:8,536,0,0
BRDA:8,536,1,0
BRDA:8,537,0,0
BRDA:8,537,1,0
BRDA:8,538,0,0
BRDA:8,538,1,0
BRDA:8,539,0,0
BRDA:8,539,1,0
BRDA:8,540,0,0
BRDA:8,540,1,0
BRDA:8,541,0,0
BRDA:8,541,1,0
BRDA:8,542,0,0
BRDA:8,542,1,0
BRDA:8,543,0,0
BRDA:8,543,1,0
BRDA:8,544,0,0
BRDA:8,544,1,0
BRDA:8,545,0,0
BRDA:8,545,1,0
BRDA:8,546,0,0
BRDA:8,546,1,0
BRDA:8,547,0,0
BRDA:8,547,1,0
BRDA:8,548,0,0
BRDA:8,548,1,0
BRDA:8,549,0,0
BRDA:8,549,1,0
BRDA:8,550,0,0
BRDA:8,550,1,0
BRDA:8,551,0,0
BRDA:8,551,1,0
BRDA:8,552,0,0
BRDA:8,552,1,0
BRDA:8,552,2,0
BRDA:8,552,3,0
BRDA:8,553,0,0
BRDA:8,553,1,0
BRDA:8,554,0,0
BRDA:8,554,1,0
BRDA:8,555,0,0
BRDA:8,555,1,0
BRDA:8,555,2,0
BRDA:8,555,3,0
BRDA:8,556,0,0
BRDA:8,556,1,0
BRDA:8,557,0,0
BRDA:8,557,1,0
BRDA:8,558,0,0
BRDA:8,558,1,0
BRDA:8,559,0,0
BRDA:8,559,1,0
BRDA:8,560,0,0
BRDA:8,560,1,0
BRDA:8,561,0,0
BRDA:8,561,1,0
BRDA:8,562,0,0
BRDA:8,562,1,0
BRDA:8,563,0,0
BRDA:8,563,1,0
BRDA:8,564,0,0
BRDA:8,564,1,0
BRDA:8,565,0,0
BRDA:8,565,1,0
BRDA:8,566,0,0
BRDA:8,566,1,0
BRDA:8,567,0,0
BRDA:8,567,1,0
BRDA:8,568,0,0
BRDA:8,568,1,0
BRDA:8,569,0,0
BRDA:8,569,1,0
BRDA:8,570,0,0
BRDA:8,570,1,0
BRDA:8,570,2,0
BRDA:8,571,0,0
BRDA:8,571,1,0
BRDA:8,572,0,0
BRDA:8,572,1,0
BRDA:8,573,0,0
BRDA:8,573,1,0
BRDA:8,573,2,0
BRDA:8,574,0,0
BRDA:8,574,1,0
BRDA:8,575,0,0
BRDA:8,575,1,0
BRDA:8,576,0,0
BRDA:8,576,1,0
BRDA:8,577,0,0
BRDA:8,577,1,0
BRDA:8,578,0,0
BRDA:8,578,1,0
BRDA:8,579,0,0
BRDA:8,579,1,0
BRDA:8,580,0,0
BRDA:8,580,1,0
BRDA:8,581,0,0
BRDA:8,581,1,0
BRDA:8,582,0,0
BRDA:8,582,1,0
BRDA:8,583,0,0
BRDA:8,583,1,0
BRDA:8,583,2,0
BRDA:8,584,0,0
BRDA:8,584,1,0
BRDA:8,585,0,0
BRDA:8,585,1,0
BRDA:8,586,0,0
BRDA:8,586,1,0
BRDA:8,587,0,0
BRDA:8,587,1,0
BRDA:8,588,0,0
BRDA:8,588,1,0
BRDA:8,589,0,0
BRDA:8,589,1,0
BRDA:8,590,0,0
BRDA:8,590,1,0
BRDA:8,591,0,0
BRDA:8,591,1,0
BRDA:8,592,0,0
BRDA:8,592,1,0
BRDA:8,593,0,0
BRDA:8,593,1,0
BRDA:8,594,0,0
BRDA:8,594,1,0
BRDA:8,595,0,0
BRDA:8,595,1,0
BRDA:8,596,0,0
BRDA:8,596,1,0
BRDA:8,597,0,0
BRDA:8,597,1,0
BRDA:8,597,2,0
BRDA:8,598,0,0
BRDA:8,598,1,0
BRDA:8,599,0,0
BRDA:8,599,1,0
BRDA:8,600,0,0
BRDA:8,600,1,0
BRDA:8,601,0,0
BRDA:8,601,1,0
BRDA:8,602,0,0
BRDA:8,602,1,0
BRDA:8,603,0,0
BRDA:8,603,1,0
BRDA:8,604,0,0
BRDA:8,604,1,0
BRDA:8,605,0,0
BRDA:8,605,1,0
BRDA:8,606,0,0
BRDA:8,606,1,0
BRDA:8,607,0,0
BRDA:8,607,1,0
BRDA:8,608,0,0
BRDA:8,608,1,0
BRDA:8,609,0,0
BRDA:8,609,1,0
BRDA:8,610,0,0
BRDA:8,610,1,0
BRDA:8,611,0,0
BRDA:8,611,1,0
BRDA:8,612,0,0
BRDA:8,612,1,0
BRDA:8,613,0,0
BRDA:8,613,1,0
BRDA:8,614,0,0
BRDA:8,614,1,0
BRDA:8,614,2,0
BRDA:8,615,0,0
BRDA:8,615,1,0
BRDA:8,616,0,0
BRDA:8,616,1,0
BRDA:8,617,0,0
BRDA:8,617,1,0
BRDA:8,618,0,0
BRDA:8,618,1,0
BRDA:8,619,0,0
BRDA:8,619,1,0
BRDA:8,620,0,0
BRDA:8,620,1,0
BRDA:8,621,0,0
BRDA:8,621,1,0
BRDA:8,622,0,0
BRDA:8,622,1,0
BRDA:8,623,0,0
BRDA:8,623,1,0
BRDA:8,624,0,0
BRDA:8,624,1,0
BRDA:8,625,0,0
BRDA:8,625,1,0
BRDA:8,626,0,0
BRDA:8,626,1,0
BRDA:8,627,0,0
BRDA:8,627,1,0
BRDA:8,628,0,0
BRDA:8,628,1,0
BRDA:8,629,0,0
BRDA:8,629,1,0
BRDA:8,630,0,0
BRDA:8,630,1,0
BRDA:8,631,0,0
BRDA:8,631,1,0
BRDA:8,632,0,0
BRDA:8,632,1,0
BRDA:8,633,0,0
BRDA:8,633,1,0
BRDA:8,634,0,0
BRDA:8,634,1,0
BRDA:8,635,0,0
BRDA:8,635,1,0
BRDA:8,636,0,0
BRDA:8,636,1,0
BRDA:8,637,0,0
BRDA:8,637,1,0
BRDA:8,638,0,0
BRDA:8,638,1,0
BRDA:8,639,0,0
BRDA:8,639,1,0
BRDA:8,640,0,0
BRDA:8,640,1,0
BRDA:8,641,0,0
BRDA:8,641,1,0
BRDA:8,642,0,0
BRDA:8,642,1,0
BRDA:8,643,0,0
BRDA:8,643,1,0
BRDA:8,644,0,0
BRDA:8,644,1,0
BRDA:8,645,0,0
BRDA:8,645,1,0
BRDA:8,646,0,0
BRDA:8,646,1,0
BRDA:8,646,2,0
BRDA:8,647,0,1
BRDA:8,647,1,0
BRDA:8,648,0,1
BRDA:8,648,1,10
BRDA:8,649,0,4
BRDA:8,649,1,6
BRDA:8,650,0,0
BRDA:8,650,1,6
BRF:1432
BRH:148
end_of_record
